CRITICAL - 2021-01-23 06:46:05 --> password_verify() expects exactly 2 parameters, 3 given
#0 [internal function]: CodeIgniter\Debug\Exceptions->errorHandler(2, 'password_verify...', 'D:\\Project\\Code...', 69, Array)
#1 D:\Project\Codeigniter\sekolah\app\Controllers\Login.php(69): password_verify('123', '$2y$10$RqZWbUjw...', false)
#2 D:\Project\Codeigniter\sekolah\system\CodeIgniter.php(918): App\Controllers\Login->validasi()
#3 D:\Project\Codeigniter\sekolah\system\CodeIgniter.php(404): CodeIgniter\CodeIgniter->runController(Object(App\Controllers\Login))
#4 D:\Project\Codeigniter\sekolah\system\CodeIgniter.php(312): CodeIgniter\CodeIgniter->handleRequest(NULL, Object(Config\Cache), false)
#5 D:\Project\Codeigniter\sekolah\public\index.php(45): CodeIgniter\CodeIgniter->run()
#6 D:\Project\Codeigniter\sekolah\system\Commands\Server\rewrite.php(34): require_once('D:\\Project\\Code...')
#7 {main}
CRITICAL - 2021-01-23 06:46:23 --> password_verify() expects exactly 2 parameters, 3 given
#0 [internal function]: CodeIgniter\Debug\Exceptions->errorHandler(2, 'password_verify...', 'D:\\Project\\Code...', 69, Array)
#1 D:\Project\Codeigniter\sekolah\app\Controllers\Login.php(69): password_verify('123', '$2y$10$RqZWbUjw...', true)
#2 D:\Project\Codeigniter\sekolah\system\CodeIgniter.php(918): App\Controllers\Login->validasi()
#3 D:\Project\Codeigniter\sekolah\system\CodeIgniter.php(404): CodeIgniter\CodeIgniter->runController(Object(App\Controllers\Login))
#4 D:\Project\Codeigniter\sekolah\system\CodeIgniter.php(312): CodeIgniter\CodeIgniter->handleRequest(NULL, Object(Config\Cache), false)
#5 D:\Project\Codeigniter\sekolah\public\index.php(45): CodeIgniter\CodeIgniter->run()
#6 D:\Project\Codeigniter\sekolah\system\Commands\Server\rewrite.php(34): require_once('D:\\Project\\Code...')
#7 {main}
CRITICAL - 2021-01-23 06:46:50 --> password_verify() expects exactly 2 parameters, 3 given
#0 [internal function]: CodeIgniter\Debug\Exceptions->errorHandler(2, 'password_verify...', 'D:\\Project\\Code...', 69, Array)
#1 D:\Project\Codeigniter\sekolah\app\Controllers\Login.php(69): password_verify('123', '$2y$10$RqZWbUjw...', false)
#2 D:\Project\Codeigniter\sekolah\system\CodeIgniter.php(918): App\Controllers\Login->validasi()
#3 D:\Project\Codeigniter\sekolah\system\CodeIgniter.php(404): CodeIgniter\CodeIgniter->runController(Object(App\Controllers\Login))
#4 D:\Project\Codeigniter\sekolah\system\CodeIgniter.php(312): CodeIgniter\CodeIgniter->handleRequest(NULL, Object(Config\Cache), false)
#5 D:\Project\Codeigniter\sekolah\public\index.php(45): CodeIgniter\CodeIgniter->run()
#6 D:\Project\Codeigniter\sekolah\system\Commands\Server\rewrite.php(34): require_once('D:\\Project\\Code...')
#7 {main}
CRITICAL - 2021-01-23 06:47:06 --> password_verify() expects exactly 2 parameters, 3 given
#0 [internal function]: CodeIgniter\Debug\Exceptions->errorHandler(2, 'password_verify...', 'D:\\Project\\Code...', 69, Array)
#1 D:\Project\Codeigniter\sekolah\app\Controllers\Login.php(69): password_verify('123', '$2y$10$RqZWbUjw...', false)
#2 D:\Project\Codeigniter\sekolah\system\CodeIgniter.php(918): App\Controllers\Login->validasi()
#3 D:\Project\Codeigniter\sekolah\system\CodeIgniter.php(404): CodeIgniter\CodeIgniter->runController(Object(App\Controllers\Login))
#4 D:\Project\Codeigniter\sekolah\system\CodeIgniter.php(312): CodeIgniter\CodeIgniter->handleRequest(NULL, Object(Config\Cache), false)
#5 D:\Project\Codeigniter\sekolah\public\index.php(45): CodeIgniter\CodeIgniter->run()
#6 D:\Project\Codeigniter\sekolah\system\Commands\Server\rewrite.php(34): require_once('D:\\Project\\Code...')
#7 {main}
CRITICAL - 2021-01-23 06:47:09 --> password_verify() expects exactly 2 parameters, 3 given
#0 [internal function]: CodeIgniter\Debug\Exceptions->errorHandler(2, 'password_verify...', 'D:\\Project\\Code...', 69, Array)
#1 D:\Project\Codeigniter\sekolah\app\Controllers\Login.php(69): password_verify('123', '$2y$10$RqZWbUjw...', true)
#2 D:\Project\Codeigniter\sekolah\system\CodeIgniter.php(918): App\Controllers\Login->validasi()
#3 D:\Project\Codeigniter\sekolah\system\CodeIgniter.php(404): CodeIgniter\CodeIgniter->runController(Object(App\Controllers\Login))
#4 D:\Project\Codeigniter\sekolah\system\CodeIgniter.php(312): CodeIgniter\CodeIgniter->handleRequest(NULL, Object(Config\Cache), false)
#5 D:\Project\Codeigniter\sekolah\public\index.php(45): CodeIgniter\CodeIgniter->run()
#6 D:\Project\Codeigniter\sekolah\system\Commands\Server\rewrite.php(34): require_once('D:\\Project\\Code...')
#7 {main}
CRITICAL - 2021-01-23 06:47:34 --> password_verify() expects exactly 2 parameters, 3 given
#0 [internal function]: CodeIgniter\Debug\Exceptions->errorHandler(2, 'password_verify...', 'D:\\Project\\Code...', 69, Array)
#1 D:\Project\Codeigniter\sekolah\app\Controllers\Login.php(69): password_verify('123', '$2y$10$RqZWbUjw...', false)
#2 D:\Project\Codeigniter\sekolah\system\CodeIgniter.php(918): App\Controllers\Login->validasi()
#3 D:\Project\Codeigniter\sekolah\system\CodeIgniter.php(404): CodeIgniter\CodeIgniter->runController(Object(App\Controllers\Login))
#4 D:\Project\Codeigniter\sekolah\system\CodeIgniter.php(312): CodeIgniter\CodeIgniter->handleRequest(NULL, Object(Config\Cache), false)
#5 D:\Project\Codeigniter\sekolah\public\index.php(45): CodeIgniter\CodeIgniter->run()
#6 D:\Project\Codeigniter\sekolah\system\Commands\Server\rewrite.php(34): require_once('D:\\Project\\Code...')
#7 {main}
CRITICAL - 2021-01-23 06:47:38 --> password_verify() expects exactly 2 parameters, 3 given
#0 [internal function]: CodeIgniter\Debug\Exceptions->errorHandler(2, 'password_verify...', 'D:\\Project\\Code...', 69, Array)
#1 D:\Project\Codeigniter\sekolah\app\Controllers\Login.php(69): password_verify('123', '$2y$10$RqZWbUjw...', true)
#2 D:\Project\Codeigniter\sekolah\system\CodeIgniter.php(918): App\Controllers\Login->validasi()
#3 D:\Project\Codeigniter\sekolah\system\CodeIgniter.php(404): CodeIgniter\CodeIgniter->runController(Object(App\Controllers\Login))
#4 D:\Project\Codeigniter\sekolah\system\CodeIgniter.php(312): CodeIgniter\CodeIgniter->handleRequest(NULL, Object(Config\Cache), false)
#5 D:\Project\Codeigniter\sekolah\public\index.php(45): CodeIgniter\CodeIgniter->run()
#6 D:\Project\Codeigniter\sekolah\system\Commands\Server\rewrite.php(34): require_once('D:\\Project\\Code...')
#7 {main}
CRITICAL - 2021-01-23 06:47:45 --> password_verify() expects exactly 2 parameters, 3 given
#0 [internal function]: CodeIgniter\Debug\Exceptions->errorHandler(2, 'password_verify...', 'D:\\Project\\Code...', 69, Array)
#1 D:\Project\Codeigniter\sekolah\app\Controllers\Login.php(69): password_verify('123', '$2y$10$RqZWbUjw...', true)
#2 D:\Project\Codeigniter\sekolah\system\CodeIgniter.php(918): App\Controllers\Login->validasi()
#3 D:\Project\Codeigniter\sekolah\system\CodeIgniter.php(404): CodeIgniter\CodeIgniter->runController(Object(App\Controllers\Login))
#4 D:\Project\Codeigniter\sekolah\system\CodeIgniter.php(312): CodeIgniter\CodeIgniter->handleRequest(NULL, Object(Config\Cache), false)
#5 D:\Project\Codeigniter\sekolah\public\index.php(45): CodeIgniter\CodeIgniter->run()
#6 D:\Project\Codeigniter\sekolah\system\Commands\Server\rewrite.php(34): require_once('D:\\Project\\Code...')
#7 {main}
CRITICAL - 2021-01-23 06:55:56 --> count(): Parameter must be an array or an object that implements Countable
#0 [internal function]: CodeIgniter\Debug\Exceptions->errorHandler(2, 'count(): Parame...', 'D:\\Project\\Code...', 65, Array)
#1 D:\Project\Codeigniter\sekolah\app\Controllers\Login.php(65): count(Object(stdClass))
#2 D:\Project\Codeigniter\sekolah\system\CodeIgniter.php(918): App\Controllers\Login->validasi()
#3 D:\Project\Codeigniter\sekolah\system\CodeIgniter.php(404): CodeIgniter\CodeIgniter->runController(Object(App\Controllers\Login))
#4 D:\Project\Codeigniter\sekolah\system\CodeIgniter.php(312): CodeIgniter\CodeIgniter->handleRequest(NULL, Object(Config\Cache), false)
#5 D:\Project\Codeigniter\sekolah\public\index.php(45): CodeIgniter\CodeIgniter->run()
#6 D:\Project\Codeigniter\sekolah\system\Commands\Server\rewrite.php(34): require_once('D:\\Project\\Code...')
#7 {main}
CRITICAL - 2021-01-23 07:12:24 --> password_verify() expects parameter 2 to be string, object given
#0 [internal function]: CodeIgniter\Debug\Exceptions->errorHandler(2, 'password_verify...', 'D:\\Project\\Code...', 70, Array)
#1 D:\Project\Codeigniter\sekolah\app\Controllers\Login.php(70): password_verify('123', Object(stdClass))
#2 D:\Project\Codeigniter\sekolah\system\CodeIgniter.php(918): App\Controllers\Login->validasi()
#3 D:\Project\Codeigniter\sekolah\system\CodeIgniter.php(404): CodeIgniter\CodeIgniter->runController(Object(App\Controllers\Login))
#4 D:\Project\Codeigniter\sekolah\system\CodeIgniter.php(312): CodeIgniter\CodeIgniter->handleRequest(NULL, Object(Config\Cache), false)
#5 D:\Project\Codeigniter\sekolah\public\index.php(45): CodeIgniter\CodeIgniter->run()
#6 D:\Project\Codeigniter\sekolah\system\Commands\Server\rewrite.php(34): require_once('D:\\Project\\Code...')
#7 {main}
CRITICAL - 2021-01-23 07:16:42 --> Undefined variable: msg
#0 D:\Project\Codeigniter\sekolah\app\Controllers\Login.php(104): CodeIgniter\Debug\Exceptions->errorHandler(8, 'Undefined varia...', 'D:\\Project\\Code...', 104, Array)
#1 D:\Project\Codeigniter\sekolah\system\CodeIgniter.php(918): App\Controllers\Login->validasi()
#2 D:\Project\Codeigniter\sekolah\system\CodeIgniter.php(404): CodeIgniter\CodeIgniter->runController(Object(App\Controllers\Login))
#3 D:\Project\Codeigniter\sekolah\system\CodeIgniter.php(312): CodeIgniter\CodeIgniter->handleRequest(NULL, Object(Config\Cache), false)
#4 D:\Project\Codeigniter\sekolah\public\index.php(45): CodeIgniter\CodeIgniter->run()
#5 D:\Project\Codeigniter\sekolah\system\Commands\Server\rewrite.php(34): require_once('D:\\Project\\Code...')
#6 {main}
CRITICAL - 2021-01-23 07:17:07 --> Undefined variable: msg
#0 D:\Project\Codeigniter\sekolah\app\Controllers\Login.php(104): CodeIgniter\Debug\Exceptions->errorHandler(8, 'Undefined varia...', 'D:\\Project\\Code...', 104, Array)
#1 D:\Project\Codeigniter\sekolah\system\CodeIgniter.php(918): App\Controllers\Login->validasi()
#2 D:\Project\Codeigniter\sekolah\system\CodeIgniter.php(404): CodeIgniter\CodeIgniter->runController(Object(App\Controllers\Login))
#3 D:\Project\Codeigniter\sekolah\system\CodeIgniter.php(312): CodeIgniter\CodeIgniter->handleRequest(NULL, Object(Config\Cache), false)
#4 D:\Project\Codeigniter\sekolah\public\index.php(45): CodeIgniter\CodeIgniter->run()
#5 D:\Project\Codeigniter\sekolah\system\Commands\Server\rewrite.php(34): require_once('D:\\Project\\Code...')
#6 {main}
CRITICAL - 2021-01-23 07:37:32 --> Undefined index: berita_id
#0 D:\Project\Codeigniter\sekolah\app\Views\auth\user\list.php(33): CodeIgniter\Debug\Exceptions->errorHandler(8, 'Undefined index...', 'D:\\Project\\Code...', 33, Array)
#1 D:\Project\Codeigniter\sekolah\system\View\View.php(246): include('D:\\Project\\Code...')
#2 D:\Project\Codeigniter\sekolah\system\Common.php(1119): CodeIgniter\View\View->render('auth/user/list', Array, true)
#3 D:\Project\Codeigniter\sekolah\app\Controllers\Konfigurasi.php(297): view('auth/user/list', Array)
#4 D:\Project\Codeigniter\sekolah\system\CodeIgniter.php(918): App\Controllers\Konfigurasi->getuser()
#5 D:\Project\Codeigniter\sekolah\system\CodeIgniter.php(404): CodeIgniter\CodeIgniter->runController(Object(App\Controllers\Konfigurasi))
#6 D:\Project\Codeigniter\sekolah\system\CodeIgniter.php(312): CodeIgniter\CodeIgniter->handleRequest(NULL, Object(Config\Cache), false)
#7 D:\Project\Codeigniter\sekolah\public\index.php(45): CodeIgniter\CodeIgniter->run()
#8 D:\Project\Codeigniter\sekolah\system\Commands\Server\rewrite.php(34): require_once('D:\\Project\\Code...')
#9 {main}
CRITICAL - 2021-01-23 07:41:10 --> Undefined index: status
#0 D:\Project\Codeigniter\sekolah\app\Views\auth\user\list.php(41): CodeIgniter\Debug\Exceptions->errorHandler(8, 'Undefined index...', 'D:\\Project\\Code...', 41, Array)
#1 D:\Project\Codeigniter\sekolah\system\View\View.php(246): include('D:\\Project\\Code...')
#2 D:\Project\Codeigniter\sekolah\system\Common.php(1119): CodeIgniter\View\View->render('auth/user/list', Array, true)
#3 D:\Project\Codeigniter\sekolah\app\Controllers\Konfigurasi.php(297): view('auth/user/list', Array)
#4 D:\Project\Codeigniter\sekolah\system\CodeIgniter.php(918): App\Controllers\Konfigurasi->getuser()
#5 D:\Project\Codeigniter\sekolah\system\CodeIgniter.php(404): CodeIgniter\CodeIgniter->runController(Object(App\Controllers\Konfigurasi))
#6 D:\Project\Codeigniter\sekolah\system\CodeIgniter.php(312): CodeIgniter\CodeIgniter->handleRequest(NULL, Object(Config\Cache), false)
#7 D:\Project\Codeigniter\sekolah\public\index.php(45): CodeIgniter\CodeIgniter->run()
#8 D:\Project\Codeigniter\sekolah\system\Commands\Server\rewrite.php(34): require_once('D:\\Project\\Code...')
#9 {main}
CRITICAL - 2021-01-23 07:41:30 --> Undefined index: status
#0 D:\Project\Codeigniter\sekolah\app\Views\auth\user\list.php(43): CodeIgniter\Debug\Exceptions->errorHandler(8, 'Undefined index...', 'D:\\Project\\Code...', 43, Array)
#1 D:\Project\Codeigniter\sekolah\system\View\View.php(246): include('D:\\Project\\Code...')
#2 D:\Project\Codeigniter\sekolah\system\Common.php(1119): CodeIgniter\View\View->render('auth/user/list', Array, true)
#3 D:\Project\Codeigniter\sekolah\app\Controllers\Konfigurasi.php(297): view('auth/user/list', Array)
#4 D:\Project\Codeigniter\sekolah\system\CodeIgniter.php(918): App\Controllers\Konfigurasi->getuser()
#5 D:\Project\Codeigniter\sekolah\system\CodeIgniter.php(404): CodeIgniter\CodeIgniter->runController(Object(App\Controllers\Konfigurasi))
#6 D:\Project\Codeigniter\sekolah\system\CodeIgniter.php(312): CodeIgniter\CodeIgniter->handleRequest(NULL, Object(Config\Cache), false)
#7 D:\Project\Codeigniter\sekolah\public\index.php(45): CodeIgniter\CodeIgniter->run()
#8 D:\Project\Codeigniter\sekolah\system\Commands\Server\rewrite.php(34): require_once('D:\\Project\\Code...')
#9 {main}
CRITICAL - 2021-01-23 07:44:33 --> Undefined index: gambar
#0 D:\Project\Codeigniter\sekolah\app\Views\auth\berita\upload.php(15): CodeIgniter\Debug\Exceptions->errorHandler(8, 'Undefined index...', 'D:\\Project\\Code...', 15, Array)
#1 D:\Project\Codeigniter\sekolah\system\View\View.php(246): include('D:\\Project\\Code...')
#2 D:\Project\Codeigniter\sekolah\system\Common.php(1119): CodeIgniter\View\View->render('auth/berita/upl...', Array, true)
#3 D:\Project\Codeigniter\sekolah\app\Controllers\Berita.php(250): view('auth/berita/upl...', Array)
#4 D:\Project\Codeigniter\sekolah\system\CodeIgniter.php(918): App\Controllers\Berita->formupload()
#5 D:\Project\Codeigniter\sekolah\system\CodeIgniter.php(404): CodeIgniter\CodeIgniter->runController(Object(App\Controllers\Berita))
#6 D:\Project\Codeigniter\sekolah\system\CodeIgniter.php(312): CodeIgniter\CodeIgniter->handleRequest(NULL, Object(Config\Cache), false)
#7 D:\Project\Codeigniter\sekolah\public\index.php(45): CodeIgniter\CodeIgniter->run()
#8 D:\Project\Codeigniter\sekolah\system\Commands\Server\rewrite.php(34): require_once('D:\\Project\\Code...')
#9 {main}
CRITICAL - 2021-01-23 07:45:06 --> Undefined index: gambar
#0 D:\Project\Codeigniter\sekolah\app\Views\auth\berita\upload.php(15): CodeIgniter\Debug\Exceptions->errorHandler(8, 'Undefined index...', 'D:\\Project\\Code...', 15, Array)
#1 D:\Project\Codeigniter\sekolah\system\View\View.php(246): include('D:\\Project\\Code...')
#2 D:\Project\Codeigniter\sekolah\system\Common.php(1119): CodeIgniter\View\View->render('auth/berita/upl...', Array, true)
#3 D:\Project\Codeigniter\sekolah\app\Controllers\Berita.php(250): view('auth/berita/upl...', Array)
#4 D:\Project\Codeigniter\sekolah\system\CodeIgniter.php(918): App\Controllers\Berita->formupload()
#5 D:\Project\Codeigniter\sekolah\system\CodeIgniter.php(404): CodeIgniter\CodeIgniter->runController(Object(App\Controllers\Berita))
#6 D:\Project\Codeigniter\sekolah\system\CodeIgniter.php(312): CodeIgniter\CodeIgniter->handleRequest(NULL, Object(Config\Cache), false)
#7 D:\Project\Codeigniter\sekolah\public\index.php(45): CodeIgniter\CodeIgniter->run()
#8 D:\Project\Codeigniter\sekolah\system\Commands\Server\rewrite.php(34): require_once('D:\\Project\\Code...')
#9 {main}
CRITICAL - 2021-01-23 07:45:07 --> Undefined index: gambar
#0 D:\Project\Codeigniter\sekolah\app\Views\auth\berita\upload.php(15): CodeIgniter\Debug\Exceptions->errorHandler(8, 'Undefined index...', 'D:\\Project\\Code...', 15, Array)
#1 D:\Project\Codeigniter\sekolah\system\View\View.php(246): include('D:\\Project\\Code...')
#2 D:\Project\Codeigniter\sekolah\system\Common.php(1119): CodeIgniter\View\View->render('auth/berita/upl...', Array, true)
#3 D:\Project\Codeigniter\sekolah\app\Controllers\Berita.php(250): view('auth/berita/upl...', Array)
#4 D:\Project\Codeigniter\sekolah\system\CodeIgniter.php(918): App\Controllers\Berita->formupload()
#5 D:\Project\Codeigniter\sekolah\system\CodeIgniter.php(404): CodeIgniter\CodeIgniter->runController(Object(App\Controllers\Berita))
#6 D:\Project\Codeigniter\sekolah\system\CodeIgniter.php(312): CodeIgniter\CodeIgniter->handleRequest(NULL, Object(Config\Cache), false)
#7 D:\Project\Codeigniter\sekolah\public\index.php(45): CodeIgniter\CodeIgniter->run()
#8 D:\Project\Codeigniter\sekolah\system\Commands\Server\rewrite.php(34): require_once('D:\\Project\\Code...')
#9 {main}
CRITICAL - 2021-01-23 07:55:09 --> Undefined variable: kategori
#0 D:\Project\Codeigniter\sekolah\app\Views\auth\user\tambah.php(25): CodeIgniter\Debug\Exceptions->errorHandler(8, 'Undefined varia...', 'D:\\Project\\Code...', 25, Array)
#1 D:\Project\Codeigniter\sekolah\system\View\View.php(246): include('D:\\Project\\Code...')
#2 D:\Project\Codeigniter\sekolah\system\Common.php(1119): CodeIgniter\View\View->render('auth/user/tamba...', Array, true)
#3 D:\Project\Codeigniter\sekolah\app\Controllers\Konfigurasi.php(310): view('auth/user/tamba...', Array)
#4 D:\Project\Codeigniter\sekolah\system\CodeIgniter.php(918): App\Controllers\Konfigurasi->formuser()
#5 D:\Project\Codeigniter\sekolah\system\CodeIgniter.php(404): CodeIgniter\CodeIgniter->runController(Object(App\Controllers\Konfigurasi))
#6 D:\Project\Codeigniter\sekolah\system\CodeIgniter.php(312): CodeIgniter\CodeIgniter->handleRequest(NULL, Object(Config\Cache), false)
#7 D:\Project\Codeigniter\sekolah\public\index.php(45): CodeIgniter\CodeIgniter->run()
#8 D:\Project\Codeigniter\sekolah\system\Commands\Server\rewrite.php(34): require_once('D:\\Project\\Code...')
#9 {main}
CRITICAL - 2021-01-23 07:57:17 --> Undefined index: gambar
#0 D:\Project\Codeigniter\sekolah\app\Controllers\Konfigurasi.php(440): CodeIgniter\Debug\Exceptions->errorHandler(8, 'Undefined index...', 'D:\\Project\\Code...', 440, Array)
#1 D:\Project\Codeigniter\sekolah\system\CodeIgniter.php(918): App\Controllers\Konfigurasi->hapusalluser()
#2 D:\Project\Codeigniter\sekolah\system\CodeIgniter.php(404): CodeIgniter\CodeIgniter->runController(Object(App\Controllers\Konfigurasi))
#3 D:\Project\Codeigniter\sekolah\system\CodeIgniter.php(312): CodeIgniter\CodeIgniter->handleRequest(NULL, Object(Config\Cache), false)
#4 D:\Project\Codeigniter\sekolah\public\index.php(45): CodeIgniter\CodeIgniter->run()
#5 D:\Project\Codeigniter\sekolah\system\Commands\Server\rewrite.php(34): require_once('D:\\Project\\Code...')
#6 {main}
CRITICAL - 2021-01-23 08:11:42 --> Invalid file: auth/user/upload.php
#0 D:\Project\Codeigniter\sekolah\system\View\View.php(228): CodeIgniter\Exceptions\FrameworkException::forInvalidFile('auth/user/uploa...')
#1 D:\Project\Codeigniter\sekolah\system\Common.php(1119): CodeIgniter\View\View->render('auth/user/uploa...', Array, true)
#2 D:\Project\Codeigniter\sekolah\app\Controllers\Konfigurasi.php(547): view('auth/user/uploa...', Array)
#3 D:\Project\Codeigniter\sekolah\system\CodeIgniter.php(918): App\Controllers\Konfigurasi->formuploaduser()
#4 D:\Project\Codeigniter\sekolah\system\CodeIgniter.php(404): CodeIgniter\CodeIgniter->runController(Object(App\Controllers\Konfigurasi))
#5 D:\Project\Codeigniter\sekolah\system\CodeIgniter.php(312): CodeIgniter\CodeIgniter->handleRequest(NULL, Object(Config\Cache), false)
#6 D:\Project\Codeigniter\sekolah\public\index.php(45): CodeIgniter\CodeIgniter->run()
#7 D:\Project\Codeigniter\sekolah\system\Commands\Server\rewrite.php(34): require_once('D:\\Project\\Code...')
#8 {main}
CRITICAL - 2021-01-23 08:20:20 --> Invalid file: auth/user/upload.php
#0 D:\Project\Codeigniter\sekolah\system\View\View.php(228): CodeIgniter\Exceptions\FrameworkException::forInvalidFile('auth/user/uploa...')
#1 D:\Project\Codeigniter\sekolah\system\Common.php(1119): CodeIgniter\View\View->render('auth/user/uploa...', Array, true)
#2 D:\Project\Codeigniter\sekolah\app\Controllers\Konfigurasi.php(548): view('auth/user/uploa...', Array)
#3 D:\Project\Codeigniter\sekolah\system\CodeIgniter.php(918): App\Controllers\Konfigurasi->formuploaduser()
#4 D:\Project\Codeigniter\sekolah\system\CodeIgniter.php(404): CodeIgniter\CodeIgniter->runController(Object(App\Controllers\Konfigurasi))
#5 D:\Project\Codeigniter\sekolah\system\CodeIgniter.php(312): CodeIgniter\CodeIgniter->handleRequest(NULL, Object(Config\Cache), false)
#6 D:\Project\Codeigniter\sekolah\public\index.php(45): CodeIgniter\CodeIgniter->run()
#7 D:\Project\Codeigniter\sekolah\system\Commands\Server\rewrite.php(34): require_once('D:\\Project\\Code...')
#8 {main}
CRITICAL - 2021-01-23 08:20:24 --> Invalid file: auth/user/upload.php
#0 D:\Project\Codeigniter\sekolah\system\View\View.php(228): CodeIgniter\Exceptions\FrameworkException::forInvalidFile('auth/user/uploa...')
#1 D:\Project\Codeigniter\sekolah\system\Common.php(1119): CodeIgniter\View\View->render('auth/user/uploa...', Array, true)
#2 D:\Project\Codeigniter\sekolah\app\Controllers\Konfigurasi.php(548): view('auth/user/uploa...', Array)
#3 D:\Project\Codeigniter\sekolah\system\CodeIgniter.php(918): App\Controllers\Konfigurasi->formuploaduser()
#4 D:\Project\Codeigniter\sekolah\system\CodeIgniter.php(404): CodeIgniter\CodeIgniter->runController(Object(App\Controllers\Konfigurasi))
#5 D:\Project\Codeigniter\sekolah\system\CodeIgniter.php(312): CodeIgniter\CodeIgniter->handleRequest(NULL, Object(Config\Cache), false)
#6 D:\Project\Codeigniter\sekolah\public\index.php(45): CodeIgniter\CodeIgniter->run()
#7 D:\Project\Codeigniter\sekolah\system\Commands\Server\rewrite.php(34): require_once('D:\\Project\\Code...')
#8 {main}
CRITICAL - 2021-01-23 08:22:39 --> You must use the "set" method to update an entry.
#0 D:\Project\Codeigniter\sekolah\system\Database\BaseBuilder.php(2430): CodeIgniter\Database\BaseBuilder->validateUpdate()
#1 D:\Project\Codeigniter\sekolah\system\Model.php(889): CodeIgniter\Database\BaseBuilder->update()
#2 D:\Project\Codeigniter\sekolah\app\Controllers\Konfigurasi.php(594): CodeIgniter\Model->update(Array, Array)
#3 D:\Project\Codeigniter\sekolah\system\CodeIgniter.php(918): App\Controllers\Konfigurasi->douploaduser()
#4 D:\Project\Codeigniter\sekolah\system\CodeIgniter.php(404): CodeIgniter\CodeIgniter->runController(Object(App\Controllers\Konfigurasi))
#5 D:\Project\Codeigniter\sekolah\system\CodeIgniter.php(312): CodeIgniter\CodeIgniter->handleRequest(NULL, Object(Config\Cache), false)
#6 D:\Project\Codeigniter\sekolah\public\index.php(45): CodeIgniter\CodeIgniter->run()
#7 D:\Project\Codeigniter\sekolah\system\Commands\Server\rewrite.php(34): require_once('D:\\Project\\Code...')
#8 {main}
CRITICAL - 2021-01-23 08:57:21 --> Illegal string offset 'active'
#0 D:\Project\Codeigniter\sekolah\app\Views\auth\user\edit.php(57): CodeIgniter\Debug\Exceptions->errorHandler(2, 'Illegal string ...', 'D:\\Project\\Code...', 57, Array)
#1 D:\Project\Codeigniter\sekolah\system\View\View.php(246): include('D:\\Project\\Code...')
#2 D:\Project\Codeigniter\sekolah\system\Common.php(1119): CodeIgniter\View\View->render('auth/user/edit', Array, true)
#3 D:\Project\Codeigniter\sekolah\app\Controllers\Konfigurasi.php(406): view('auth/user/edit', Array)
#4 D:\Project\Codeigniter\sekolah\system\CodeIgniter.php(918): App\Controllers\Konfigurasi->formedituser()
#5 D:\Project\Codeigniter\sekolah\system\CodeIgniter.php(404): CodeIgniter\CodeIgniter->runController(Object(App\Controllers\Konfigurasi))
#6 D:\Project\Codeigniter\sekolah\system\CodeIgniter.php(312): CodeIgniter\CodeIgniter->handleRequest(NULL, Object(Config\Cache), false)
#7 D:\Project\Codeigniter\sekolah\public\index.php(45): CodeIgniter\CodeIgniter->run()
#8 D:\Project\Codeigniter\sekolah\system\Commands\Server\rewrite.php(34): require_once('D:\\Project\\Code...')
#9 {main}
CRITICAL - 2021-01-23 08:59:45 --> Illegal string offset 'active'
#0 D:\Project\Codeigniter\sekolah\app\Views\auth\user\edit.php(58): CodeIgniter\Debug\Exceptions->errorHandler(2, 'Illegal string ...', 'D:\\Project\\Code...', 58, Array)
#1 D:\Project\Codeigniter\sekolah\system\View\View.php(246): include('D:\\Project\\Code...')
#2 D:\Project\Codeigniter\sekolah\system\Common.php(1119): CodeIgniter\View\View->render('auth/user/edit', Array, true)
#3 D:\Project\Codeigniter\sekolah\app\Controllers\Konfigurasi.php(407): view('auth/user/edit', Array)
#4 D:\Project\Codeigniter\sekolah\system\CodeIgniter.php(918): App\Controllers\Konfigurasi->formedituser()
#5 D:\Project\Codeigniter\sekolah\system\CodeIgniter.php(404): CodeIgniter\CodeIgniter->runController(Object(App\Controllers\Konfigurasi))
#6 D:\Project\Codeigniter\sekolah\system\CodeIgniter.php(312): CodeIgniter\CodeIgniter->handleRequest(NULL, Object(Config\Cache), false)
#7 D:\Project\Codeigniter\sekolah\public\index.php(45): CodeIgniter\CodeIgniter->run()
#8 D:\Project\Codeigniter\sekolah\system\Commands\Server\rewrite.php(34): require_once('D:\\Project\\Code...')
#9 {main}
CRITICAL - 2021-01-23 09:00:33 --> Illegal string offset 'active'
#0 D:\Project\Codeigniter\sekolah\app\Views\auth\user\edit.php(58): CodeIgniter\Debug\Exceptions->errorHandler(2, 'Illegal string ...', 'D:\\Project\\Code...', 58, Array)
#1 D:\Project\Codeigniter\sekolah\system\View\View.php(246): include('D:\\Project\\Code...')
#2 D:\Project\Codeigniter\sekolah\system\Common.php(1119): CodeIgniter\View\View->render('auth/user/edit', Array, true)
#3 D:\Project\Codeigniter\sekolah\app\Controllers\Konfigurasi.php(407): view('auth/user/edit', Array)
#4 D:\Project\Codeigniter\sekolah\system\CodeIgniter.php(918): App\Controllers\Konfigurasi->formedituser()
#5 D:\Project\Codeigniter\sekolah\system\CodeIgniter.php(404): CodeIgniter\CodeIgniter->runController(Object(App\Controllers\Konfigurasi))
#6 D:\Project\Codeigniter\sekolah\system\CodeIgniter.php(312): CodeIgniter\CodeIgniter->handleRequest(NULL, Object(Config\Cache), false)
#7 D:\Project\Codeigniter\sekolah\public\index.php(45): CodeIgniter\CodeIgniter->run()
#8 D:\Project\Codeigniter\sekolah\system\Commands\Server\rewrite.php(34): require_once('D:\\Project\\Code...')
#9 {main}
CRITICAL - 2021-01-23 09:00:51 --> Illegal string offset 'active'
#0 D:\Project\Codeigniter\sekolah\app\Views\auth\user\edit.php(58): CodeIgniter\Debug\Exceptions->errorHandler(2, 'Illegal string ...', 'D:\\Project\\Code...', 58, Array)
#1 D:\Project\Codeigniter\sekolah\system\View\View.php(246): include('D:\\Project\\Code...')
#2 D:\Project\Codeigniter\sekolah\system\Common.php(1119): CodeIgniter\View\View->render('auth/user/edit', Array, true)
#3 D:\Project\Codeigniter\sekolah\app\Controllers\Konfigurasi.php(407): view('auth/user/edit', Array)
#4 D:\Project\Codeigniter\sekolah\system\CodeIgniter.php(918): App\Controllers\Konfigurasi->formedituser()
#5 D:\Project\Codeigniter\sekolah\system\CodeIgniter.php(404): CodeIgniter\CodeIgniter->runController(Object(App\Controllers\Konfigurasi))
#6 D:\Project\Codeigniter\sekolah\system\CodeIgniter.php(312): CodeIgniter\CodeIgniter->handleRequest(NULL, Object(Config\Cache), false)
#7 D:\Project\Codeigniter\sekolah\public\index.php(45): CodeIgniter\CodeIgniter->run()
#8 D:\Project\Codeigniter\sekolah\system\Commands\Server\rewrite.php(34): require_once('D:\\Project\\Code...')
#9 {main}
CRITICAL - 2021-01-23 09:02:18 --> Illegal string offset 'active'
#0 D:\Project\Codeigniter\sekolah\app\Views\auth\user\edit.php(60): CodeIgniter\Debug\Exceptions->errorHandler(2, 'Illegal string ...', 'D:\\Project\\Code...', 60, Array)
#1 D:\Project\Codeigniter\sekolah\system\View\View.php(246): include('D:\\Project\\Code...')
#2 D:\Project\Codeigniter\sekolah\system\Common.php(1119): CodeIgniter\View\View->render('auth/user/edit', Array, true)
#3 D:\Project\Codeigniter\sekolah\app\Controllers\Konfigurasi.php(407): view('auth/user/edit', Array)
#4 D:\Project\Codeigniter\sekolah\system\CodeIgniter.php(918): App\Controllers\Konfigurasi->formedituser()
#5 D:\Project\Codeigniter\sekolah\system\CodeIgniter.php(404): CodeIgniter\CodeIgniter->runController(Object(App\Controllers\Konfigurasi))
#6 D:\Project\Codeigniter\sekolah\system\CodeIgniter.php(312): CodeIgniter\CodeIgniter->handleRequest(NULL, Object(Config\Cache), false)
#7 D:\Project\Codeigniter\sekolah\public\index.php(45): CodeIgniter\CodeIgniter->run()
#8 D:\Project\Codeigniter\sekolah\system\Commands\Server\rewrite.php(34): require_once('D:\\Project\\Code...')
#9 {main}
CRITICAL - 2021-01-23 09:02:51 --> Illegal string offset 'active'
#0 D:\Project\Codeigniter\sekolah\app\Views\auth\user\edit.php(60): CodeIgniter\Debug\Exceptions->errorHandler(2, 'Illegal string ...', 'D:\\Project\\Code...', 60, Array)
#1 D:\Project\Codeigniter\sekolah\system\View\View.php(246): include('D:\\Project\\Code...')
#2 D:\Project\Codeigniter\sekolah\system\Common.php(1119): CodeIgniter\View\View->render('auth/user/edit', Array, true)
#3 D:\Project\Codeigniter\sekolah\app\Controllers\Konfigurasi.php(407): view('auth/user/edit', Array)
#4 D:\Project\Codeigniter\sekolah\system\CodeIgniter.php(918): App\Controllers\Konfigurasi->formedituser()
#5 D:\Project\Codeigniter\sekolah\system\CodeIgniter.php(404): CodeIgniter\CodeIgniter->runController(Object(App\Controllers\Konfigurasi))
#6 D:\Project\Codeigniter\sekolah\system\CodeIgniter.php(312): CodeIgniter\CodeIgniter->handleRequest(NULL, Object(Config\Cache), false)
#7 D:\Project\Codeigniter\sekolah\public\index.php(45): CodeIgniter\CodeIgniter->run()
#8 D:\Project\Codeigniter\sekolah\system\Commands\Server\rewrite.php(34): require_once('D:\\Project\\Code...')
#9 {main}
CRITICAL - 2021-01-23 09:02:52 --> Illegal string offset 'active'
#0 D:\Project\Codeigniter\sekolah\app\Views\auth\user\edit.php(60): CodeIgniter\Debug\Exceptions->errorHandler(2, 'Illegal string ...', 'D:\\Project\\Code...', 60, Array)
#1 D:\Project\Codeigniter\sekolah\system\View\View.php(246): include('D:\\Project\\Code...')
#2 D:\Project\Codeigniter\sekolah\system\Common.php(1119): CodeIgniter\View\View->render('auth/user/edit', Array, true)
#3 D:\Project\Codeigniter\sekolah\app\Controllers\Konfigurasi.php(407): view('auth/user/edit', Array)
#4 D:\Project\Codeigniter\sekolah\system\CodeIgniter.php(918): App\Controllers\Konfigurasi->formedituser()
#5 D:\Project\Codeigniter\sekolah\system\CodeIgniter.php(404): CodeIgniter\CodeIgniter->runController(Object(App\Controllers\Konfigurasi))
#6 D:\Project\Codeigniter\sekolah\system\CodeIgniter.php(312): CodeIgniter\CodeIgniter->handleRequest(NULL, Object(Config\Cache), false)
#7 D:\Project\Codeigniter\sekolah\public\index.php(45): CodeIgniter\CodeIgniter->run()
#8 D:\Project\Codeigniter\sekolah\system\Commands\Server\rewrite.php(34): require_once('D:\\Project\\Code...')
#9 {main}
CRITICAL - 2021-01-23 09:10:05 --> unlink(img/user/): Is a directory
#0 [internal function]: CodeIgniter\Debug\Exceptions->errorHandler(2, 'unlink(img/user...', 'D:\\Project\\Code...', 502, Array)
#1 D:\Project\Codeigniter\sekolah\app\Controllers\Konfigurasi.php(502): unlink('img/user/')
#2 D:\Project\Codeigniter\sekolah\system\CodeIgniter.php(918): App\Controllers\Konfigurasi->hapususer()
#3 D:\Project\Codeigniter\sekolah\system\CodeIgniter.php(404): CodeIgniter\CodeIgniter->runController(Object(App\Controllers\Konfigurasi))
#4 D:\Project\Codeigniter\sekolah\system\CodeIgniter.php(312): CodeIgniter\CodeIgniter->handleRequest(NULL, Object(Config\Cache), false)
#5 D:\Project\Codeigniter\sekolah\public\index.php(45): CodeIgniter\CodeIgniter->run()
#6 D:\Project\Codeigniter\sekolah\system\Commands\Server\rewrite.php(34): require_once('D:\\Project\\Code...')
#7 {main}
CRITICAL - 2021-01-23 09:11:04 --> unlink(img/user/): Is a directory
#0 [internal function]: CodeIgniter\Debug\Exceptions->errorHandler(2, 'unlink(img/user...', 'D:\\Project\\Code...', 502, Array)
#1 D:\Project\Codeigniter\sekolah\app\Controllers\Konfigurasi.php(502): unlink('img/user/')
#2 D:\Project\Codeigniter\sekolah\system\CodeIgniter.php(918): App\Controllers\Konfigurasi->hapususer()
#3 D:\Project\Codeigniter\sekolah\system\CodeIgniter.php(404): CodeIgniter\CodeIgniter->runController(Object(App\Controllers\Konfigurasi))
#4 D:\Project\Codeigniter\sekolah\system\CodeIgniter.php(312): CodeIgniter\CodeIgniter->handleRequest(NULL, Object(Config\Cache), false)
#5 D:\Project\Codeigniter\sekolah\public\index.php(45): CodeIgniter\CodeIgniter->run()
#6 D:\Project\Codeigniter\sekolah\system\Commands\Server\rewrite.php(34): require_once('D:\\Project\\Code...')
#7 {main}
CRITICAL - 2021-01-23 09:16:09 --> Incorrect integer value: 'on' for column 'active' at row 1
#0 D:\Project\Codeigniter\sekolah\system\Database\MySQLi\Connection.php(331): mysqli->query('UPDATE `user` S...')
#1 D:\Project\Codeigniter\sekolah\system\Database\BaseConnection.php(741): CodeIgniter\Database\MySQLi\Connection->execute('UPDATE `user` S...')
#2 D:\Project\Codeigniter\sekolah\system\Database\BaseConnection.php(669): CodeIgniter\Database\BaseConnection->simpleQuery('UPDATE `user` S...')
#3 D:\Project\Codeigniter\sekolah\system\Database\BaseBuilder.php(2456): CodeIgniter\Database\BaseConnection->query('UPDATE `user` S...', Array, false)
#4 D:\Project\Codeigniter\sekolah\system\Model.php(889): CodeIgniter\Database\BaseBuilder->update()
#5 D:\Project\Codeigniter\sekolah\app\Controllers\Konfigurasi.php(484): CodeIgniter\Model->update(Array, Array)
#6 D:\Project\Codeigniter\sekolah\system\CodeIgniter.php(918): App\Controllers\Konfigurasi->update()
#7 D:\Project\Codeigniter\sekolah\system\CodeIgniter.php(404): CodeIgniter\CodeIgniter->runController(Object(App\Controllers\Konfigurasi))
#8 D:\Project\Codeigniter\sekolah\system\CodeIgniter.php(312): CodeIgniter\CodeIgniter->handleRequest(NULL, Object(Config\Cache), false)
#9 D:\Project\Codeigniter\sekolah\public\index.php(45): CodeIgniter\CodeIgniter->run()
#10 D:\Project\Codeigniter\sekolah\system\Commands\Server\rewrite.php(34): require_once('D:\\Project\\Code...')
#11 {main}
CRITICAL - 2021-01-23 09:16:48 --> Incorrect integer value: 'on' for column 'active' at row 1
#0 D:\Project\Codeigniter\sekolah\system\Database\MySQLi\Connection.php(331): mysqli->query('UPDATE `user` S...')
#1 D:\Project\Codeigniter\sekolah\system\Database\BaseConnection.php(741): CodeIgniter\Database\MySQLi\Connection->execute('UPDATE `user` S...')
#2 D:\Project\Codeigniter\sekolah\system\Database\BaseConnection.php(669): CodeIgniter\Database\BaseConnection->simpleQuery('UPDATE `user` S...')
#3 D:\Project\Codeigniter\sekolah\system\Database\BaseBuilder.php(2456): CodeIgniter\Database\BaseConnection->query('UPDATE `user` S...', Array, false)
#4 D:\Project\Codeigniter\sekolah\system\Model.php(889): CodeIgniter\Database\BaseBuilder->update()
#5 D:\Project\Codeigniter\sekolah\app\Controllers\Konfigurasi.php(484): CodeIgniter\Model->update(Array, Array)
#6 D:\Project\Codeigniter\sekolah\system\CodeIgniter.php(918): App\Controllers\Konfigurasi->update()
#7 D:\Project\Codeigniter\sekolah\system\CodeIgniter.php(404): CodeIgniter\CodeIgniter->runController(Object(App\Controllers\Konfigurasi))
#8 D:\Project\Codeigniter\sekolah\system\CodeIgniter.php(312): CodeIgniter\CodeIgniter->handleRequest(NULL, Object(Config\Cache), false)
#9 D:\Project\Codeigniter\sekolah\public\index.php(45): CodeIgniter\CodeIgniter->run()
#10 D:\Project\Codeigniter\sekolah\system\Commands\Server\rewrite.php(34): require_once('D:\\Project\\Code...')
#11 {main}
CRITICAL - 2021-01-23 09:16:55 --> Incorrect integer value: 'on' for column 'active' at row 1
#0 D:\Project\Codeigniter\sekolah\system\Database\MySQLi\Connection.php(331): mysqli->query('UPDATE `user` S...')
#1 D:\Project\Codeigniter\sekolah\system\Database\BaseConnection.php(741): CodeIgniter\Database\MySQLi\Connection->execute('UPDATE `user` S...')
#2 D:\Project\Codeigniter\sekolah\system\Database\BaseConnection.php(669): CodeIgniter\Database\BaseConnection->simpleQuery('UPDATE `user` S...')
#3 D:\Project\Codeigniter\sekolah\system\Database\BaseBuilder.php(2456): CodeIgniter\Database\BaseConnection->query('UPDATE `user` S...', Array, false)
#4 D:\Project\Codeigniter\sekolah\system\Model.php(889): CodeIgniter\Database\BaseBuilder->update()
#5 D:\Project\Codeigniter\sekolah\app\Controllers\Konfigurasi.php(484): CodeIgniter\Model->update(Array, Array)
#6 D:\Project\Codeigniter\sekolah\system\CodeIgniter.php(918): App\Controllers\Konfigurasi->update()
#7 D:\Project\Codeigniter\sekolah\system\CodeIgniter.php(404): CodeIgniter\CodeIgniter->runController(Object(App\Controllers\Konfigurasi))
#8 D:\Project\Codeigniter\sekolah\system\CodeIgniter.php(312): CodeIgniter\CodeIgniter->handleRequest(NULL, Object(Config\Cache), false)
#9 D:\Project\Codeigniter\sekolah\public\index.php(45): CodeIgniter\CodeIgniter->run()
#10 D:\Project\Codeigniter\sekolah\system\Commands\Server\rewrite.php(34): require_once('D:\\Project\\Code...')
#11 {main}
CRITICAL - 2021-01-23 09:31:24 --> Incorrect integer value: 'on' for column 'active' at row 1
#0 D:\Project\Codeigniter\sekolah\system\Database\MySQLi\Connection.php(331): mysqli->query('UPDATE `user` S...')
#1 D:\Project\Codeigniter\sekolah\system\Database\BaseConnection.php(741): CodeIgniter\Database\MySQLi\Connection->execute('UPDATE `user` S...')
#2 D:\Project\Codeigniter\sekolah\system\Database\BaseConnection.php(669): CodeIgniter\Database\BaseConnection->simpleQuery('UPDATE `user` S...')
#3 D:\Project\Codeigniter\sekolah\system\Database\BaseBuilder.php(2456): CodeIgniter\Database\BaseConnection->query('UPDATE `user` S...', Array, false)
#4 D:\Project\Codeigniter\sekolah\system\Model.php(889): CodeIgniter\Database\BaseBuilder->update()
#5 D:\Project\Codeigniter\sekolah\app\Controllers\Konfigurasi.php(484): CodeIgniter\Model->update(Array, Array)
#6 D:\Project\Codeigniter\sekolah\system\CodeIgniter.php(918): App\Controllers\Konfigurasi->update()
#7 D:\Project\Codeigniter\sekolah\system\CodeIgniter.php(404): CodeIgniter\CodeIgniter->runController(Object(App\Controllers\Konfigurasi))
#8 D:\Project\Codeigniter\sekolah\system\CodeIgniter.php(312): CodeIgniter\CodeIgniter->handleRequest(NULL, Object(Config\Cache), false)
#9 D:\Project\Codeigniter\sekolah\public\index.php(45): CodeIgniter\CodeIgniter->run()
#10 D:\Project\Codeigniter\sekolah\system\Commands\Server\rewrite.php(34): require_once('D:\\Project\\Code...')
#11 {main}
CRITICAL - 2021-01-23 09:31:27 --> Incorrect integer value: 'on' for column 'active' at row 1
#0 D:\Project\Codeigniter\sekolah\system\Database\MySQLi\Connection.php(331): mysqli->query('UPDATE `user` S...')
#1 D:\Project\Codeigniter\sekolah\system\Database\BaseConnection.php(741): CodeIgniter\Database\MySQLi\Connection->execute('UPDATE `user` S...')
#2 D:\Project\Codeigniter\sekolah\system\Database\BaseConnection.php(669): CodeIgniter\Database\BaseConnection->simpleQuery('UPDATE `user` S...')
#3 D:\Project\Codeigniter\sekolah\system\Database\BaseBuilder.php(2456): CodeIgniter\Database\BaseConnection->query('UPDATE `user` S...', Array, false)
#4 D:\Project\Codeigniter\sekolah\system\Model.php(889): CodeIgniter\Database\BaseBuilder->update()
#5 D:\Project\Codeigniter\sekolah\app\Controllers\Konfigurasi.php(484): CodeIgniter\Model->update(Array, Array)
#6 D:\Project\Codeigniter\sekolah\system\CodeIgniter.php(918): App\Controllers\Konfigurasi->update()
#7 D:\Project\Codeigniter\sekolah\system\CodeIgniter.php(404): CodeIgniter\CodeIgniter->runController(Object(App\Controllers\Konfigurasi))
#8 D:\Project\Codeigniter\sekolah\system\CodeIgniter.php(312): CodeIgniter\CodeIgniter->handleRequest(NULL, Object(Config\Cache), false)
#9 D:\Project\Codeigniter\sekolah\public\index.php(45): CodeIgniter\CodeIgniter->run()
#10 D:\Project\Codeigniter\sekolah\system\Commands\Server\rewrite.php(34): require_once('D:\\Project\\Code...')
#11 {main}
CRITICAL - 2021-01-23 09:35:03 --> Incorrect integer value: 'on' for column 'active' at row 1
#0 D:\Project\Codeigniter\sekolah\system\Database\MySQLi\Connection.php(331): mysqli->query('UPDATE `user` S...')
#1 D:\Project\Codeigniter\sekolah\system\Database\BaseConnection.php(741): CodeIgniter\Database\MySQLi\Connection->execute('UPDATE `user` S...')
#2 D:\Project\Codeigniter\sekolah\system\Database\BaseConnection.php(669): CodeIgniter\Database\BaseConnection->simpleQuery('UPDATE `user` S...')
#3 D:\Project\Codeigniter\sekolah\system\Database\BaseBuilder.php(2456): CodeIgniter\Database\BaseConnection->query('UPDATE `user` S...', Array, false)
#4 D:\Project\Codeigniter\sekolah\system\Model.php(889): CodeIgniter\Database\BaseBuilder->update()
#5 D:\Project\Codeigniter\sekolah\app\Controllers\Konfigurasi.php(484): CodeIgniter\Model->update(Array, Array)
#6 D:\Project\Codeigniter\sekolah\system\CodeIgniter.php(918): App\Controllers\Konfigurasi->update()
#7 D:\Project\Codeigniter\sekolah\system\CodeIgniter.php(404): CodeIgniter\CodeIgniter->runController(Object(App\Controllers\Konfigurasi))
#8 D:\Project\Codeigniter\sekolah\system\CodeIgniter.php(312): CodeIgniter\CodeIgniter->handleRequest(NULL, Object(Config\Cache), false)
#9 D:\Project\Codeigniter\sekolah\public\index.php(45): CodeIgniter\CodeIgniter->run()
#10 D:\Project\Codeigniter\sekolah\system\Commands\Server\rewrite.php(34): require_once('D:\\Project\\Code...')
#11 {main}
CRITICAL - 2021-01-23 09:35:37 --> Incorrect integer value: 'checked' for column 'active' at row 1
#0 D:\Project\Codeigniter\sekolah\system\Database\MySQLi\Connection.php(331): mysqli->query('UPDATE `user` S...')
#1 D:\Project\Codeigniter\sekolah\system\Database\BaseConnection.php(741): CodeIgniter\Database\MySQLi\Connection->execute('UPDATE `user` S...')
#2 D:\Project\Codeigniter\sekolah\system\Database\BaseConnection.php(669): CodeIgniter\Database\BaseConnection->simpleQuery('UPDATE `user` S...')
#3 D:\Project\Codeigniter\sekolah\system\Database\BaseBuilder.php(2456): CodeIgniter\Database\BaseConnection->query('UPDATE `user` S...', Array, false)
#4 D:\Project\Codeigniter\sekolah\system\Model.php(889): CodeIgniter\Database\BaseBuilder->update()
#5 D:\Project\Codeigniter\sekolah\app\Controllers\Konfigurasi.php(484): CodeIgniter\Model->update(Array, Array)
#6 D:\Project\Codeigniter\sekolah\system\CodeIgniter.php(918): App\Controllers\Konfigurasi->update()
#7 D:\Project\Codeigniter\sekolah\system\CodeIgniter.php(404): CodeIgniter\CodeIgniter->runController(Object(App\Controllers\Konfigurasi))
#8 D:\Project\Codeigniter\sekolah\system\CodeIgniter.php(312): CodeIgniter\CodeIgniter->handleRequest(NULL, Object(Config\Cache), false)
#9 D:\Project\Codeigniter\sekolah\public\index.php(45): CodeIgniter\CodeIgniter->run()
#10 D:\Project\Codeigniter\sekolah\system\Commands\Server\rewrite.php(34): require_once('D:\\Project\\Code...')
#11 {main}
CRITICAL - 2021-01-23 09:40:46 --> Undefined variable: checked
#0 D:\Project\Codeigniter\sekolah\app\Views\auth\user\edit.php(57): CodeIgniter\Debug\Exceptions->errorHandler(8, 'Undefined varia...', 'D:\\Project\\Code...', 57, Array)
#1 D:\Project\Codeigniter\sekolah\system\View\View.php(246): include('D:\\Project\\Code...')
#2 D:\Project\Codeigniter\sekolah\system\Common.php(1119): CodeIgniter\View\View->render('auth/user/edit', Array, true)
#3 D:\Project\Codeigniter\sekolah\app\Controllers\Konfigurasi.php(406): view('auth/user/edit', Array)
#4 D:\Project\Codeigniter\sekolah\system\CodeIgniter.php(918): App\Controllers\Konfigurasi->formedituser()
#5 D:\Project\Codeigniter\sekolah\system\CodeIgniter.php(404): CodeIgniter\CodeIgniter->runController(Object(App\Controllers\Konfigurasi))
#6 D:\Project\Codeigniter\sekolah\system\CodeIgniter.php(312): CodeIgniter\CodeIgniter->handleRequest(NULL, Object(Config\Cache), false)
#7 D:\Project\Codeigniter\sekolah\public\index.php(45): CodeIgniter\CodeIgniter->run()
#8 D:\Project\Codeigniter\sekolah\system\Commands\Server\rewrite.php(34): require_once('D:\\Project\\Code...')
#9 {main}
CRITICAL - 2021-01-23 10:50:39 --> Undefined variable: user
#0 D:\Project\Codeigniter\sekolah\app\Views\auth\user\list.php(69): CodeIgniter\Debug\Exceptions->errorHandler(8, 'Undefined varia...', 'D:\\Project\\Code...', 69, Array)
#1 D:\Project\Codeigniter\sekolah\system\View\View.php(246): include('D:\\Project\\Code...')
#2 D:\Project\Codeigniter\sekolah\system\Common.php(1119): CodeIgniter\View\View->render('auth/user/list', Array, true)
#3 D:\Project\Codeigniter\sekolah\app\Controllers\Konfigurasi.php(297): view('auth/user/list', Array)
#4 D:\Project\Codeigniter\sekolah\system\CodeIgniter.php(918): App\Controllers\Konfigurasi->getuser()
#5 D:\Project\Codeigniter\sekolah\system\CodeIgniter.php(404): CodeIgniter\CodeIgniter->runController(Object(App\Controllers\Konfigurasi))
#6 D:\Project\Codeigniter\sekolah\system\CodeIgniter.php(312): CodeIgniter\CodeIgniter->handleRequest(NULL, Object(Config\Cache), false)
#7 D:\Project\Codeigniter\sekolah\public\index.php(45): CodeIgniter\CodeIgniter->run()
#8 D:\Project\Codeigniter\sekolah\system\Commands\Server\rewrite.php(34): require_once('D:\\Project\\Code...')
#9 {main}
CRITICAL - 2021-01-23 10:50:43 --> Undefined variable: user
#0 D:\Project\Codeigniter\sekolah\app\Views\auth\user\list.php(69): CodeIgniter\Debug\Exceptions->errorHandler(8, 'Undefined varia...', 'D:\\Project\\Code...', 69, Array)
#1 D:\Project\Codeigniter\sekolah\system\View\View.php(246): include('D:\\Project\\Code...')
#2 D:\Project\Codeigniter\sekolah\system\Common.php(1119): CodeIgniter\View\View->render('auth/user/list', Array, true)
#3 D:\Project\Codeigniter\sekolah\app\Controllers\Konfigurasi.php(297): view('auth/user/list', Array)
#4 D:\Project\Codeigniter\sekolah\system\CodeIgniter.php(918): App\Controllers\Konfigurasi->getuser()
#5 D:\Project\Codeigniter\sekolah\system\CodeIgniter.php(404): CodeIgniter\CodeIgniter->runController(Object(App\Controllers\Konfigurasi))
#6 D:\Project\Codeigniter\sekolah\system\CodeIgniter.php(312): CodeIgniter\CodeIgniter->handleRequest(NULL, Object(Config\Cache), false)
#7 D:\Project\Codeigniter\sekolah\public\index.php(45): CodeIgniter\CodeIgniter->run()
#8 D:\Project\Codeigniter\sekolah\system\Commands\Server\rewrite.php(34): require_once('D:\\Project\\Code...')
#9 {main}
CRITICAL - 2021-01-23 10:58:32 --> Illegal string offset 'active'
#0 D:\Project\Codeigniter\sekolah\app\Controllers\Konfigurasi.php(394): CodeIgniter\Debug\Exceptions->errorHandler(2, 'Illegal string ...', 'D:\\Project\\Code...', 394, Array)
#1 D:\Project\Codeigniter\sekolah\system\CodeIgniter.php(918): App\Controllers\Konfigurasi->toggle()
#2 D:\Project\Codeigniter\sekolah\system\CodeIgniter.php(404): CodeIgniter\CodeIgniter->runController(Object(App\Controllers\Konfigurasi))
#3 D:\Project\Codeigniter\sekolah\system\CodeIgniter.php(312): CodeIgniter\CodeIgniter->handleRequest(NULL, Object(Config\Cache), false)
#4 D:\Project\Codeigniter\sekolah\public\index.php(45): CodeIgniter\CodeIgniter->run()
#5 D:\Project\Codeigniter\sekolah\system\Commands\Server\rewrite.php(34): require_once('D:\\Project\\Code...')
#6 {main}
CRITICAL - 2021-01-23 10:58:36 --> Illegal string offset 'active'
#0 D:\Project\Codeigniter\sekolah\app\Controllers\Konfigurasi.php(394): CodeIgniter\Debug\Exceptions->errorHandler(2, 'Illegal string ...', 'D:\\Project\\Code...', 394, Array)
#1 D:\Project\Codeigniter\sekolah\system\CodeIgniter.php(918): App\Controllers\Konfigurasi->toggle()
#2 D:\Project\Codeigniter\sekolah\system\CodeIgniter.php(404): CodeIgniter\CodeIgniter->runController(Object(App\Controllers\Konfigurasi))
#3 D:\Project\Codeigniter\sekolah\system\CodeIgniter.php(312): CodeIgniter\CodeIgniter->handleRequest(NULL, Object(Config\Cache), false)
#4 D:\Project\Codeigniter\sekolah\public\index.php(45): CodeIgniter\CodeIgniter->run()
#5 D:\Project\Codeigniter\sekolah\system\Commands\Server\rewrite.php(34): require_once('D:\\Project\\Code...')
#6 {main}
CRITICAL - 2021-01-23 10:58:52 --> There is no data to update.
#0 D:\Project\Codeigniter\sekolah\system\Model.php(834): CodeIgniter\Database\Exceptions\DataException::forEmptyDataset('update')
#1 D:\Project\Codeigniter\sekolah\app\Controllers\Konfigurasi.php(396): CodeIgniter\Model->update(Array, NULL)
#2 D:\Project\Codeigniter\sekolah\system\CodeIgniter.php(918): App\Controllers\Konfigurasi->toggle()
#3 D:\Project\Codeigniter\sekolah\system\CodeIgniter.php(404): CodeIgniter\CodeIgniter->runController(Object(App\Controllers\Konfigurasi))
#4 D:\Project\Codeigniter\sekolah\system\CodeIgniter.php(312): CodeIgniter\CodeIgniter->handleRequest(NULL, Object(Config\Cache), false)
#5 D:\Project\Codeigniter\sekolah\public\index.php(45): CodeIgniter\CodeIgniter->run()
#6 D:\Project\Codeigniter\sekolah\system\Commands\Server\rewrite.php(34): require_once('D:\\Project\\Code...')
#7 {main}
CRITICAL - 2021-01-23 10:59:03 --> There is no data to update.
#0 D:\Project\Codeigniter\sekolah\system\Model.php(834): CodeIgniter\Database\Exceptions\DataException::forEmptyDataset('update')
#1 D:\Project\Codeigniter\sekolah\app\Controllers\Konfigurasi.php(396): CodeIgniter\Model->update(Array, NULL)
#2 D:\Project\Codeigniter\sekolah\system\CodeIgniter.php(918): App\Controllers\Konfigurasi->toggle()
#3 D:\Project\Codeigniter\sekolah\system\CodeIgniter.php(404): CodeIgniter\CodeIgniter->runController(Object(App\Controllers\Konfigurasi))
#4 D:\Project\Codeigniter\sekolah\system\CodeIgniter.php(312): CodeIgniter\CodeIgniter->handleRequest(NULL, Object(Config\Cache), false)
#5 D:\Project\Codeigniter\sekolah\public\index.php(45): CodeIgniter\CodeIgniter->run()
#6 D:\Project\Codeigniter\sekolah\system\Commands\Server\rewrite.php(34): require_once('D:\\Project\\Code...')
#7 {main}
CRITICAL - 2021-01-23 10:59:28 --> There is no data to update.
#0 D:\Project\Codeigniter\sekolah\system\Model.php(834): CodeIgniter\Database\Exceptions\DataException::forEmptyDataset('update')
#1 D:\Project\Codeigniter\sekolah\app\Controllers\Konfigurasi.php(396): CodeIgniter\Model->update(Array, NULL)
#2 D:\Project\Codeigniter\sekolah\system\CodeIgniter.php(918): App\Controllers\Konfigurasi->toggle()
#3 D:\Project\Codeigniter\sekolah\system\CodeIgniter.php(404): CodeIgniter\CodeIgniter->runController(Object(App\Controllers\Konfigurasi))
#4 D:\Project\Codeigniter\sekolah\system\CodeIgniter.php(312): CodeIgniter\CodeIgniter->handleRequest(NULL, Object(Config\Cache), false)
#5 D:\Project\Codeigniter\sekolah\public\index.php(45): CodeIgniter\CodeIgniter->run()
#6 D:\Project\Codeigniter\sekolah\system\Commands\Server\rewrite.php(34): require_once('D:\\Project\\Code...')
#7 {main}
CRITICAL - 2021-01-23 11:02:35 --> Argument 1 passed to CodeIgniter\Model::doProtectFields() must be of the type array, int given, called in D:\Project\Codeigniter\sekolah\system\Model.php on line 870
#0 D:\Project\Codeigniter\sekolah\system\Model.php(870): CodeIgniter\Model->doProtectFields(1)
#1 D:\Project\Codeigniter\sekolah\app\Controllers\Konfigurasi.php(396): CodeIgniter\Model->update(Array, 1)
#2 D:\Project\Codeigniter\sekolah\system\CodeIgniter.php(918): App\Controllers\Konfigurasi->toggle()
#3 D:\Project\Codeigniter\sekolah\system\CodeIgniter.php(404): CodeIgniter\CodeIgniter->runController(Object(App\Controllers\Konfigurasi))
#4 D:\Project\Codeigniter\sekolah\system\CodeIgniter.php(312): CodeIgniter\CodeIgniter->handleRequest(NULL, Object(Config\Cache), false)
#5 D:\Project\Codeigniter\sekolah\public\index.php(45): CodeIgniter\CodeIgniter->run()
#6 D:\Project\Codeigniter\sekolah\system\Commands\Server\rewrite.php(34): require_once('D:\\Project\\Code...')
#7 {main}
CRITICAL - 2021-01-23 11:03:06 --> Argument 1 passed to CodeIgniter\Model::doProtectFields() must be of the type array, int given, called in D:\Project\Codeigniter\sekolah\system\Model.php on line 870
#0 D:\Project\Codeigniter\sekolah\system\Model.php(870): CodeIgniter\Model->doProtectFields(1)
#1 D:\Project\Codeigniter\sekolah\app\Controllers\Konfigurasi.php(396): CodeIgniter\Model->update(Array, 1)
#2 D:\Project\Codeigniter\sekolah\system\CodeIgniter.php(918): App\Controllers\Konfigurasi->toggle()
#3 D:\Project\Codeigniter\sekolah\system\CodeIgniter.php(404): CodeIgniter\CodeIgniter->runController(Object(App\Controllers\Konfigurasi))
#4 D:\Project\Codeigniter\sekolah\system\CodeIgniter.php(312): CodeIgniter\CodeIgniter->handleRequest(NULL, Object(Config\Cache), false)
#5 D:\Project\Codeigniter\sekolah\public\index.php(45): CodeIgniter\CodeIgniter->run()
#6 D:\Project\Codeigniter\sekolah\system\Commands\Server\rewrite.php(34): require_once('D:\\Project\\Code...')
#7 {main}
CRITICAL - 2021-01-23 11:03:46 --> There is no data to update.
#0 D:\Project\Codeigniter\sekolah\system\Model.php(834): CodeIgniter\Database\Exceptions\DataException::forEmptyDataset('update')
#1 D:\Project\Codeigniter\sekolah\app\Controllers\Konfigurasi.php(396): CodeIgniter\Model->update(Array, NULL)
#2 D:\Project\Codeigniter\sekolah\system\CodeIgniter.php(918): App\Controllers\Konfigurasi->toggle()
#3 D:\Project\Codeigniter\sekolah\system\CodeIgniter.php(404): CodeIgniter\CodeIgniter->runController(Object(App\Controllers\Konfigurasi))
#4 D:\Project\Codeigniter\sekolah\system\CodeIgniter.php(312): CodeIgniter\CodeIgniter->handleRequest(NULL, Object(Config\Cache), false)
#5 D:\Project\Codeigniter\sekolah\public\index.php(45): CodeIgniter\CodeIgniter->run()
#6 D:\Project\Codeigniter\sekolah\system\Commands\Server\rewrite.php(34): require_once('D:\\Project\\Code...')
#7 {main}
CRITICAL - 2021-01-23 11:04:42 --> There is no data to update.
#0 D:\Project\Codeigniter\sekolah\system\Model.php(834): CodeIgniter\Database\Exceptions\DataException::forEmptyDataset('update')
#1 D:\Project\Codeigniter\sekolah\app\Controllers\Konfigurasi.php(396): CodeIgniter\Model->update(Array, NULL)
#2 D:\Project\Codeigniter\sekolah\system\CodeIgniter.php(918): App\Controllers\Konfigurasi->toggle()
#3 D:\Project\Codeigniter\sekolah\system\CodeIgniter.php(404): CodeIgniter\CodeIgniter->runController(Object(App\Controllers\Konfigurasi))
#4 D:\Project\Codeigniter\sekolah\system\CodeIgniter.php(312): CodeIgniter\CodeIgniter->handleRequest(NULL, Object(Config\Cache), false)
#5 D:\Project\Codeigniter\sekolah\public\index.php(45): CodeIgniter\CodeIgniter->run()
#6 D:\Project\Codeigniter\sekolah\system\Commands\Server\rewrite.php(34): require_once('D:\\Project\\Code...')
#7 {main}
CRITICAL - 2021-01-23 11:04:42 --> There is no data to update.
#0 D:\Project\Codeigniter\sekolah\system\Model.php(834): CodeIgniter\Database\Exceptions\DataException::forEmptyDataset('update')
#1 D:\Project\Codeigniter\sekolah\app\Controllers\Konfigurasi.php(396): CodeIgniter\Model->update(Array, NULL)
#2 D:\Project\Codeigniter\sekolah\system\CodeIgniter.php(918): App\Controllers\Konfigurasi->toggle()
#3 D:\Project\Codeigniter\sekolah\system\CodeIgniter.php(404): CodeIgniter\CodeIgniter->runController(Object(App\Controllers\Konfigurasi))
#4 D:\Project\Codeigniter\sekolah\system\CodeIgniter.php(312): CodeIgniter\CodeIgniter->handleRequest(NULL, Object(Config\Cache), false)
#5 D:\Project\Codeigniter\sekolah\public\index.php(45): CodeIgniter\CodeIgniter->run()
#6 D:\Project\Codeigniter\sekolah\system\Commands\Server\rewrite.php(34): require_once('D:\\Project\\Code...')
#7 {main}
CRITICAL - 2021-01-23 11:04:42 --> There is no data to update.
#0 D:\Project\Codeigniter\sekolah\system\Model.php(834): CodeIgniter\Database\Exceptions\DataException::forEmptyDataset('update')
#1 D:\Project\Codeigniter\sekolah\app\Controllers\Konfigurasi.php(396): CodeIgniter\Model->update(Array, NULL)
#2 D:\Project\Codeigniter\sekolah\system\CodeIgniter.php(918): App\Controllers\Konfigurasi->toggle()
#3 D:\Project\Codeigniter\sekolah\system\CodeIgniter.php(404): CodeIgniter\CodeIgniter->runController(Object(App\Controllers\Konfigurasi))
#4 D:\Project\Codeigniter\sekolah\system\CodeIgniter.php(312): CodeIgniter\CodeIgniter->handleRequest(NULL, Object(Config\Cache), false)
#5 D:\Project\Codeigniter\sekolah\public\index.php(45): CodeIgniter\CodeIgniter->run()
#6 D:\Project\Codeigniter\sekolah\system\Commands\Server\rewrite.php(34): require_once('D:\\Project\\Code...')
#7 {main}
CRITICAL - 2021-01-23 11:04:43 --> There is no data to update.
#0 D:\Project\Codeigniter\sekolah\system\Model.php(834): CodeIgniter\Database\Exceptions\DataException::forEmptyDataset('update')
#1 D:\Project\Codeigniter\sekolah\app\Controllers\Konfigurasi.php(396): CodeIgniter\Model->update(Array, NULL)
#2 D:\Project\Codeigniter\sekolah\system\CodeIgniter.php(918): App\Controllers\Konfigurasi->toggle()
#3 D:\Project\Codeigniter\sekolah\system\CodeIgniter.php(404): CodeIgniter\CodeIgniter->runController(Object(App\Controllers\Konfigurasi))
#4 D:\Project\Codeigniter\sekolah\system\CodeIgniter.php(312): CodeIgniter\CodeIgniter->handleRequest(NULL, Object(Config\Cache), false)
#5 D:\Project\Codeigniter\sekolah\public\index.php(45): CodeIgniter\CodeIgniter->run()
#6 D:\Project\Codeigniter\sekolah\system\Commands\Server\rewrite.php(34): require_once('D:\\Project\\Code...')
#7 {main}
CRITICAL - 2021-01-23 11:05:16 --> There is no data to update.
#0 D:\Project\Codeigniter\sekolah\system\Model.php(834): CodeIgniter\Database\Exceptions\DataException::forEmptyDataset('update')
#1 D:\Project\Codeigniter\sekolah\app\Controllers\Konfigurasi.php(396): CodeIgniter\Model->update(Array, NULL)
#2 D:\Project\Codeigniter\sekolah\system\CodeIgniter.php(918): App\Controllers\Konfigurasi->toggle()
#3 D:\Project\Codeigniter\sekolah\system\CodeIgniter.php(404): CodeIgniter\CodeIgniter->runController(Object(App\Controllers\Konfigurasi))
#4 D:\Project\Codeigniter\sekolah\system\CodeIgniter.php(312): CodeIgniter\CodeIgniter->handleRequest(NULL, Object(Config\Cache), false)
#5 D:\Project\Codeigniter\sekolah\public\index.php(45): CodeIgniter\CodeIgniter->run()
#6 D:\Project\Codeigniter\sekolah\system\Commands\Server\rewrite.php(34): require_once('D:\\Project\\Code...')
#7 {main}
CRITICAL - 2021-01-23 11:05:20 --> There is no data to update.
#0 D:\Project\Codeigniter\sekolah\system\Model.php(834): CodeIgniter\Database\Exceptions\DataException::forEmptyDataset('update')
#1 D:\Project\Codeigniter\sekolah\app\Controllers\Konfigurasi.php(396): CodeIgniter\Model->update(Array, NULL)
#2 D:\Project\Codeigniter\sekolah\system\CodeIgniter.php(918): App\Controllers\Konfigurasi->toggle()
#3 D:\Project\Codeigniter\sekolah\system\CodeIgniter.php(404): CodeIgniter\CodeIgniter->runController(Object(App\Controllers\Konfigurasi))
#4 D:\Project\Codeigniter\sekolah\system\CodeIgniter.php(312): CodeIgniter\CodeIgniter->handleRequest(NULL, Object(Config\Cache), false)
#5 D:\Project\Codeigniter\sekolah\public\index.php(45): CodeIgniter\CodeIgniter->run()
#6 D:\Project\Codeigniter\sekolah\system\Commands\Server\rewrite.php(34): require_once('D:\\Project\\Code...')
#7 {main}
CRITICAL - 2021-01-23 11:05:36 --> There is no data to update.
#0 D:\Project\Codeigniter\sekolah\system\Model.php(834): CodeIgniter\Database\Exceptions\DataException::forEmptyDataset('update')
#1 D:\Project\Codeigniter\sekolah\app\Controllers\Konfigurasi.php(396): CodeIgniter\Model->update(Array, NULL)
#2 D:\Project\Codeigniter\sekolah\system\CodeIgniter.php(918): App\Controllers\Konfigurasi->toggle()
#3 D:\Project\Codeigniter\sekolah\system\CodeIgniter.php(404): CodeIgniter\CodeIgniter->runController(Object(App\Controllers\Konfigurasi))
#4 D:\Project\Codeigniter\sekolah\system\CodeIgniter.php(312): CodeIgniter\CodeIgniter->handleRequest(NULL, Object(Config\Cache), false)
#5 D:\Project\Codeigniter\sekolah\public\index.php(45): CodeIgniter\CodeIgniter->run()
#6 D:\Project\Codeigniter\sekolah\system\Commands\Server\rewrite.php(34): require_once('D:\\Project\\Code...')
#7 {main}
CRITICAL - 2021-01-23 11:05:39 --> There is no data to update.
#0 D:\Project\Codeigniter\sekolah\system\Model.php(834): CodeIgniter\Database\Exceptions\DataException::forEmptyDataset('update')
#1 D:\Project\Codeigniter\sekolah\app\Controllers\Konfigurasi.php(396): CodeIgniter\Model->update(Array, NULL)
#2 D:\Project\Codeigniter\sekolah\system\CodeIgniter.php(918): App\Controllers\Konfigurasi->toggle()
#3 D:\Project\Codeigniter\sekolah\system\CodeIgniter.php(404): CodeIgniter\CodeIgniter->runController(Object(App\Controllers\Konfigurasi))
#4 D:\Project\Codeigniter\sekolah\system\CodeIgniter.php(312): CodeIgniter\CodeIgniter->handleRequest(NULL, Object(Config\Cache), false)
#5 D:\Project\Codeigniter\sekolah\public\index.php(45): CodeIgniter\CodeIgniter->run()
#6 D:\Project\Codeigniter\sekolah\system\Commands\Server\rewrite.php(34): require_once('D:\\Project\\Code...')
#7 {main}
CRITICAL - 2021-01-23 11:06:24 --> There is no data to update.
#0 D:\Project\Codeigniter\sekolah\system\Model.php(834): CodeIgniter\Database\Exceptions\DataException::forEmptyDataset('update')
#1 D:\Project\Codeigniter\sekolah\app\Controllers\Konfigurasi.php(396): CodeIgniter\Model->update(Array, NULL)
#2 D:\Project\Codeigniter\sekolah\system\CodeIgniter.php(918): App\Controllers\Konfigurasi->toggle()
#3 D:\Project\Codeigniter\sekolah\system\CodeIgniter.php(404): CodeIgniter\CodeIgniter->runController(Object(App\Controllers\Konfigurasi))
#4 D:\Project\Codeigniter\sekolah\system\CodeIgniter.php(312): CodeIgniter\CodeIgniter->handleRequest(NULL, Object(Config\Cache), false)
#5 D:\Project\Codeigniter\sekolah\public\index.php(45): CodeIgniter\CodeIgniter->run()
#6 D:\Project\Codeigniter\sekolah\system\Commands\Server\rewrite.php(34): require_once('D:\\Project\\Code...')
#7 {main}
CRITICAL - 2021-01-23 11:06:30 --> There is no data to update.
#0 D:\Project\Codeigniter\sekolah\system\Model.php(834): CodeIgniter\Database\Exceptions\DataException::forEmptyDataset('update')
#1 D:\Project\Codeigniter\sekolah\app\Controllers\Konfigurasi.php(396): CodeIgniter\Model->update(Array, NULL)
#2 D:\Project\Codeigniter\sekolah\system\CodeIgniter.php(918): App\Controllers\Konfigurasi->toggle()
#3 D:\Project\Codeigniter\sekolah\system\CodeIgniter.php(404): CodeIgniter\CodeIgniter->runController(Object(App\Controllers\Konfigurasi))
#4 D:\Project\Codeigniter\sekolah\system\CodeIgniter.php(312): CodeIgniter\CodeIgniter->handleRequest(NULL, Object(Config\Cache), false)
#5 D:\Project\Codeigniter\sekolah\public\index.php(45): CodeIgniter\CodeIgniter->run()
#6 D:\Project\Codeigniter\sekolah\system\Commands\Server\rewrite.php(34): require_once('D:\\Project\\Code...')
#7 {main}
CRITICAL - 2021-01-23 11:06:35 --> There is no data to update.
#0 D:\Project\Codeigniter\sekolah\system\Model.php(834): CodeIgniter\Database\Exceptions\DataException::forEmptyDataset('update')
#1 D:\Project\Codeigniter\sekolah\app\Controllers\Konfigurasi.php(396): CodeIgniter\Model->update(Array, NULL)
#2 D:\Project\Codeigniter\sekolah\system\CodeIgniter.php(918): App\Controllers\Konfigurasi->toggle()
#3 D:\Project\Codeigniter\sekolah\system\CodeIgniter.php(404): CodeIgniter\CodeIgniter->runController(Object(App\Controllers\Konfigurasi))
#4 D:\Project\Codeigniter\sekolah\system\CodeIgniter.php(312): CodeIgniter\CodeIgniter->handleRequest(NULL, Object(Config\Cache), false)
#5 D:\Project\Codeigniter\sekolah\public\index.php(45): CodeIgniter\CodeIgniter->run()
#6 D:\Project\Codeigniter\sekolah\system\Commands\Server\rewrite.php(34): require_once('D:\\Project\\Code...')
#7 {main}
CRITICAL - 2021-01-23 11:06:39 --> There is no data to update.
#0 D:\Project\Codeigniter\sekolah\system\Model.php(834): CodeIgniter\Database\Exceptions\DataException::forEmptyDataset('update')
#1 D:\Project\Codeigniter\sekolah\app\Controllers\Konfigurasi.php(396): CodeIgniter\Model->update(Array, NULL)
#2 D:\Project\Codeigniter\sekolah\system\CodeIgniter.php(918): App\Controllers\Konfigurasi->toggle()
#3 D:\Project\Codeigniter\sekolah\system\CodeIgniter.php(404): CodeIgniter\CodeIgniter->runController(Object(App\Controllers\Konfigurasi))
#4 D:\Project\Codeigniter\sekolah\system\CodeIgniter.php(312): CodeIgniter\CodeIgniter->handleRequest(NULL, Object(Config\Cache), false)
#5 D:\Project\Codeigniter\sekolah\public\index.php(45): CodeIgniter\CodeIgniter->run()
#6 D:\Project\Codeigniter\sekolah\system\Commands\Server\rewrite.php(34): require_once('D:\\Project\\Code...')
#7 {main}
CRITICAL - 2021-01-23 11:10:36 --> Too few arguments to function CodeIgniter\HTTP\RedirectResponse::to(), 0 passed in D:\Project\Codeigniter\sekolah\app\Controllers\Konfigurasi.php on line 403 and at least 1 expected
#0 D:\Project\Codeigniter\sekolah\app\Controllers\Konfigurasi.php(403): CodeIgniter\HTTP\RedirectResponse->to()
#1 D:\Project\Codeigniter\sekolah\system\CodeIgniter.php(918): App\Controllers\Konfigurasi->toggle()
#2 D:\Project\Codeigniter\sekolah\system\CodeIgniter.php(404): CodeIgniter\CodeIgniter->runController(Object(App\Controllers\Konfigurasi))
#3 D:\Project\Codeigniter\sekolah\system\CodeIgniter.php(312): CodeIgniter\CodeIgniter->handleRequest(NULL, Object(Config\Cache), false)
#4 D:\Project\Codeigniter\sekolah\public\index.php(45): CodeIgniter\CodeIgniter->run()
#5 D:\Project\Codeigniter\sekolah\system\Commands\Server\rewrite.php(34): require_once('D:\\Project\\Code...')
#6 {main}
CRITICAL - 2021-01-23 11:31:32 --> Undefined variable: toggle
#0 D:\Project\Codeigniter\sekolah\app\Controllers\Konfigurasi.php(401): CodeIgniter\Debug\Exceptions->errorHandler(8, 'Undefined varia...', 'D:\\Project\\Code...', 401, Array)
#1 D:\Project\Codeigniter\sekolah\system\CodeIgniter.php(918): App\Controllers\Konfigurasi->toggle()
#2 D:\Project\Codeigniter\sekolah\system\CodeIgniter.php(404): CodeIgniter\CodeIgniter->runController(Object(App\Controllers\Konfigurasi))
#3 D:\Project\Codeigniter\sekolah\system\CodeIgniter.php(312): CodeIgniter\CodeIgniter->handleRequest(NULL, Object(Config\Cache), false)
#4 D:\Project\Codeigniter\sekolah\public\index.php(45): CodeIgniter\CodeIgniter->run()
#5 D:\Project\Codeigniter\sekolah\system\Commands\Server\rewrite.php(34): require_once('D:\\Project\\Code...')
#6 {main}
CRITICAL - 2021-01-23 11:31:42 --> Undefined variable: toggle
#0 D:\Project\Codeigniter\sekolah\app\Controllers\Konfigurasi.php(401): CodeIgniter\Debug\Exceptions->errorHandler(8, 'Undefined varia...', 'D:\\Project\\Code...', 401, Array)
#1 D:\Project\Codeigniter\sekolah\system\CodeIgniter.php(918): App\Controllers\Konfigurasi->toggle()
#2 D:\Project\Codeigniter\sekolah\system\CodeIgniter.php(404): CodeIgniter\CodeIgniter->runController(Object(App\Controllers\Konfigurasi))
#3 D:\Project\Codeigniter\sekolah\system\CodeIgniter.php(312): CodeIgniter\CodeIgniter->handleRequest(NULL, Object(Config\Cache), false)
#4 D:\Project\Codeigniter\sekolah\public\index.php(45): CodeIgniter\CodeIgniter->run()
#5 D:\Project\Codeigniter\sekolah\system\Commands\Server\rewrite.php(34): require_once('D:\\Project\\Code...')
#6 {main}
CRITICAL - 2021-01-23 11:31:44 --> Undefined variable: toggle
#0 D:\Project\Codeigniter\sekolah\app\Controllers\Konfigurasi.php(401): CodeIgniter\Debug\Exceptions->errorHandler(8, 'Undefined varia...', 'D:\\Project\\Code...', 401, Array)
#1 D:\Project\Codeigniter\sekolah\system\CodeIgniter.php(918): App\Controllers\Konfigurasi->toggle()
#2 D:\Project\Codeigniter\sekolah\system\CodeIgniter.php(404): CodeIgniter\CodeIgniter->runController(Object(App\Controllers\Konfigurasi))
#3 D:\Project\Codeigniter\sekolah\system\CodeIgniter.php(312): CodeIgniter\CodeIgniter->handleRequest(NULL, Object(Config\Cache), false)
#4 D:\Project\Codeigniter\sekolah\public\index.php(45): CodeIgniter\CodeIgniter->run()
#5 D:\Project\Codeigniter\sekolah\system\Commands\Server\rewrite.php(34): require_once('D:\\Project\\Code...')
#6 {main}
CRITICAL - 2021-01-23 11:31:52 --> Undefined variable: toggle
#0 D:\Project\Codeigniter\sekolah\app\Controllers\Konfigurasi.php(401): CodeIgniter\Debug\Exceptions->errorHandler(8, 'Undefined varia...', 'D:\\Project\\Code...', 401, Array)
#1 D:\Project\Codeigniter\sekolah\system\CodeIgniter.php(918): App\Controllers\Konfigurasi->toggle()
#2 D:\Project\Codeigniter\sekolah\system\CodeIgniter.php(404): CodeIgniter\CodeIgniter->runController(Object(App\Controllers\Konfigurasi))
#3 D:\Project\Codeigniter\sekolah\system\CodeIgniter.php(312): CodeIgniter\CodeIgniter->handleRequest(NULL, Object(Config\Cache), false)
#4 D:\Project\Codeigniter\sekolah\public\index.php(45): CodeIgniter\CodeIgniter->run()
#5 D:\Project\Codeigniter\sekolah\system\Commands\Server\rewrite.php(34): require_once('D:\\Project\\Code...')
#6 {main}
CRITICAL - 2021-01-23 11:32:06 --> Undefined variable: updatedata
#0 D:\Project\Codeigniter\sekolah\app\Controllers\Konfigurasi.php(404): CodeIgniter\Debug\Exceptions->errorHandler(8, 'Undefined varia...', 'D:\\Project\\Code...', 404, Array)
#1 D:\Project\Codeigniter\sekolah\system\CodeIgniter.php(918): App\Controllers\Konfigurasi->toggle()
#2 D:\Project\Codeigniter\sekolah\system\CodeIgniter.php(404): CodeIgniter\CodeIgniter->runController(Object(App\Controllers\Konfigurasi))
#3 D:\Project\Codeigniter\sekolah\system\CodeIgniter.php(312): CodeIgniter\CodeIgniter->handleRequest(NULL, Object(Config\Cache), false)
#4 D:\Project\Codeigniter\sekolah\public\index.php(45): CodeIgniter\CodeIgniter->run()
#5 D:\Project\Codeigniter\sekolah\system\Commands\Server\rewrite.php(34): require_once('D:\\Project\\Code...')
#6 {main}
CRITICAL - 2021-01-23 14:56:25 --> View themes, no current section.
#0 D:\Project\Codeigniter\sekolah\app\Views\front\layout\menu.php(71): CodeIgniter\View\View->endSection('berita')
#1 D:\Project\Codeigniter\sekolah\system\View\View.php(246): include('D:\\Project\\Code...')
#2 D:\Project\Codeigniter\sekolah\system\Common.php(1119): CodeIgniter\View\View->render('front/layout/me...', Array, true)
#3 D:\Project\Codeigniter\sekolah\app\Controllers\Home.php(9): view('front/layout/me...')
#4 D:\Project\Codeigniter\sekolah\system\CodeIgniter.php(918): App\Controllers\Home->index()
#5 D:\Project\Codeigniter\sekolah\system\CodeIgniter.php(404): CodeIgniter\CodeIgniter->runController(Object(App\Controllers\Home))
#6 D:\Project\Codeigniter\sekolah\system\CodeIgniter.php(312): CodeIgniter\CodeIgniter->handleRequest(NULL, Object(Config\Cache), false)
#7 D:\Project\Codeigniter\sekolah\public\index.php(45): CodeIgniter\CodeIgniter->run()
#8 D:\Project\Codeigniter\sekolah\system\Commands\Server\rewrite.php(34): require_once('D:\\Project\\Code...')
#9 {main}
CRITICAL - 2021-01-23 15:25:16 --> Undefined index: judul_berita
#0 D:\Project\Codeigniter\sekolah\app\Views\front\layout\menu.php(83): CodeIgniter\Debug\Exceptions->errorHandler(8, 'Undefined index...', 'D:\\Project\\Code...', 83, Array)
#1 D:\Project\Codeigniter\sekolah\system\View\View.php(246): include('D:\\Project\\Code...')
#2 D:\Project\Codeigniter\sekolah\system\Common.php(1119): CodeIgniter\View\View->render('front/layout/me...', Array, true)
#3 D:\Project\Codeigniter\sekolah\app\Controllers\Home.php(23): view('front/layout/me...', Array)
#4 D:\Project\Codeigniter\sekolah\system\CodeIgniter.php(918): App\Controllers\Home->index()
#5 D:\Project\Codeigniter\sekolah\system\CodeIgniter.php(404): CodeIgniter\CodeIgniter->runController(Object(App\Controllers\Home))
#6 D:\Project\Codeigniter\sekolah\system\CodeIgniter.php(312): CodeIgniter\CodeIgniter->handleRequest(NULL, Object(Config\Cache), false)
#7 D:\Project\Codeigniter\sekolah\public\index.php(45): CodeIgniter\CodeIgniter->run()
#8 D:\Project\Codeigniter\sekolah\system\Commands\Server\rewrite.php(34): require_once('D:\\Project\\Code...')
#9 {main}
CRITICAL - 2021-01-23 15:25:20 --> Undefined index: judul
#0 D:\Project\Codeigniter\sekolah\app\Views\front\layout\menu.php(83): CodeIgniter\Debug\Exceptions->errorHandler(8, 'Undefined index...', 'D:\\Project\\Code...', 83, Array)
#1 D:\Project\Codeigniter\sekolah\system\View\View.php(246): include('D:\\Project\\Code...')
#2 D:\Project\Codeigniter\sekolah\system\Common.php(1119): CodeIgniter\View\View->render('front/layout/me...', Array, true)
#3 D:\Project\Codeigniter\sekolah\app\Controllers\Home.php(23): view('front/layout/me...', Array)
#4 D:\Project\Codeigniter\sekolah\system\CodeIgniter.php(918): App\Controllers\Home->index()
#5 D:\Project\Codeigniter\sekolah\system\CodeIgniter.php(404): CodeIgniter\CodeIgniter->runController(Object(App\Controllers\Home))
#6 D:\Project\Codeigniter\sekolah\system\CodeIgniter.php(312): CodeIgniter\CodeIgniter->handleRequest(NULL, Object(Config\Cache), false)
#7 D:\Project\Codeigniter\sekolah\public\index.php(45): CodeIgniter\CodeIgniter->run()
#8 D:\Project\Codeigniter\sekolah\system\Commands\Server\rewrite.php(34): require_once('D:\\Project\\Code...')
#9 {main}
CRITICAL - 2021-01-23 15:25:26 --> Undefined index: judul
#0 D:\Project\Codeigniter\sekolah\app\Views\front\layout\menu.php(83): CodeIgniter\Debug\Exceptions->errorHandler(8, 'Undefined index...', 'D:\\Project\\Code...', 83, Array)
#1 D:\Project\Codeigniter\sekolah\system\View\View.php(246): include('D:\\Project\\Code...')
#2 D:\Project\Codeigniter\sekolah\system\Common.php(1119): CodeIgniter\View\View->render('front/layout/me...', Array, true)
#3 D:\Project\Codeigniter\sekolah\app\Controllers\Home.php(23): view('front/layout/me...', Array)
#4 D:\Project\Codeigniter\sekolah\system\CodeIgniter.php(918): App\Controllers\Home->index()
#5 D:\Project\Codeigniter\sekolah\system\CodeIgniter.php(404): CodeIgniter\CodeIgniter->runController(Object(App\Controllers\Home))
#6 D:\Project\Codeigniter\sekolah\system\CodeIgniter.php(312): CodeIgniter\CodeIgniter->handleRequest(NULL, Object(Config\Cache), false)
#7 D:\Project\Codeigniter\sekolah\public\index.php(45): CodeIgniter\CodeIgniter->run()
#8 D:\Project\Codeigniter\sekolah\system\Commands\Server\rewrite.php(34): require_once('D:\\Project\\Code...')
#9 {main}
CRITICAL - 2021-01-23 15:26:40 --> Undefined index: judul
#0 D:\Project\Codeigniter\sekolah\app\Views\front\layout\menu.php(85): CodeIgniter\Debug\Exceptions->errorHandler(8, 'Undefined index...', 'D:\\Project\\Code...', 85, Array)
#1 D:\Project\Codeigniter\sekolah\system\View\View.php(246): include('D:\\Project\\Code...')
#2 D:\Project\Codeigniter\sekolah\system\Common.php(1119): CodeIgniter\View\View->render('front/layout/me...', Array, true)
#3 D:\Project\Codeigniter\sekolah\app\Controllers\Home.php(23): view('front/layout/me...', Array)
#4 D:\Project\Codeigniter\sekolah\system\CodeIgniter.php(918): App\Controllers\Home->index()
#5 D:\Project\Codeigniter\sekolah\system\CodeIgniter.php(404): CodeIgniter\CodeIgniter->runController(Object(App\Controllers\Home))
#6 D:\Project\Codeigniter\sekolah\system\CodeIgniter.php(312): CodeIgniter\CodeIgniter->handleRequest(NULL, Object(Config\Cache), false)
#7 D:\Project\Codeigniter\sekolah\public\index.php(45): CodeIgniter\CodeIgniter->run()
#8 D:\Project\Codeigniter\sekolah\system\Commands\Server\rewrite.php(34): require_once('D:\\Project\\Code...')
#9 {main}
CRITICAL - 2021-01-23 15:32:25 --> Undefined index: sampul
#0 D:\Project\Codeigniter\sekolah\app\Views\front\layout\menu.php(78): CodeIgniter\Debug\Exceptions->errorHandler(8, 'Undefined index...', 'D:\\Project\\Code...', 78, Array)
#1 D:\Project\Codeigniter\sekolah\system\View\View.php(246): include('D:\\Project\\Code...')
#2 D:\Project\Codeigniter\sekolah\system\Common.php(1119): CodeIgniter\View\View->render('front/layout/me...', Array, true)
#3 D:\Project\Codeigniter\sekolah\app\Controllers\Home.php(23): view('front/layout/me...', Array)
#4 D:\Project\Codeigniter\sekolah\system\CodeIgniter.php(918): App\Controllers\Home->index()
#5 D:\Project\Codeigniter\sekolah\system\CodeIgniter.php(404): CodeIgniter\CodeIgniter->runController(Object(App\Controllers\Home))
#6 D:\Project\Codeigniter\sekolah\system\CodeIgniter.php(312): CodeIgniter\CodeIgniter->handleRequest(NULL, Object(Config\Cache), false)
#7 D:\Project\Codeigniter\sekolah\public\index.php(45): CodeIgniter\CodeIgniter->run()
#8 D:\Project\Codeigniter\sekolah\system\Commands\Server\rewrite.php(34): require_once('D:\\Project\\Code...')
#9 {main}
