CRITICAL - 2021-01-18 01:32:13 --> Maximum execution time of 60 seconds exceeded
#0 [internal function]: CodeIgniter\Debug\Exceptions->shutdownHandler()
#1 {main}
CRITICAL - 2021-01-18 01:42:02 --> Maximum execution time of 60 seconds exceeded
#0 [internal function]: CodeIgniter\Debug\Exceptions->shutdownHandler()
#1 {main}
CRITICAL - 2021-01-18 02:18:43 --> Undefined index: nama_kelas
#0 D:\Project\Codeigniter\sekolah\app\Views\auth\spp\list.php(37): CodeIgniter\Debug\Exceptions->errorHandler(8, 'Undefined index...', 'D:\\Project\\Code...', 37, Array)
#1 D:\Project\Codeigniter\sekolah\system\View\View.php(246): include('D:\\Project\\Code...')
#2 D:\Project\Codeigniter\sekolah\system\Common.php(1119): CodeIgniter\View\View->render('auth/spp/list', Array, true)
#3 D:\Project\Codeigniter\sekolah\app\Controllers\Siswa.php(456): view('auth/spp/list', Array)
#4 D:\Project\Codeigniter\sekolah\system\CodeIgniter.php(918): App\Controllers\Siswa->getspp()
#5 D:\Project\Codeigniter\sekolah\system\CodeIgniter.php(404): CodeIgniter\CodeIgniter->runController(Object(App\Controllers\Siswa))
#6 D:\Project\Codeigniter\sekolah\system\CodeIgniter.php(312): CodeIgniter\CodeIgniter->handleRequest(NULL, Object(Config\Cache), false)
#7 D:\Project\Codeigniter\sekolah\public\index.php(45): CodeIgniter\CodeIgniter->run()
#8 D:\Project\Codeigniter\sekolah\system\Commands\Server\rewrite.php(34): require_once('D:\\Project\\Code...')
#9 {main}
CRITICAL - 2021-01-18 02:18:47 --> Undefined index: nama_kelas
#0 D:\Project\Codeigniter\sekolah\app\Views\auth\spp\list.php(37): CodeIgniter\Debug\Exceptions->errorHandler(8, 'Undefined index...', 'D:\\Project\\Code...', 37, Array)
#1 D:\Project\Codeigniter\sekolah\system\View\View.php(246): include('D:\\Project\\Code...')
#2 D:\Project\Codeigniter\sekolah\system\Common.php(1119): CodeIgniter\View\View->render('auth/spp/list', Array, true)
#3 D:\Project\Codeigniter\sekolah\app\Controllers\Siswa.php(456): view('auth/spp/list', Array)
#4 D:\Project\Codeigniter\sekolah\system\CodeIgniter.php(918): App\Controllers\Siswa->getspp()
#5 D:\Project\Codeigniter\sekolah\system\CodeIgniter.php(404): CodeIgniter\CodeIgniter->runController(Object(App\Controllers\Siswa))
#6 D:\Project\Codeigniter\sekolah\system\CodeIgniter.php(312): CodeIgniter\CodeIgniter->handleRequest(NULL, Object(Config\Cache), false)
#7 D:\Project\Codeigniter\sekolah\public\index.php(45): CodeIgniter\CodeIgniter->run()
#8 D:\Project\Codeigniter\sekolah\system\Commands\Server\rewrite.php(34): require_once('D:\\Project\\Code...')
#9 {main}
CRITICAL - 2021-01-18 02:21:29 --> Trying to access array offset on value of type null
#0 D:\Project\Codeigniter\sekolah\app\Controllers\Siswa.php(143): CodeIgniter\Debug\Exceptions->errorHandler(8, 'Trying to acces...', 'D:\\Project\\Code...', 143, Array)
#1 D:\Project\Codeigniter\sekolah\system\CodeIgniter.php(918): App\Controllers\Siswa->formedit()
#2 D:\Project\Codeigniter\sekolah\system\CodeIgniter.php(404): CodeIgniter\CodeIgniter->runController(Object(App\Controllers\Siswa))
#3 D:\Project\Codeigniter\sekolah\system\CodeIgniter.php(312): CodeIgniter\CodeIgniter->handleRequest(NULL, Object(Config\Cache), false)
#4 D:\Project\Codeigniter\sekolah\public\index.php(45): CodeIgniter\CodeIgniter->run()
#5 D:\Project\Codeigniter\sekolah\system\Commands\Server\rewrite.php(34): require_once('D:\\Project\\Code...')
#6 {main}
CRITICAL - 2021-01-18 02:26:13 --> Undefined index: kelas
#0 D:\Project\Codeigniter\sekolah\app\Views\auth\spp\list.php(46): CodeIgniter\Debug\Exceptions->errorHandler(8, 'Undefined index...', 'D:\\Project\\Code...', 46, Array)
#1 D:\Project\Codeigniter\sekolah\system\View\View.php(246): include('D:\\Project\\Code...')
#2 D:\Project\Codeigniter\sekolah\system\Common.php(1119): CodeIgniter\View\View->render('auth/spp/list', Array, true)
#3 D:\Project\Codeigniter\sekolah\app\Controllers\Siswa.php(456): view('auth/spp/list', Array)
#4 D:\Project\Codeigniter\sekolah\system\CodeIgniter.php(918): App\Controllers\Siswa->getspp()
#5 D:\Project\Codeigniter\sekolah\system\CodeIgniter.php(404): CodeIgniter\CodeIgniter->runController(Object(App\Controllers\Siswa))
#6 D:\Project\Codeigniter\sekolah\system\CodeIgniter.php(312): CodeIgniter\CodeIgniter->handleRequest(NULL, Object(Config\Cache), false)
#7 D:\Project\Codeigniter\sekolah\public\index.php(45): CodeIgniter\CodeIgniter->run()
#8 D:\Project\Codeigniter\sekolah\system\Commands\Server\rewrite.php(34): require_once('D:\\Project\\Code...')
#9 {main}
CRITICAL - 2021-01-18 02:26:57 --> Undefined index: nama_kelas
#0 D:\Project\Codeigniter\sekolah\app\Views\auth\spp\list.php(46): CodeIgniter\Debug\Exceptions->errorHandler(8, 'Undefined index...', 'D:\\Project\\Code...', 46, Array)
#1 D:\Project\Codeigniter\sekolah\system\View\View.php(246): include('D:\\Project\\Code...')
#2 D:\Project\Codeigniter\sekolah\system\Common.php(1119): CodeIgniter\View\View->render('auth/spp/list', Array, true)
#3 D:\Project\Codeigniter\sekolah\app\Controllers\Siswa.php(456): view('auth/spp/list', Array)
#4 D:\Project\Codeigniter\sekolah\system\CodeIgniter.php(918): App\Controllers\Siswa->getspp()
#5 D:\Project\Codeigniter\sekolah\system\CodeIgniter.php(404): CodeIgniter\CodeIgniter->runController(Object(App\Controllers\Siswa))
#6 D:\Project\Codeigniter\sekolah\system\CodeIgniter.php(312): CodeIgniter\CodeIgniter->handleRequest(NULL, Object(Config\Cache), false)
#7 D:\Project\Codeigniter\sekolah\public\index.php(45): CodeIgniter\CodeIgniter->run()
#8 D:\Project\Codeigniter\sekolah\system\Commands\Server\rewrite.php(34): require_once('D:\\Project\\Code...')
#9 {main}
CRITICAL - 2021-01-18 02:33:37 --> Invalid file: auth/spp/tambah.php
#0 D:\Project\Codeigniter\sekolah\system\View\View.php(228): CodeIgniter\Exceptions\FrameworkException::forInvalidFile('auth/spp/tambah...')
#1 D:\Project\Codeigniter\sekolah\system\Common.php(1119): CodeIgniter\View\View->render('auth/spp/tambah', Array, true)
#2 D:\Project\Codeigniter\sekolah\app\Controllers\Siswa.php(470): view('auth/spp/tambah', Array)
#3 D:\Project\Codeigniter\sekolah\system\CodeIgniter.php(918): App\Controllers\Siswa->formspp()
#4 D:\Project\Codeigniter\sekolah\system\CodeIgniter.php(404): CodeIgniter\CodeIgniter->runController(Object(App\Controllers\Siswa))
#5 D:\Project\Codeigniter\sekolah\system\CodeIgniter.php(312): CodeIgniter\CodeIgniter->handleRequest(NULL, Object(Config\Cache), false)
#6 D:\Project\Codeigniter\sekolah\public\index.php(45): CodeIgniter\CodeIgniter->run()
#7 D:\Project\Codeigniter\sekolah\system\Commands\Server\rewrite.php(34): require_once('D:\\Project\\Code...')
#8 {main}
CRITICAL - 2021-01-18 03:00:50 --> Cannot delete or update a parent row: a foreign key constraint fails (`sekolah_ci4`.`spp`, CONSTRAINT `spp_ibfk_1` FOREIGN KEY (`siswa_id`) REFERENCES `siswa` (`siswa_id`) ON DELETE NO ACTION ON UPDATE NO ACTION)
#0 D:\Project\Codeigniter\sekolah\system\Database\MySQLi\Connection.php(331): mysqli->query('DELETE FROM `si...')
#1 D:\Project\Codeigniter\sekolah\system\Database\BaseConnection.php(741): CodeIgniter\Database\MySQLi\Connection->execute('DELETE FROM `si...')
#2 D:\Project\Codeigniter\sekolah\system\Database\BaseConnection.php(669): CodeIgniter\Database\BaseConnection->simpleQuery('DELETE FROM `si...')
#3 D:\Project\Codeigniter\sekolah\system\Database\BaseBuilder.php(2853): CodeIgniter\Database\BaseConnection->query('DELETE FROM `si...', Array, false)
#4 D:\Project\Codeigniter\sekolah\system\Model.php(977): CodeIgniter\Database\BaseBuilder->delete()
#5 D:\Project\Codeigniter\sekolah\app\Controllers\Siswa.php(252): CodeIgniter\Model->delete(Array)
#6 D:\Project\Codeigniter\sekolah\system\CodeIgniter.php(918): App\Controllers\Siswa->hapus()
#7 D:\Project\Codeigniter\sekolah\system\CodeIgniter.php(404): CodeIgniter\CodeIgniter->runController(Object(App\Controllers\Siswa))
#8 D:\Project\Codeigniter\sekolah\system\CodeIgniter.php(312): CodeIgniter\CodeIgniter->handleRequest(NULL, Object(Config\Cache), false)
#9 D:\Project\Codeigniter\sekolah\public\index.php(45): CodeIgniter\CodeIgniter->run()
#10 D:\Project\Codeigniter\sekolah\system\Commands\Server\rewrite.php(34): require_once('D:\\Project\\Code...')
#11 {main}
CRITICAL - 2021-01-18 03:00:57 --> Cannot delete or update a parent row: a foreign key constraint fails (`sekolah_ci4`.`spp`, CONSTRAINT `spp_ibfk_1` FOREIGN KEY (`siswa_id`) REFERENCES `siswa` (`siswa_id`) ON DELETE NO ACTION ON UPDATE NO ACTION)
#0 D:\Project\Codeigniter\sekolah\system\Database\MySQLi\Connection.php(331): mysqli->query('DELETE FROM `si...')
#1 D:\Project\Codeigniter\sekolah\system\Database\BaseConnection.php(741): CodeIgniter\Database\MySQLi\Connection->execute('DELETE FROM `si...')
#2 D:\Project\Codeigniter\sekolah\system\Database\BaseConnection.php(669): CodeIgniter\Database\BaseConnection->simpleQuery('DELETE FROM `si...')
#3 D:\Project\Codeigniter\sekolah\system\Database\BaseBuilder.php(2853): CodeIgniter\Database\BaseConnection->query('DELETE FROM `si...', Array, false)
#4 D:\Project\Codeigniter\sekolah\system\Model.php(977): CodeIgniter\Database\BaseBuilder->delete()
#5 D:\Project\Codeigniter\sekolah\app\Controllers\Siswa.php(252): CodeIgniter\Model->delete(Array)
#6 D:\Project\Codeigniter\sekolah\system\CodeIgniter.php(918): App\Controllers\Siswa->hapus()
#7 D:\Project\Codeigniter\sekolah\system\CodeIgniter.php(404): CodeIgniter\CodeIgniter->runController(Object(App\Controllers\Siswa))
#8 D:\Project\Codeigniter\sekolah\system\CodeIgniter.php(312): CodeIgniter\CodeIgniter->handleRequest(NULL, Object(Config\Cache), false)
#9 D:\Project\Codeigniter\sekolah\public\index.php(45): CodeIgniter\CodeIgniter->run()
#10 D:\Project\Codeigniter\sekolah\system\Commands\Server\rewrite.php(34): require_once('D:\\Project\\Code...')
#11 {main}
CRITICAL - 2021-01-18 03:30:50 --> Undefined index: kelas_id
#0 D:\Project\Codeigniter\sekolah\app\Controllers\Siswa.php(627): CodeIgniter\Debug\Exceptions->errorHandler(8, 'Undefined index...', 'D:\\Project\\Code...', 627, Array)
#1 D:\Project\Codeigniter\sekolah\system\CodeIgniter.php(918): App\Controllers\Siswa->formeditspp()
#2 D:\Project\Codeigniter\sekolah\system\CodeIgniter.php(404): CodeIgniter\CodeIgniter->runController(Object(App\Controllers\Siswa))
#3 D:\Project\Codeigniter\sekolah\system\CodeIgniter.php(312): CodeIgniter\CodeIgniter->handleRequest(NULL, Object(Config\Cache), false)
#4 D:\Project\Codeigniter\sekolah\public\index.php(45): CodeIgniter\CodeIgniter->run()
#5 D:\Project\Codeigniter\sekolah\system\Commands\Server\rewrite.php(34): require_once('D:\\Project\\Code...')
#6 {main}
CRITICAL - 2021-01-18 03:36:27 --> Undefined index: nama_siswa
#0 D:\Project\Codeigniter\sekolah\app\Views\auth\spp\edit.php(17): CodeIgniter\Debug\Exceptions->errorHandler(8, 'Undefined index...', 'D:\\Project\\Code...', 17, Array)
#1 D:\Project\Codeigniter\sekolah\system\View\View.php(246): include('D:\\Project\\Code...')
#2 D:\Project\Codeigniter\sekolah\system\Common.php(1119): CodeIgniter\View\View->render('auth/spp/edit', Array, true)
#3 D:\Project\Codeigniter\sekolah\app\Controllers\Siswa.php(643): view('auth/spp/edit', Array)
#4 D:\Project\Codeigniter\sekolah\system\CodeIgniter.php(918): App\Controllers\Siswa->formeditspp()
#5 D:\Project\Codeigniter\sekolah\system\CodeIgniter.php(404): CodeIgniter\CodeIgniter->runController(Object(App\Controllers\Siswa))
#6 D:\Project\Codeigniter\sekolah\system\CodeIgniter.php(312): CodeIgniter\CodeIgniter->handleRequest(NULL, Object(Config\Cache), false)
#7 D:\Project\Codeigniter\sekolah\public\index.php(45): CodeIgniter\CodeIgniter->run()
#8 D:\Project\Codeigniter\sekolah\system\Commands\Server\rewrite.php(34): require_once('D:\\Project\\Code...')
#9 {main}
CRITICAL - 2021-01-18 03:36:38 --> Undefined index: nama
#0 D:\Project\Codeigniter\sekolah\app\Views\auth\spp\edit.php(17): CodeIgniter\Debug\Exceptions->errorHandler(8, 'Undefined index...', 'D:\\Project\\Code...', 17, Array)
#1 D:\Project\Codeigniter\sekolah\system\View\View.php(246): include('D:\\Project\\Code...')
#2 D:\Project\Codeigniter\sekolah\system\Common.php(1119): CodeIgniter\View\View->render('auth/spp/edit', Array, true)
#3 D:\Project\Codeigniter\sekolah\app\Controllers\Siswa.php(643): view('auth/spp/edit', Array)
#4 D:\Project\Codeigniter\sekolah\system\CodeIgniter.php(918): App\Controllers\Siswa->formeditspp()
#5 D:\Project\Codeigniter\sekolah\system\CodeIgniter.php(404): CodeIgniter\CodeIgniter->runController(Object(App\Controllers\Siswa))
#6 D:\Project\Codeigniter\sekolah\system\CodeIgniter.php(312): CodeIgniter\CodeIgniter->handleRequest(NULL, Object(Config\Cache), false)
#7 D:\Project\Codeigniter\sekolah\public\index.php(45): CodeIgniter\CodeIgniter->run()
#8 D:\Project\Codeigniter\sekolah\system\Commands\Server\rewrite.php(34): require_once('D:\\Project\\Code...')
#9 {main}
CRITICAL - 2021-01-18 03:37:11 --> Undefined index: nama
#0 D:\Project\Codeigniter\sekolah\app\Controllers\Siswa.php(626): CodeIgniter\Debug\Exceptions->errorHandler(8, 'Undefined index...', 'D:\\Project\\Code...', 626, Array)
#1 D:\Project\Codeigniter\sekolah\system\CodeIgniter.php(918): App\Controllers\Siswa->formeditspp()
#2 D:\Project\Codeigniter\sekolah\system\CodeIgniter.php(404): CodeIgniter\CodeIgniter->runController(Object(App\Controllers\Siswa))
#3 D:\Project\Codeigniter\sekolah\system\CodeIgniter.php(312): CodeIgniter\CodeIgniter->handleRequest(NULL, Object(Config\Cache), false)
#4 D:\Project\Codeigniter\sekolah\public\index.php(45): CodeIgniter\CodeIgniter->run()
#5 D:\Project\Codeigniter\sekolah\system\Commands\Server\rewrite.php(34): require_once('D:\\Project\\Code...')
#6 {main}
CRITICAL - 2021-01-18 03:39:12 --> Array to string conversion
#0 D:\Project\Codeigniter\sekolah\app\Views\auth\spp\edit.php(17): CodeIgniter\Debug\Exceptions->errorHandler(8, 'Array to string...', 'D:\\Project\\Code...', 17, Array)
#1 D:\Project\Codeigniter\sekolah\system\View\View.php(246): include('D:\\Project\\Code...')
#2 D:\Project\Codeigniter\sekolah\system\Common.php(1119): CodeIgniter\View\View->render('auth/spp/edit', Array, true)
#3 D:\Project\Codeigniter\sekolah\app\Controllers\Siswa.php(643): view('auth/spp/edit', Array)
#4 D:\Project\Codeigniter\sekolah\system\CodeIgniter.php(918): App\Controllers\Siswa->formeditspp()
#5 D:\Project\Codeigniter\sekolah\system\CodeIgniter.php(404): CodeIgniter\CodeIgniter->runController(Object(App\Controllers\Siswa))
#6 D:\Project\Codeigniter\sekolah\system\CodeIgniter.php(312): CodeIgniter\CodeIgniter->handleRequest(NULL, Object(Config\Cache), false)
#7 D:\Project\Codeigniter\sekolah\public\index.php(45): CodeIgniter\CodeIgniter->run()
#8 D:\Project\Codeigniter\sekolah\system\Commands\Server\rewrite.php(34): require_once('D:\\Project\\Code...')
#9 {main}
CRITICAL - 2021-01-18 03:39:28 --> Undefined index: siswa_id
#0 D:\Project\Codeigniter\sekolah\app\Views\auth\spp\edit.php(17): CodeIgniter\Debug\Exceptions->errorHandler(8, 'Undefined index...', 'D:\\Project\\Code...', 17, Array)
#1 D:\Project\Codeigniter\sekolah\system\View\View.php(246): include('D:\\Project\\Code...')
#2 D:\Project\Codeigniter\sekolah\system\Common.php(1119): CodeIgniter\View\View->render('auth/spp/edit', Array, true)
#3 D:\Project\Codeigniter\sekolah\app\Controllers\Siswa.php(643): view('auth/spp/edit', Array)
#4 D:\Project\Codeigniter\sekolah\system\CodeIgniter.php(918): App\Controllers\Siswa->formeditspp()
#5 D:\Project\Codeigniter\sekolah\system\CodeIgniter.php(404): CodeIgniter\CodeIgniter->runController(Object(App\Controllers\Siswa))
#6 D:\Project\Codeigniter\sekolah\system\CodeIgniter.php(312): CodeIgniter\CodeIgniter->handleRequest(NULL, Object(Config\Cache), false)
#7 D:\Project\Codeigniter\sekolah\public\index.php(45): CodeIgniter\CodeIgniter->run()
#8 D:\Project\Codeigniter\sekolah\system\Commands\Server\rewrite.php(34): require_once('D:\\Project\\Code...')
#9 {main}
CRITICAL - 2021-01-18 03:40:13 --> Undefined index: nama
#0 D:\Project\Codeigniter\sekolah\app\Controllers\Siswa.php(627): CodeIgniter\Debug\Exceptions->errorHandler(8, 'Undefined index...', 'D:\\Project\\Code...', 627, Array)
#1 D:\Project\Codeigniter\sekolah\system\CodeIgniter.php(918): App\Controllers\Siswa->formeditspp()
#2 D:\Project\Codeigniter\sekolah\system\CodeIgniter.php(404): CodeIgniter\CodeIgniter->runController(Object(App\Controllers\Siswa))
#3 D:\Project\Codeigniter\sekolah\system\CodeIgniter.php(312): CodeIgniter\CodeIgniter->handleRequest(NULL, Object(Config\Cache), false)
#4 D:\Project\Codeigniter\sekolah\public\index.php(45): CodeIgniter\CodeIgniter->run()
#5 D:\Project\Codeigniter\sekolah\system\Commands\Server\rewrite.php(34): require_once('D:\\Project\\Code...')
#6 {main}
CRITICAL - 2021-01-18 03:42:19 --> Undefined index: nama
#0 D:\Project\Codeigniter\sekolah\app\Controllers\Siswa.php(627): CodeIgniter\Debug\Exceptions->errorHandler(8, 'Undefined index...', 'D:\\Project\\Code...', 627, Array)
#1 D:\Project\Codeigniter\sekolah\system\CodeIgniter.php(918): App\Controllers\Siswa->formeditspp()
#2 D:\Project\Codeigniter\sekolah\system\CodeIgniter.php(404): CodeIgniter\CodeIgniter->runController(Object(App\Controllers\Siswa))
#3 D:\Project\Codeigniter\sekolah\system\CodeIgniter.php(312): CodeIgniter\CodeIgniter->handleRequest(NULL, Object(Config\Cache), false)
#4 D:\Project\Codeigniter\sekolah\public\index.php(45): CodeIgniter\CodeIgniter->run()
#5 D:\Project\Codeigniter\sekolah\system\Commands\Server\rewrite.php(34): require_once('D:\\Project\\Code...')
#6 {main}
CRITICAL - 2021-01-18 03:42:31 --> Array to string conversion
#0 D:\Project\Codeigniter\sekolah\app\Views\auth\spp\edit.php(17): CodeIgniter\Debug\Exceptions->errorHandler(8, 'Array to string...', 'D:\\Project\\Code...', 17, Array)
#1 D:\Project\Codeigniter\sekolah\system\View\View.php(246): include('D:\\Project\\Code...')
#2 D:\Project\Codeigniter\sekolah\system\Common.php(1119): CodeIgniter\View\View->render('auth/spp/edit', Array, true)
#3 D:\Project\Codeigniter\sekolah\app\Controllers\Siswa.php(644): view('auth/spp/edit', Array)
#4 D:\Project\Codeigniter\sekolah\system\CodeIgniter.php(918): App\Controllers\Siswa->formeditspp()
#5 D:\Project\Codeigniter\sekolah\system\CodeIgniter.php(404): CodeIgniter\CodeIgniter->runController(Object(App\Controllers\Siswa))
#6 D:\Project\Codeigniter\sekolah\system\CodeIgniter.php(312): CodeIgniter\CodeIgniter->handleRequest(NULL, Object(Config\Cache), false)
#7 D:\Project\Codeigniter\sekolah\public\index.php(45): CodeIgniter\CodeIgniter->run()
#8 D:\Project\Codeigniter\sekolah\system\Commands\Server\rewrite.php(34): require_once('D:\\Project\\Code...')
#9 {main}
CRITICAL - 2021-01-18 03:42:46 --> Trying to get property 'nama' of non-object
#0 D:\Project\Codeigniter\sekolah\app\Controllers\Siswa.php(627): CodeIgniter\Debug\Exceptions->errorHandler(8, 'Trying to get p...', 'D:\\Project\\Code...', 627, Array)
#1 D:\Project\Codeigniter\sekolah\system\CodeIgniter.php(918): App\Controllers\Siswa->formeditspp()
#2 D:\Project\Codeigniter\sekolah\system\CodeIgniter.php(404): CodeIgniter\CodeIgniter->runController(Object(App\Controllers\Siswa))
#3 D:\Project\Codeigniter\sekolah\system\CodeIgniter.php(312): CodeIgniter\CodeIgniter->handleRequest(NULL, Object(Config\Cache), false)
#4 D:\Project\Codeigniter\sekolah\public\index.php(45): CodeIgniter\CodeIgniter->run()
#5 D:\Project\Codeigniter\sekolah\system\Commands\Server\rewrite.php(34): require_once('D:\\Project\\Code...')
#6 {main}
CRITICAL - 2021-01-18 03:43:30 --> Undefined index: nama
#0 D:\Project\Codeigniter\sekolah\app\Views\auth\spp\edit.php(17): CodeIgniter\Debug\Exceptions->errorHandler(8, 'Undefined index...', 'D:\\Project\\Code...', 17, Array)
#1 D:\Project\Codeigniter\sekolah\system\View\View.php(246): include('D:\\Project\\Code...')
#2 D:\Project\Codeigniter\sekolah\system\Common.php(1119): CodeIgniter\View\View->render('auth/spp/edit', Array, true)
#3 D:\Project\Codeigniter\sekolah\app\Controllers\Siswa.php(643): view('auth/spp/edit', Array)
#4 D:\Project\Codeigniter\sekolah\system\CodeIgniter.php(918): App\Controllers\Siswa->formeditspp()
#5 D:\Project\Codeigniter\sekolah\system\CodeIgniter.php(404): CodeIgniter\CodeIgniter->runController(Object(App\Controllers\Siswa))
#6 D:\Project\Codeigniter\sekolah\system\CodeIgniter.php(312): CodeIgniter\CodeIgniter->handleRequest(NULL, Object(Config\Cache), false)
#7 D:\Project\Codeigniter\sekolah\public\index.php(45): CodeIgniter\CodeIgniter->run()
#8 D:\Project\Codeigniter\sekolah\system\Commands\Server\rewrite.php(34): require_once('D:\\Project\\Code...')
#9 {main}
CRITICAL - 2021-01-18 03:47:28 --> Undefined variable: nis
#0 D:\Project\Codeigniter\sekolah\app\Views\auth\spp\edit.php(17): CodeIgniter\Debug\Exceptions->errorHandler(8, 'Undefined varia...', 'D:\\Project\\Code...', 17, Array)
#1 D:\Project\Codeigniter\sekolah\system\View\View.php(246): include('D:\\Project\\Code...')
#2 D:\Project\Codeigniter\sekolah\system\Common.php(1119): CodeIgniter\View\View->render('auth/spp/edit', Array, true)
#3 D:\Project\Codeigniter\sekolah\app\Controllers\Siswa.php(643): view('auth/spp/edit', Array)
#4 D:\Project\Codeigniter\sekolah\system\CodeIgniter.php(918): App\Controllers\Siswa->formeditspp()
#5 D:\Project\Codeigniter\sekolah\system\CodeIgniter.php(404): CodeIgniter\CodeIgniter->runController(Object(App\Controllers\Siswa))
#6 D:\Project\Codeigniter\sekolah\system\CodeIgniter.php(312): CodeIgniter\CodeIgniter->handleRequest(NULL, Object(Config\Cache), false)
#7 D:\Project\Codeigniter\sekolah\public\index.php(45): CodeIgniter\CodeIgniter->run()
#8 D:\Project\Codeigniter\sekolah\system\Commands\Server\rewrite.php(34): require_once('D:\\Project\\Code...')
#9 {main}
CRITICAL - 2021-01-18 03:47:29 --> Undefined variable: nis
#0 D:\Project\Codeigniter\sekolah\app\Views\auth\spp\edit.php(17): CodeIgniter\Debug\Exceptions->errorHandler(8, 'Undefined varia...', 'D:\\Project\\Code...', 17, Array)
#1 D:\Project\Codeigniter\sekolah\system\View\View.php(246): include('D:\\Project\\Code...')
#2 D:\Project\Codeigniter\sekolah\system\Common.php(1119): CodeIgniter\View\View->render('auth/spp/edit', Array, true)
#3 D:\Project\Codeigniter\sekolah\app\Controllers\Siswa.php(643): view('auth/spp/edit', Array)
#4 D:\Project\Codeigniter\sekolah\system\CodeIgniter.php(918): App\Controllers\Siswa->formeditspp()
#5 D:\Project\Codeigniter\sekolah\system\CodeIgniter.php(404): CodeIgniter\CodeIgniter->runController(Object(App\Controllers\Siswa))
#6 D:\Project\Codeigniter\sekolah\system\CodeIgniter.php(312): CodeIgniter\CodeIgniter->handleRequest(NULL, Object(Config\Cache), false)
#7 D:\Project\Codeigniter\sekolah\public\index.php(45): CodeIgniter\CodeIgniter->run()
#8 D:\Project\Codeigniter\sekolah\system\Commands\Server\rewrite.php(34): require_once('D:\\Project\\Code...')
#9 {main}
CRITICAL - 2021-01-18 03:49:17 --> Undefined variable: kelas_id
#0 D:\Project\Codeigniter\sekolah\app\Views\auth\spp\edit.php(17): CodeIgniter\Debug\Exceptions->errorHandler(8, 'Undefined varia...', 'D:\\Project\\Code...', 17, Array)
#1 D:\Project\Codeigniter\sekolah\system\View\View.php(246): include('D:\\Project\\Code...')
#2 D:\Project\Codeigniter\sekolah\system\Common.php(1119): CodeIgniter\View\View->render('auth/spp/edit', Array, true)
#3 D:\Project\Codeigniter\sekolah\app\Controllers\Siswa.php(643): view('auth/spp/edit', Array)
#4 D:\Project\Codeigniter\sekolah\system\CodeIgniter.php(918): App\Controllers\Siswa->formeditspp()
#5 D:\Project\Codeigniter\sekolah\system\CodeIgniter.php(404): CodeIgniter\CodeIgniter->runController(Object(App\Controllers\Siswa))
#6 D:\Project\Codeigniter\sekolah\system\CodeIgniter.php(312): CodeIgniter\CodeIgniter->handleRequest(NULL, Object(Config\Cache), false)
#7 D:\Project\Codeigniter\sekolah\public\index.php(45): CodeIgniter\CodeIgniter->run()
#8 D:\Project\Codeigniter\sekolah\system\Commands\Server\rewrite.php(34): require_once('D:\\Project\\Code...')
#9 {main}
CRITICAL - 2021-01-18 03:51:20 --> Undefined index: nama
#0 D:\Project\Codeigniter\sekolah\app\Controllers\Siswa.php(626): CodeIgniter\Debug\Exceptions->errorHandler(8, 'Undefined index...', 'D:\\Project\\Code...', 626, Array)
#1 D:\Project\Codeigniter\sekolah\system\CodeIgniter.php(918): App\Controllers\Siswa->formeditspp()
#2 D:\Project\Codeigniter\sekolah\system\CodeIgniter.php(404): CodeIgniter\CodeIgniter->runController(Object(App\Controllers\Siswa))
#3 D:\Project\Codeigniter\sekolah\system\CodeIgniter.php(312): CodeIgniter\CodeIgniter->handleRequest(NULL, Object(Config\Cache), false)
#4 D:\Project\Codeigniter\sekolah\public\index.php(45): CodeIgniter\CodeIgniter->run()
#5 D:\Project\Codeigniter\sekolah\system\Commands\Server\rewrite.php(34): require_once('D:\\Project\\Code...')
#6 {main}
CRITICAL - 2021-01-18 03:57:00 --> Undefined variable: jenkel
#0 D:\Project\Codeigniter\sekolah\app\Views\auth\spp\edit.php(32): CodeIgniter\Debug\Exceptions->errorHandler(8, 'Undefined varia...', 'D:\\Project\\Code...', 32, Array)
#1 D:\Project\Codeigniter\sekolah\system\View\View.php(246): include('D:\\Project\\Code...')
#2 D:\Project\Codeigniter\sekolah\system\Common.php(1119): CodeIgniter\View\View->render('auth/spp/edit', Array, true)
#3 D:\Project\Codeigniter\sekolah\app\Controllers\Siswa.php(643): view('auth/spp/edit', Array)
#4 D:\Project\Codeigniter\sekolah\system\CodeIgniter.php(918): App\Controllers\Siswa->formeditspp()
#5 D:\Project\Codeigniter\sekolah\system\CodeIgniter.php(404): CodeIgniter\CodeIgniter->runController(Object(App\Controllers\Siswa))
#6 D:\Project\Codeigniter\sekolah\system\CodeIgniter.php(312): CodeIgniter\CodeIgniter->handleRequest(NULL, Object(Config\Cache), false)
#7 D:\Project\Codeigniter\sekolah\public\index.php(45): CodeIgniter\CodeIgniter->run()
#8 D:\Project\Codeigniter\sekolah\system\Commands\Server\rewrite.php(34): require_once('D:\\Project\\Code...')
#9 {main}
CRITICAL - 2021-01-18 04:14:56 --> Nama Siswa is not a valid rule.
#0 D:\Project\Codeigniter\sekolah\system\Validation\Validation.php(333): CodeIgniter\Validation\Exceptions\ValidationException::forRuleNotFound('Nama Siswa')
#1 D:\Project\Codeigniter\sekolah\system\Validation\Validation.php(189): CodeIgniter\Validation\Validation->processRules('siswa_id', 'Nama Siswa', NULL, Array, Array)
#2 D:\Project\Codeigniter\sekolah\system\Controller.php(219): CodeIgniter\Validation\Validation->run()
#3 D:\Project\Codeigniter\sekolah\app\Controllers\Siswa.php(655): CodeIgniter\Controller->validate(Array)
#4 D:\Project\Codeigniter\sekolah\system\CodeIgniter.php(918): App\Controllers\Siswa->updatespp()
#5 D:\Project\Codeigniter\sekolah\system\CodeIgniter.php(404): CodeIgniter\CodeIgniter->runController(Object(App\Controllers\Siswa))
#6 D:\Project\Codeigniter\sekolah\system\CodeIgniter.php(312): CodeIgniter\CodeIgniter->handleRequest(NULL, Object(Config\Cache), false)
#7 D:\Project\Codeigniter\sekolah\public\index.php(45): CodeIgniter\CodeIgniter->run()
#8 D:\Project\Codeigniter\sekolah\system\Commands\Server\rewrite.php(34): require_once('D:\\Project\\Code...')
#9 {main}
CRITICAL - 2021-01-18 04:14:57 --> Nama Siswa is not a valid rule.
#0 D:\Project\Codeigniter\sekolah\system\Validation\Validation.php(333): CodeIgniter\Validation\Exceptions\ValidationException::forRuleNotFound('Nama Siswa')
#1 D:\Project\Codeigniter\sekolah\system\Validation\Validation.php(189): CodeIgniter\Validation\Validation->processRules('siswa_id', 'Nama Siswa', NULL, Array, Array)
#2 D:\Project\Codeigniter\sekolah\system\Controller.php(219): CodeIgniter\Validation\Validation->run()
#3 D:\Project\Codeigniter\sekolah\app\Controllers\Siswa.php(655): CodeIgniter\Controller->validate(Array)
#4 D:\Project\Codeigniter\sekolah\system\CodeIgniter.php(918): App\Controllers\Siswa->updatespp()
#5 D:\Project\Codeigniter\sekolah\system\CodeIgniter.php(404): CodeIgniter\CodeIgniter->runController(Object(App\Controllers\Siswa))
#6 D:\Project\Codeigniter\sekolah\system\CodeIgniter.php(312): CodeIgniter\CodeIgniter->handleRequest(NULL, Object(Config\Cache), false)
#7 D:\Project\Codeigniter\sekolah\public\index.php(45): CodeIgniter\CodeIgniter->run()
#8 D:\Project\Codeigniter\sekolah\system\Commands\Server\rewrite.php(34): require_once('D:\\Project\\Code...')
#9 {main}
CRITICAL - 2021-01-18 04:15:00 --> Nama Siswa is not a valid rule.
#0 D:\Project\Codeigniter\sekolah\system\Validation\Validation.php(333): CodeIgniter\Validation\Exceptions\ValidationException::forRuleNotFound('Nama Siswa')
#1 D:\Project\Codeigniter\sekolah\system\Validation\Validation.php(189): CodeIgniter\Validation\Validation->processRules('siswa_id', 'Nama Siswa', NULL, Array, Array)
#2 D:\Project\Codeigniter\sekolah\system\Controller.php(219): CodeIgniter\Validation\Validation->run()
#3 D:\Project\Codeigniter\sekolah\app\Controllers\Siswa.php(655): CodeIgniter\Controller->validate(Array)
#4 D:\Project\Codeigniter\sekolah\system\CodeIgniter.php(918): App\Controllers\Siswa->updatespp()
#5 D:\Project\Codeigniter\sekolah\system\CodeIgniter.php(404): CodeIgniter\CodeIgniter->runController(Object(App\Controllers\Siswa))
#6 D:\Project\Codeigniter\sekolah\system\CodeIgniter.php(312): CodeIgniter\CodeIgniter->handleRequest(NULL, Object(Config\Cache), false)
#7 D:\Project\Codeigniter\sekolah\public\index.php(45): CodeIgniter\CodeIgniter->run()
#8 D:\Project\Codeigniter\sekolah\system\Commands\Server\rewrite.php(34): require_once('D:\\Project\\Code...')
#9 {main}
CRITICAL - 2021-01-18 05:45:07 --> Cannot delete or update a parent row: a foreign key constraint fails (`sekolah_ci4`.`spp`, CONSTRAINT `spp_ibfk_1` FOREIGN KEY (`siswa_id`) REFERENCES `siswa` (`siswa_id`) ON DELETE NO ACTION ON UPDATE NO ACTION)
#0 D:\Project\Codeigniter\sekolah\system\Database\MySQLi\Connection.php(331): mysqli->query('DELETE FROM `si...')
#1 D:\Project\Codeigniter\sekolah\system\Database\BaseConnection.php(741): CodeIgniter\Database\MySQLi\Connection->execute('DELETE FROM `si...')
#2 D:\Project\Codeigniter\sekolah\system\Database\BaseConnection.php(669): CodeIgniter\Database\BaseConnection->simpleQuery('DELETE FROM `si...')
#3 D:\Project\Codeigniter\sekolah\system\Database\BaseBuilder.php(2853): CodeIgniter\Database\BaseConnection->query('DELETE FROM `si...', Array, false)
#4 D:\Project\Codeigniter\sekolah\system\Model.php(977): CodeIgniter\Database\BaseBuilder->delete()
#5 D:\Project\Codeigniter\sekolah\app\Controllers\Siswa.php(252): CodeIgniter\Model->delete(Array)
#6 D:\Project\Codeigniter\sekolah\system\CodeIgniter.php(918): App\Controllers\Siswa->hapus()
#7 D:\Project\Codeigniter\sekolah\system\CodeIgniter.php(404): CodeIgniter\CodeIgniter->runController(Object(App\Controllers\Siswa))
#8 D:\Project\Codeigniter\sekolah\system\CodeIgniter.php(312): CodeIgniter\CodeIgniter->handleRequest(NULL, Object(Config\Cache), false)
#9 D:\Project\Codeigniter\sekolah\public\index.php(45): CodeIgniter\CodeIgniter->run()
#10 D:\Project\Codeigniter\sekolah\system\Commands\Server\rewrite.php(34): require_once('D:\\Project\\Code...')
#11 {main}
CRITICAL - 2021-01-18 05:45:09 --> Cannot delete or update a parent row: a foreign key constraint fails (`sekolah_ci4`.`spp`, CONSTRAINT `spp_ibfk_1` FOREIGN KEY (`siswa_id`) REFERENCES `siswa` (`siswa_id`) ON DELETE NO ACTION ON UPDATE NO ACTION)
#0 D:\Project\Codeigniter\sekolah\system\Database\MySQLi\Connection.php(331): mysqli->query('DELETE FROM `si...')
#1 D:\Project\Codeigniter\sekolah\system\Database\BaseConnection.php(741): CodeIgniter\Database\MySQLi\Connection->execute('DELETE FROM `si...')
#2 D:\Project\Codeigniter\sekolah\system\Database\BaseConnection.php(669): CodeIgniter\Database\BaseConnection->simpleQuery('DELETE FROM `si...')
#3 D:\Project\Codeigniter\sekolah\system\Database\BaseBuilder.php(2853): CodeIgniter\Database\BaseConnection->query('DELETE FROM `si...', Array, false)
#4 D:\Project\Codeigniter\sekolah\system\Model.php(977): CodeIgniter\Database\BaseBuilder->delete()
#5 D:\Project\Codeigniter\sekolah\app\Controllers\Siswa.php(252): CodeIgniter\Model->delete(Array)
#6 D:\Project\Codeigniter\sekolah\system\CodeIgniter.php(918): App\Controllers\Siswa->hapus()
#7 D:\Project\Codeigniter\sekolah\system\CodeIgniter.php(404): CodeIgniter\CodeIgniter->runController(Object(App\Controllers\Siswa))
#8 D:\Project\Codeigniter\sekolah\system\CodeIgniter.php(312): CodeIgniter\CodeIgniter->handleRequest(NULL, Object(Config\Cache), false)
#9 D:\Project\Codeigniter\sekolah\public\index.php(45): CodeIgniter\CodeIgniter->run()
#10 D:\Project\Codeigniter\sekolah\system\Commands\Server\rewrite.php(34): require_once('D:\\Project\\Code...')
#11 {main}
CRITICAL - 2021-01-18 05:45:25 --> Cannot delete or update a parent row: a foreign key constraint fails (`sekolah_ci4`.`spp`, CONSTRAINT `spp_ibfk_1` FOREIGN KEY (`siswa_id`) REFERENCES `siswa` (`siswa_id`) ON DELETE NO ACTION ON UPDATE NO ACTION)
#0 D:\Project\Codeigniter\sekolah\system\Database\MySQLi\Connection.php(331): mysqli->query('DELETE FROM `si...')
#1 D:\Project\Codeigniter\sekolah\system\Database\BaseConnection.php(741): CodeIgniter\Database\MySQLi\Connection->execute('DELETE FROM `si...')
#2 D:\Project\Codeigniter\sekolah\system\Database\BaseConnection.php(669): CodeIgniter\Database\BaseConnection->simpleQuery('DELETE FROM `si...')
#3 D:\Project\Codeigniter\sekolah\system\Database\BaseBuilder.php(2853): CodeIgniter\Database\BaseConnection->query('DELETE FROM `si...', Array, false)
#4 D:\Project\Codeigniter\sekolah\system\Model.php(977): CodeIgniter\Database\BaseBuilder->delete()
#5 D:\Project\Codeigniter\sekolah\app\Controllers\Siswa.php(252): CodeIgniter\Model->delete(Array)
#6 D:\Project\Codeigniter\sekolah\system\CodeIgniter.php(918): App\Controllers\Siswa->hapus()
#7 D:\Project\Codeigniter\sekolah\system\CodeIgniter.php(404): CodeIgniter\CodeIgniter->runController(Object(App\Controllers\Siswa))
#8 D:\Project\Codeigniter\sekolah\system\CodeIgniter.php(312): CodeIgniter\CodeIgniter->handleRequest(NULL, Object(Config\Cache), false)
#9 D:\Project\Codeigniter\sekolah\public\index.php(45): CodeIgniter\CodeIgniter->run()
#10 D:\Project\Codeigniter\sekolah\system\Commands\Server\rewrite.php(34): require_once('D:\\Project\\Code...')
#11 {main}
CRITICAL - 2021-01-18 05:45:46 --> Cannot delete or update a parent row: a foreign key constraint fails (`sekolah_ci4`.`spp`, CONSTRAINT `spp_ibfk_1` FOREIGN KEY (`siswa_id`) REFERENCES `siswa` (`siswa_id`) ON DELETE NO ACTION ON UPDATE NO ACTION)
#0 D:\Project\Codeigniter\sekolah\system\Database\MySQLi\Connection.php(331): mysqli->query('DELETE FROM `si...')
#1 D:\Project\Codeigniter\sekolah\system\Database\BaseConnection.php(741): CodeIgniter\Database\MySQLi\Connection->execute('DELETE FROM `si...')
#2 D:\Project\Codeigniter\sekolah\system\Database\BaseConnection.php(669): CodeIgniter\Database\BaseConnection->simpleQuery('DELETE FROM `si...')
#3 D:\Project\Codeigniter\sekolah\system\Database\BaseBuilder.php(2853): CodeIgniter\Database\BaseConnection->query('DELETE FROM `si...', Array, false)
#4 D:\Project\Codeigniter\sekolah\system\Model.php(977): CodeIgniter\Database\BaseBuilder->delete()
#5 D:\Project\Codeigniter\sekolah\app\Controllers\Siswa.php(267): CodeIgniter\Model->delete(Array)
#6 D:\Project\Codeigniter\sekolah\system\CodeIgniter.php(918): App\Controllers\Siswa->hapusall()
#7 D:\Project\Codeigniter\sekolah\system\CodeIgniter.php(404): CodeIgniter\CodeIgniter->runController(Object(App\Controllers\Siswa))
#8 D:\Project\Codeigniter\sekolah\system\CodeIgniter.php(312): CodeIgniter\CodeIgniter->handleRequest(NULL, Object(Config\Cache), false)
#9 D:\Project\Codeigniter\sekolah\public\index.php(45): CodeIgniter\CodeIgniter->run()
#10 D:\Project\Codeigniter\sekolah\system\Commands\Server\rewrite.php(34): require_once('D:\\Project\\Code...')
#11 {main}
CRITICAL - 2021-01-18 05:45:59 --> Cannot delete or update a parent row: a foreign key constraint fails (`sekolah_ci4`.`spp`, CONSTRAINT `spp_ibfk_1` FOREIGN KEY (`siswa_id`) REFERENCES `siswa` (`siswa_id`) ON DELETE NO ACTION ON UPDATE NO ACTION)
#0 D:\Project\Codeigniter\sekolah\system\Database\MySQLi\Connection.php(331): mysqli->query('DELETE FROM `si...')
#1 D:\Project\Codeigniter\sekolah\system\Database\BaseConnection.php(741): CodeIgniter\Database\MySQLi\Connection->execute('DELETE FROM `si...')
#2 D:\Project\Codeigniter\sekolah\system\Database\BaseConnection.php(669): CodeIgniter\Database\BaseConnection->simpleQuery('DELETE FROM `si...')
#3 D:\Project\Codeigniter\sekolah\system\Database\BaseBuilder.php(2853): CodeIgniter\Database\BaseConnection->query('DELETE FROM `si...', Array, false)
#4 D:\Project\Codeigniter\sekolah\system\Model.php(977): CodeIgniter\Database\BaseBuilder->delete()
#5 D:\Project\Codeigniter\sekolah\app\Controllers\Siswa.php(252): CodeIgniter\Model->delete(Array)
#6 D:\Project\Codeigniter\sekolah\system\CodeIgniter.php(918): App\Controllers\Siswa->hapus()
#7 D:\Project\Codeigniter\sekolah\system\CodeIgniter.php(404): CodeIgniter\CodeIgniter->runController(Object(App\Controllers\Siswa))
#8 D:\Project\Codeigniter\sekolah\system\CodeIgniter.php(312): CodeIgniter\CodeIgniter->handleRequest(NULL, Object(Config\Cache), false)
#9 D:\Project\Codeigniter\sekolah\public\index.php(45): CodeIgniter\CodeIgniter->run()
#10 D:\Project\Codeigniter\sekolah\system\Commands\Server\rewrite.php(34): require_once('D:\\Project\\Code...')
#11 {main}
CRITICAL - 2021-01-18 05:46:06 --> Cannot delete or update a parent row: a foreign key constraint fails (`sekolah_ci4`.`spp`, CONSTRAINT `spp_ibfk_1` FOREIGN KEY (`siswa_id`) REFERENCES `siswa` (`siswa_id`) ON DELETE NO ACTION ON UPDATE NO ACTION)
#0 D:\Project\Codeigniter\sekolah\system\Database\MySQLi\Connection.php(331): mysqli->query('DELETE FROM `si...')
#1 D:\Project\Codeigniter\sekolah\system\Database\BaseConnection.php(741): CodeIgniter\Database\MySQLi\Connection->execute('DELETE FROM `si...')
#2 D:\Project\Codeigniter\sekolah\system\Database\BaseConnection.php(669): CodeIgniter\Database\BaseConnection->simpleQuery('DELETE FROM `si...')
#3 D:\Project\Codeigniter\sekolah\system\Database\BaseBuilder.php(2853): CodeIgniter\Database\BaseConnection->query('DELETE FROM `si...', Array, false)
#4 D:\Project\Codeigniter\sekolah\system\Model.php(977): CodeIgniter\Database\BaseBuilder->delete()
#5 D:\Project\Codeigniter\sekolah\app\Controllers\Siswa.php(252): CodeIgniter\Model->delete(Array)
#6 D:\Project\Codeigniter\sekolah\system\CodeIgniter.php(918): App\Controllers\Siswa->hapus()
#7 D:\Project\Codeigniter\sekolah\system\CodeIgniter.php(404): CodeIgniter\CodeIgniter->runController(Object(App\Controllers\Siswa))
#8 D:\Project\Codeigniter\sekolah\system\CodeIgniter.php(312): CodeIgniter\CodeIgniter->handleRequest(NULL, Object(Config\Cache), false)
#9 D:\Project\Codeigniter\sekolah\public\index.php(45): CodeIgniter\CodeIgniter->run()
#10 D:\Project\Codeigniter\sekolah\system\Commands\Server\rewrite.php(34): require_once('D:\\Project\\Code...')
#11 {main}
CRITICAL - 2021-01-18 05:48:54 --> Cannot delete or update a parent row: a foreign key constraint fails (`sekolah_ci4`.`spp`, CONSTRAINT `spp_ibfk_1` FOREIGN KEY (`siswa_id`) REFERENCES `siswa` (`siswa_id`) ON UPDATE NO ACTION)
#0 D:\Project\Codeigniter\sekolah\system\Database\MySQLi\Connection.php(331): mysqli->query('DELETE FROM `si...')
#1 D:\Project\Codeigniter\sekolah\system\Database\BaseConnection.php(741): CodeIgniter\Database\MySQLi\Connection->execute('DELETE FROM `si...')
#2 D:\Project\Codeigniter\sekolah\system\Database\BaseConnection.php(669): CodeIgniter\Database\BaseConnection->simpleQuery('DELETE FROM `si...')
#3 D:\Project\Codeigniter\sekolah\system\Database\BaseBuilder.php(2853): CodeIgniter\Database\BaseConnection->query('DELETE FROM `si...', Array, false)
#4 D:\Project\Codeigniter\sekolah\system\Model.php(977): CodeIgniter\Database\BaseBuilder->delete()
#5 D:\Project\Codeigniter\sekolah\app\Controllers\Siswa.php(252): CodeIgniter\Model->delete(Array)
#6 D:\Project\Codeigniter\sekolah\system\CodeIgniter.php(918): App\Controllers\Siswa->hapus()
#7 D:\Project\Codeigniter\sekolah\system\CodeIgniter.php(404): CodeIgniter\CodeIgniter->runController(Object(App\Controllers\Siswa))
#8 D:\Project\Codeigniter\sekolah\system\CodeIgniter.php(312): CodeIgniter\CodeIgniter->handleRequest(NULL, Object(Config\Cache), false)
#9 D:\Project\Codeigniter\sekolah\public\index.php(45): CodeIgniter\CodeIgniter->run()
#10 D:\Project\Codeigniter\sekolah\system\Commands\Server\rewrite.php(34): require_once('D:\\Project\\Code...')
#11 {main}
CRITICAL - 2021-01-18 05:49:05 --> Cannot delete or update a parent row: a foreign key constraint fails (`sekolah_ci4`.`spp`, CONSTRAINT `spp_ibfk_1` FOREIGN KEY (`siswa_id`) REFERENCES `siswa` (`siswa_id`) ON UPDATE NO ACTION)
#0 D:\Project\Codeigniter\sekolah\system\Database\MySQLi\Connection.php(331): mysqli->query('DELETE FROM `si...')
#1 D:\Project\Codeigniter\sekolah\system\Database\BaseConnection.php(741): CodeIgniter\Database\MySQLi\Connection->execute('DELETE FROM `si...')
#2 D:\Project\Codeigniter\sekolah\system\Database\BaseConnection.php(669): CodeIgniter\Database\BaseConnection->simpleQuery('DELETE FROM `si...')
#3 D:\Project\Codeigniter\sekolah\system\Database\BaseBuilder.php(2853): CodeIgniter\Database\BaseConnection->query('DELETE FROM `si...', Array, false)
#4 D:\Project\Codeigniter\sekolah\system\Model.php(977): CodeIgniter\Database\BaseBuilder->delete()
#5 D:\Project\Codeigniter\sekolah\app\Controllers\Siswa.php(252): CodeIgniter\Model->delete(Array)
#6 D:\Project\Codeigniter\sekolah\system\CodeIgniter.php(918): App\Controllers\Siswa->hapus()
#7 D:\Project\Codeigniter\sekolah\system\CodeIgniter.php(404): CodeIgniter\CodeIgniter->runController(Object(App\Controllers\Siswa))
#8 D:\Project\Codeigniter\sekolah\system\CodeIgniter.php(312): CodeIgniter\CodeIgniter->handleRequest(NULL, Object(Config\Cache), false)
#9 D:\Project\Codeigniter\sekolah\public\index.php(45): CodeIgniter\CodeIgniter->run()
#10 D:\Project\Codeigniter\sekolah\system\Commands\Server\rewrite.php(34): require_once('D:\\Project\\Code...')
#11 {main}
CRITICAL - 2021-01-18 19:33:56 --> Invalid file: auth/kategori/index.php
#0 D:\Project\Codeigniter\sekolah\system\View\View.php(228): CodeIgniter\Exceptions\FrameworkException::forInvalidFile('auth/kategori/i...')
#1 D:\Project\Codeigniter\sekolah\system\Common.php(1119): CodeIgniter\View\View->render('auth/kategori/i...', Array, true)
#2 D:\Project\Codeigniter\sekolah\app\Controllers\Berita.php(374): view('auth/kategori/i...', Array)
#3 D:\Project\Codeigniter\sekolah\system\CodeIgniter.php(918): App\Controllers\Berita->kategori()
#4 D:\Project\Codeigniter\sekolah\system\CodeIgniter.php(404): CodeIgniter\CodeIgniter->runController(Object(App\Controllers\Berita))
#5 D:\Project\Codeigniter\sekolah\system\CodeIgniter.php(312): CodeIgniter\CodeIgniter->handleRequest(NULL, Object(Config\Cache), false)
#6 D:\Project\Codeigniter\sekolah\public\index.php(45): CodeIgniter\CodeIgniter->run()
#7 D:\Project\Codeigniter\sekolah\system\Commands\Server\rewrite.php(34): require_once('D:\\Project\\Code...')
#8 {main}
CRITICAL - 2021-01-18 19:34:23 --> Invalid file: auth/kategori/index.php
#0 D:\Project\Codeigniter\sekolah\system\View\View.php(228): CodeIgniter\Exceptions\FrameworkException::forInvalidFile('auth/kategori/i...')
#1 D:\Project\Codeigniter\sekolah\system\Common.php(1119): CodeIgniter\View\View->render('auth/kategori/i...', Array, true)
#2 D:\Project\Codeigniter\sekolah\app\Controllers\Berita.php(374): view('auth/kategori/i...', Array)
#3 D:\Project\Codeigniter\sekolah\system\CodeIgniter.php(918): App\Controllers\Berita->kategori()
#4 D:\Project\Codeigniter\sekolah\system\CodeIgniter.php(404): CodeIgniter\CodeIgniter->runController(Object(App\Controllers\Berita))
#5 D:\Project\Codeigniter\sekolah\system\CodeIgniter.php(312): CodeIgniter\CodeIgniter->handleRequest(NULL, Object(Config\Cache), false)
#6 D:\Project\Codeigniter\sekolah\public\index.php(45): CodeIgniter\CodeIgniter->run()
#7 D:\Project\Codeigniter\sekolah\system\Commands\Server\rewrite.php(34): require_once('D:\\Project\\Code...')
#8 {main}
CRITICAL - 2021-01-18 19:35:44 --> Invalid file: auth/kategori/list.php
#0 D:\Project\Codeigniter\sekolah\system\View\View.php(228): CodeIgniter\Exceptions\FrameworkException::forInvalidFile('auth/kategori/l...')
#1 D:\Project\Codeigniter\sekolah\system\Common.php(1119): CodeIgniter\View\View->render('auth/kategori/l...', Array, true)
#2 D:\Project\Codeigniter\sekolah\app\Controllers\Berita.php(385): view('auth/kategori/l...', Array)
#3 D:\Project\Codeigniter\sekolah\system\CodeIgniter.php(918): App\Controllers\Berita->getkategori()
#4 D:\Project\Codeigniter\sekolah\system\CodeIgniter.php(404): CodeIgniter\CodeIgniter->runController(Object(App\Controllers\Berita))
#5 D:\Project\Codeigniter\sekolah\system\CodeIgniter.php(312): CodeIgniter\CodeIgniter->handleRequest(NULL, Object(Config\Cache), false)
#6 D:\Project\Codeigniter\sekolah\public\index.php(45): CodeIgniter\CodeIgniter->run()
#7 D:\Project\Codeigniter\sekolah\system\Commands\Server\rewrite.php(34): require_once('D:\\Project\\Code...')
#8 {main}
CRITICAL - 2021-01-18 19:35:52 --> Invalid file: auth/kategori/list.php
#0 D:\Project\Codeigniter\sekolah\system\View\View.php(228): CodeIgniter\Exceptions\FrameworkException::forInvalidFile('auth/kategori/l...')
#1 D:\Project\Codeigniter\sekolah\system\Common.php(1119): CodeIgniter\View\View->render('auth/kategori/l...', Array, true)
#2 D:\Project\Codeigniter\sekolah\app\Controllers\Berita.php(385): view('auth/kategori/l...', Array)
#3 D:\Project\Codeigniter\sekolah\system\CodeIgniter.php(918): App\Controllers\Berita->getkategori()
#4 D:\Project\Codeigniter\sekolah\system\CodeIgniter.php(404): CodeIgniter\CodeIgniter->runController(Object(App\Controllers\Berita))
#5 D:\Project\Codeigniter\sekolah\system\CodeIgniter.php(312): CodeIgniter\CodeIgniter->handleRequest(NULL, Object(Config\Cache), false)
#6 D:\Project\Codeigniter\sekolah\public\index.php(45): CodeIgniter\CodeIgniter->run()
#7 D:\Project\Codeigniter\sekolah\system\Commands\Server\rewrite.php(34): require_once('D:\\Project\\Code...')
#8 {main}
CRITICAL - 2021-01-18 19:37:21 --> Undefined index: slug
#0 D:\Project\Codeigniter\sekolah\app\Views\auth\kategori\list.php(18): CodeIgniter\Debug\Exceptions->errorHandler(8, 'Undefined index...', 'D:\\Project\\Code...', 18, Array)
#1 D:\Project\Codeigniter\sekolah\system\View\View.php(246): include('D:\\Project\\Code...')
#2 D:\Project\Codeigniter\sekolah\system\Common.php(1119): CodeIgniter\View\View->render('auth/kategori/l...', Array, true)
#3 D:\Project\Codeigniter\sekolah\app\Controllers\Berita.php(385): view('auth/kategori/l...', Array)
#4 D:\Project\Codeigniter\sekolah\system\CodeIgniter.php(918): App\Controllers\Berita->getkategori()
#5 D:\Project\Codeigniter\sekolah\system\CodeIgniter.php(404): CodeIgniter\CodeIgniter->runController(Object(App\Controllers\Berita))
#6 D:\Project\Codeigniter\sekolah\system\CodeIgniter.php(312): CodeIgniter\CodeIgniter->handleRequest(NULL, Object(Config\Cache), false)
#7 D:\Project\Codeigniter\sekolah\public\index.php(45): CodeIgniter\CodeIgniter->run()
#8 D:\Project\Codeigniter\sekolah\system\Commands\Server\rewrite.php(34): require_once('D:\\Project\\Code...')
#9 {main}
CRITICAL - 2021-01-18 19:37:50 --> Undefined index: mapel_id
#0 D:\Project\Codeigniter\sekolah\app\Controllers\Guru.php(445): CodeIgniter\Debug\Exceptions->errorHandler(8, 'Undefined index...', 'D:\\Project\\Code...', 445, Array)
#1 D:\Project\Codeigniter\sekolah\system\CodeIgniter.php(918): App\Controllers\Guru->formeditmapel()
#2 D:\Project\Codeigniter\sekolah\system\CodeIgniter.php(404): CodeIgniter\CodeIgniter->runController(Object(App\Controllers\Guru))
#3 D:\Project\Codeigniter\sekolah\system\CodeIgniter.php(312): CodeIgniter\CodeIgniter->handleRequest(NULL, Object(Config\Cache), false)
#4 D:\Project\Codeigniter\sekolah\public\index.php(45): CodeIgniter\CodeIgniter->run()
#5 D:\Project\Codeigniter\sekolah\system\Commands\Server\rewrite.php(34): require_once('D:\\Project\\Code...')
#6 {main}
CRITICAL - 2021-01-18 19:37:52 --> Invalid file: auth/kategori/tambah.php
#0 D:\Project\Codeigniter\sekolah\system\View\View.php(228): CodeIgniter\Exceptions\FrameworkException::forInvalidFile('auth/kategori/t...')
#1 D:\Project\Codeigniter\sekolah\system\Common.php(1119): CodeIgniter\View\View->render('auth/kategori/t...', Array, true)
#2 D:\Project\Codeigniter\sekolah\app\Controllers\Berita.php(398): view('auth/kategori/t...', Array)
#3 D:\Project\Codeigniter\sekolah\system\CodeIgniter.php(918): App\Controllers\Berita->formkategori()
#4 D:\Project\Codeigniter\sekolah\system\CodeIgniter.php(404): CodeIgniter\CodeIgniter->runController(Object(App\Controllers\Berita))
#5 D:\Project\Codeigniter\sekolah\system\CodeIgniter.php(312): CodeIgniter\CodeIgniter->handleRequest(NULL, Object(Config\Cache), false)
#6 D:\Project\Codeigniter\sekolah\public\index.php(45): CodeIgniter\CodeIgniter->run()
#7 D:\Project\Codeigniter\sekolah\system\Commands\Server\rewrite.php(34): require_once('D:\\Project\\Code...')
#8 {main}
CRITICAL - 2021-01-18 19:41:42 --> Undefined index: mapel_id
#0 D:\Project\Codeigniter\sekolah\app\Controllers\Guru.php(445): CodeIgniter\Debug\Exceptions->errorHandler(8, 'Undefined index...', 'D:\\Project\\Code...', 445, Array)
#1 D:\Project\Codeigniter\sekolah\system\CodeIgniter.php(918): App\Controllers\Guru->formeditmapel()
#2 D:\Project\Codeigniter\sekolah\system\CodeIgniter.php(404): CodeIgniter\CodeIgniter->runController(Object(App\Controllers\Guru))
#3 D:\Project\Codeigniter\sekolah\system\CodeIgniter.php(312): CodeIgniter\CodeIgniter->handleRequest(NULL, Object(Config\Cache), false)
#4 D:\Project\Codeigniter\sekolah\public\index.php(45): CodeIgniter\CodeIgniter->run()
#5 D:\Project\Codeigniter\sekolah\system\Commands\Server\rewrite.php(34): require_once('D:\\Project\\Code...')
#6 {main}
CRITICAL - 2021-01-18 19:43:09 --> Undefined index: mapel_id
#0 D:\Project\Codeigniter\sekolah\app\Controllers\Guru.php(445): CodeIgniter\Debug\Exceptions->errorHandler(8, 'Undefined index...', 'D:\\Project\\Code...', 445, Array)
#1 D:\Project\Codeigniter\sekolah\system\CodeIgniter.php(918): App\Controllers\Guru->formeditmapel()
#2 D:\Project\Codeigniter\sekolah\system\CodeIgniter.php(404): CodeIgniter\CodeIgniter->runController(Object(App\Controllers\Guru))
#3 D:\Project\Codeigniter\sekolah\system\CodeIgniter.php(312): CodeIgniter\CodeIgniter->handleRequest(NULL, Object(Config\Cache), false)
#4 D:\Project\Codeigniter\sekolah\public\index.php(45): CodeIgniter\CodeIgniter->run()
#5 D:\Project\Codeigniter\sekolah\system\Commands\Server\rewrite.php(34): require_once('D:\\Project\\Code...')
#6 {main}
CRITICAL - 2021-01-18 20:18:18 --> Trying to access array offset on value of type null
#0 D:\Project\Codeigniter\sekolah\app\Views\auth\guru\upload.php(15): CodeIgniter\Debug\Exceptions->errorHandler(8, 'Trying to acces...', 'D:\\Project\\Code...', 15, Array)
#1 D:\Project\Codeigniter\sekolah\system\View\View.php(246): include('D:\\Project\\Code...')
#2 D:\Project\Codeigniter\sekolah\system\Common.php(1119): CodeIgniter\View\View->render('auth/guru/uploa...', Array, true)
#3 D:\Project\Codeigniter\sekolah\app\Controllers\Guru.php(304): view('auth/guru/uploa...', Array)
#4 D:\Project\Codeigniter\sekolah\system\CodeIgniter.php(918): App\Controllers\Guru->formupload()
#5 D:\Project\Codeigniter\sekolah\system\CodeIgniter.php(404): CodeIgniter\CodeIgniter->runController(Object(App\Controllers\Guru))
#6 D:\Project\Codeigniter\sekolah\system\CodeIgniter.php(312): CodeIgniter\CodeIgniter->handleRequest(NULL, Object(Config\Cache), false)
#7 D:\Project\Codeigniter\sekolah\public\index.php(45): CodeIgniter\CodeIgniter->run()
#8 D:\Project\Codeigniter\sekolah\system\Commands\Server\rewrite.php(34): require_once('D:\\Project\\Code...')
#9 {main}
CRITICAL - 2021-01-18 20:26:27 --> Invalid file: auth/berita/tambah.php
#0 D:\Project\Codeigniter\sekolah\system\View\View.php(228): CodeIgniter\Exceptions\FrameworkException::forInvalidFile('auth/berita/tam...')
#1 D:\Project\Codeigniter\sekolah\system\Common.php(1119): CodeIgniter\View\View->render('auth/berita/tam...', Array, true)
#2 D:\Project\Codeigniter\sekolah\app\Controllers\Berita.php(39): view('auth/berita/tam...', Array)
#3 D:\Project\Codeigniter\sekolah\system\CodeIgniter.php(918): App\Controllers\Berita->formtambah()
#4 D:\Project\Codeigniter\sekolah\system\CodeIgniter.php(404): CodeIgniter\CodeIgniter->runController(Object(App\Controllers\Berita))
#5 D:\Project\Codeigniter\sekolah\system\CodeIgniter.php(312): CodeIgniter\CodeIgniter->handleRequest(NULL, Object(Config\Cache), false)
#6 D:\Project\Codeigniter\sekolah\public\index.php(45): CodeIgniter\CodeIgniter->run()
#7 D:\Project\Codeigniter\sekolah\system\Commands\Server\rewrite.php(34): require_once('D:\\Project\\Code...')
#8 {main}
CRITICAL - 2021-01-18 20:26:28 --> Invalid file: auth/berita/tambah.php
#0 D:\Project\Codeigniter\sekolah\system\View\View.php(228): CodeIgniter\Exceptions\FrameworkException::forInvalidFile('auth/berita/tam...')
#1 D:\Project\Codeigniter\sekolah\system\Common.php(1119): CodeIgniter\View\View->render('auth/berita/tam...', Array, true)
#2 D:\Project\Codeigniter\sekolah\app\Controllers\Berita.php(39): view('auth/berita/tam...', Array)
#3 D:\Project\Codeigniter\sekolah\system\CodeIgniter.php(918): App\Controllers\Berita->formtambah()
#4 D:\Project\Codeigniter\sekolah\system\CodeIgniter.php(404): CodeIgniter\CodeIgniter->runController(Object(App\Controllers\Berita))
#5 D:\Project\Codeigniter\sekolah\system\CodeIgniter.php(312): CodeIgniter\CodeIgniter->handleRequest(NULL, Object(Config\Cache), false)
#6 D:\Project\Codeigniter\sekolah\public\index.php(45): CodeIgniter\CodeIgniter->run()
#7 D:\Project\Codeigniter\sekolah\system\Commands\Server\rewrite.php(34): require_once('D:\\Project\\Code...')
#8 {main}
CRITICAL - 2021-01-18 20:26:30 --> Invalid file: auth/berita/tambah.php
#0 D:\Project\Codeigniter\sekolah\system\View\View.php(228): CodeIgniter\Exceptions\FrameworkException::forInvalidFile('auth/berita/tam...')
#1 D:\Project\Codeigniter\sekolah\system\Common.php(1119): CodeIgniter\View\View->render('auth/berita/tam...', Array, true)
#2 D:\Project\Codeigniter\sekolah\app\Controllers\Berita.php(39): view('auth/berita/tam...', Array)
#3 D:\Project\Codeigniter\sekolah\system\CodeIgniter.php(918): App\Controllers\Berita->formtambah()
#4 D:\Project\Codeigniter\sekolah\system\CodeIgniter.php(404): CodeIgniter\CodeIgniter->runController(Object(App\Controllers\Berita))
#5 D:\Project\Codeigniter\sekolah\system\CodeIgniter.php(312): CodeIgniter\CodeIgniter->handleRequest(NULL, Object(Config\Cache), false)
#6 D:\Project\Codeigniter\sekolah\public\index.php(45): CodeIgniter\CodeIgniter->run()
#7 D:\Project\Codeigniter\sekolah\system\Commands\Server\rewrite.php(34): require_once('D:\\Project\\Code...')
#8 {main}
CRITICAL - 2021-01-18 20:27:53 --> Trying to access array offset on value of type null
#0 D:\Project\Codeigniter\sekolah\app\Controllers\Guru.php(144): CodeIgniter\Debug\Exceptions->errorHandler(8, 'Trying to acces...', 'D:\\Project\\Code...', 144, Array)
#1 D:\Project\Codeigniter\sekolah\system\CodeIgniter.php(918): App\Controllers\Guru->formedit()
#2 D:\Project\Codeigniter\sekolah\system\CodeIgniter.php(404): CodeIgniter\CodeIgniter->runController(Object(App\Controllers\Guru))
#3 D:\Project\Codeigniter\sekolah\system\CodeIgniter.php(312): CodeIgniter\CodeIgniter->handleRequest(NULL, Object(Config\Cache), false)
#4 D:\Project\Codeigniter\sekolah\public\index.php(45): CodeIgniter\CodeIgniter->run()
#5 D:\Project\Codeigniter\sekolah\system\Commands\Server\rewrite.php(34): require_once('D:\\Project\\Code...')
#6 {main}
CRITICAL - 2021-01-18 20:28:03 --> Invalid file: auth/berita/tambah.php
#0 D:\Project\Codeigniter\sekolah\system\View\View.php(228): CodeIgniter\Exceptions\FrameworkException::forInvalidFile('auth/berita/tam...')
#1 D:\Project\Codeigniter\sekolah\system\Common.php(1119): CodeIgniter\View\View->render('auth/berita/tam...', Array, true)
#2 D:\Project\Codeigniter\sekolah\app\Controllers\Berita.php(39): view('auth/berita/tam...', Array)
#3 D:\Project\Codeigniter\sekolah\system\CodeIgniter.php(918): App\Controllers\Berita->formtambah()
#4 D:\Project\Codeigniter\sekolah\system\CodeIgniter.php(404): CodeIgniter\CodeIgniter->runController(Object(App\Controllers\Berita))
#5 D:\Project\Codeigniter\sekolah\system\CodeIgniter.php(312): CodeIgniter\CodeIgniter->handleRequest(NULL, Object(Config\Cache), false)
#6 D:\Project\Codeigniter\sekolah\public\index.php(45): CodeIgniter\CodeIgniter->run()
#7 D:\Project\Codeigniter\sekolah\system\Commands\Server\rewrite.php(34): require_once('D:\\Project\\Code...')
#8 {main}
CRITICAL - 2021-01-18 20:28:05 --> Invalid file: auth/berita/tambah.php
#0 D:\Project\Codeigniter\sekolah\system\View\View.php(228): CodeIgniter\Exceptions\FrameworkException::forInvalidFile('auth/berita/tam...')
#1 D:\Project\Codeigniter\sekolah\system\Common.php(1119): CodeIgniter\View\View->render('auth/berita/tam...', Array, true)
#2 D:\Project\Codeigniter\sekolah\app\Controllers\Berita.php(39): view('auth/berita/tam...', Array)
#3 D:\Project\Codeigniter\sekolah\system\CodeIgniter.php(918): App\Controllers\Berita->formtambah()
#4 D:\Project\Codeigniter\sekolah\system\CodeIgniter.php(404): CodeIgniter\CodeIgniter->runController(Object(App\Controllers\Berita))
#5 D:\Project\Codeigniter\sekolah\system\CodeIgniter.php(312): CodeIgniter\CodeIgniter->handleRequest(NULL, Object(Config\Cache), false)
#6 D:\Project\Codeigniter\sekolah\public\index.php(45): CodeIgniter\CodeIgniter->run()
#7 D:\Project\Codeigniter\sekolah\system\Commands\Server\rewrite.php(34): require_once('D:\\Project\\Code...')
#8 {main}
CRITICAL - 2021-01-18 20:37:34 --> You must use the "set" method to update an entry.
#0 D:\Project\Codeigniter\sekolah\system\Database\BaseBuilder.php(2234): CodeIgniter\Database\BaseBuilder->validateInsert()
#1 D:\Project\Codeigniter\sekolah\system\Model.php(755): CodeIgniter\Database\BaseBuilder->insert()
#2 D:\Project\Codeigniter\sekolah\app\Controllers\Berita.php(91): CodeIgniter\Model->insert(Array)
#3 D:\Project\Codeigniter\sekolah\system\CodeIgniter.php(918): App\Controllers\Berita->simpan()
#4 D:\Project\Codeigniter\sekolah\system\CodeIgniter.php(404): CodeIgniter\CodeIgniter->runController(Object(App\Controllers\Berita))
#5 D:\Project\Codeigniter\sekolah\system\CodeIgniter.php(312): CodeIgniter\CodeIgniter->handleRequest(NULL, Object(Config\Cache), false)
#6 D:\Project\Codeigniter\sekolah\public\index.php(45): CodeIgniter\CodeIgniter->run()
#7 D:\Project\Codeigniter\sekolah\system\Commands\Server\rewrite.php(34): require_once('D:\\Project\\Code...')
#8 {main}
CRITICAL - 2021-01-18 20:38:08 --> You must use the "set" method to update an entry.
#0 D:\Project\Codeigniter\sekolah\system\Database\BaseBuilder.php(2234): CodeIgniter\Database\BaseBuilder->validateInsert()
#1 D:\Project\Codeigniter\sekolah\system\Model.php(755): CodeIgniter\Database\BaseBuilder->insert()
#2 D:\Project\Codeigniter\sekolah\app\Controllers\Berita.php(91): CodeIgniter\Model->insert(Array)
#3 D:\Project\Codeigniter\sekolah\system\CodeIgniter.php(918): App\Controllers\Berita->simpan()
#4 D:\Project\Codeigniter\sekolah\system\CodeIgniter.php(404): CodeIgniter\CodeIgniter->runController(Object(App\Controllers\Berita))
#5 D:\Project\Codeigniter\sekolah\system\CodeIgniter.php(312): CodeIgniter\CodeIgniter->handleRequest(NULL, Object(Config\Cache), false)
#6 D:\Project\Codeigniter\sekolah\public\index.php(45): CodeIgniter\CodeIgniter->run()
#7 D:\Project\Codeigniter\sekolah\system\Commands\Server\rewrite.php(34): require_once('D:\\Project\\Code...')
#8 {main}
CRITICAL - 2021-01-18 20:38:59 --> You must use the "set" method to update an entry.
#0 D:\Project\Codeigniter\sekolah\system\Database\BaseBuilder.php(2234): CodeIgniter\Database\BaseBuilder->validateInsert()
#1 D:\Project\Codeigniter\sekolah\system\Model.php(755): CodeIgniter\Database\BaseBuilder->insert()
#2 D:\Project\Codeigniter\sekolah\app\Controllers\Berita.php(91): CodeIgniter\Model->insert(Array)
#3 D:\Project\Codeigniter\sekolah\system\CodeIgniter.php(918): App\Controllers\Berita->simpan()
#4 D:\Project\Codeigniter\sekolah\system\CodeIgniter.php(404): CodeIgniter\CodeIgniter->runController(Object(App\Controllers\Berita))
#5 D:\Project\Codeigniter\sekolah\system\CodeIgniter.php(312): CodeIgniter\CodeIgniter->handleRequest(NULL, Object(Config\Cache), false)
#6 D:\Project\Codeigniter\sekolah\public\index.php(45): CodeIgniter\CodeIgniter->run()
#7 D:\Project\Codeigniter\sekolah\system\Commands\Server\rewrite.php(34): require_once('D:\\Project\\Code...')
#8 {main}
CRITICAL - 2021-01-18 20:39:28 --> Cannot add or update a child row: a foreign key constraint fails (`sekolah_ci4`.`berita`, CONSTRAINT `berita_ibfk_2` FOREIGN KEY (`user_id`) REFERENCES `user` (`user_id`) ON DELETE NO ACTION ON UPDATE NO ACTION)
#0 D:\Project\Codeigniter\sekolah\system\Database\MySQLi\Connection.php(331): mysqli->query('INSERT INTO `be...')
#1 D:\Project\Codeigniter\sekolah\system\Database\BaseConnection.php(741): CodeIgniter\Database\MySQLi\Connection->execute('INSERT INTO `be...')
#2 D:\Project\Codeigniter\sekolah\system\Database\BaseConnection.php(669): CodeIgniter\Database\BaseConnection->simpleQuery('INSERT INTO `be...')
#3 D:\Project\Codeigniter\sekolah\system\Database\BaseBuilder.php(2249): CodeIgniter\Database\BaseConnection->query('INSERT INTO `be...', Array, false)
#4 D:\Project\Codeigniter\sekolah\system\Model.php(755): CodeIgniter\Database\BaseBuilder->insert()
#5 D:\Project\Codeigniter\sekolah\app\Controllers\Berita.php(91): CodeIgniter\Model->insert(Array)
#6 D:\Project\Codeigniter\sekolah\system\CodeIgniter.php(918): App\Controllers\Berita->simpan()
#7 D:\Project\Codeigniter\sekolah\system\CodeIgniter.php(404): CodeIgniter\CodeIgniter->runController(Object(App\Controllers\Berita))
#8 D:\Project\Codeigniter\sekolah\system\CodeIgniter.php(312): CodeIgniter\CodeIgniter->handleRequest(NULL, Object(Config\Cache), false)
#9 D:\Project\Codeigniter\sekolah\public\index.php(45): CodeIgniter\CodeIgniter->run()
#10 D:\Project\Codeigniter\sekolah\system\Commands\Server\rewrite.php(34): require_once('D:\\Project\\Code...')
#11 {main}
CRITICAL - 2021-01-18 20:42:09 --> Trying to access array offset on value of type null
#0 D:\Project\Codeigniter\sekolah\app\Controllers\Guru.php(256): CodeIgniter\Debug\Exceptions->errorHandler(8, 'Trying to acces...', 'D:\\Project\\Code...', 256, Array)
#1 D:\Project\Codeigniter\sekolah\system\CodeIgniter.php(918): App\Controllers\Guru->hapus()
#2 D:\Project\Codeigniter\sekolah\system\CodeIgniter.php(404): CodeIgniter\CodeIgniter->runController(Object(App\Controllers\Guru))
#3 D:\Project\Codeigniter\sekolah\system\CodeIgniter.php(312): CodeIgniter\CodeIgniter->handleRequest(NULL, Object(Config\Cache), false)
#4 D:\Project\Codeigniter\sekolah\public\index.php(45): CodeIgniter\CodeIgniter->run()
#5 D:\Project\Codeigniter\sekolah\system\Commands\Server\rewrite.php(34): require_once('D:\\Project\\Code...')
#6 {main}
CRITICAL - 2021-01-18 20:43:27 --> Undefined index: foto
#0 D:\Project\Codeigniter\sekolah\app\Controllers\Berita.php(221): CodeIgniter\Debug\Exceptions->errorHandler(8, 'Undefined index...', 'D:\\Project\\Code...', 221, Array)
#1 D:\Project\Codeigniter\sekolah\system\CodeIgniter.php(918): App\Controllers\Berita->hapus()
#2 D:\Project\Codeigniter\sekolah\system\CodeIgniter.php(404): CodeIgniter\CodeIgniter->runController(Object(App\Controllers\Berita))
#3 D:\Project\Codeigniter\sekolah\system\CodeIgniter.php(312): CodeIgniter\CodeIgniter->handleRequest(NULL, Object(Config\Cache), false)
#4 D:\Project\Codeigniter\sekolah\public\index.php(45): CodeIgniter\CodeIgniter->run()
#5 D:\Project\Codeigniter\sekolah\system\Commands\Server\rewrite.php(34): require_once('D:\\Project\\Code...')
#6 {main}
CRITICAL - 2021-01-18 20:56:51 --> Call to undefined function longdate_indo()
#0 D:\Project\Codeigniter\sekolah\system\View\View.php(246): include()
#1 D:\Project\Codeigniter\sekolah\system\Common.php(1119): CodeIgniter\View\View->render('auth/berita/lis...', Array, true)
#2 D:\Project\Codeigniter\sekolah\app\Controllers\Berita.php(25): view('auth/berita/lis...', Array)
#3 D:\Project\Codeigniter\sekolah\system\CodeIgniter.php(918): App\Controllers\Berita->getdata()
#4 D:\Project\Codeigniter\sekolah\system\CodeIgniter.php(404): CodeIgniter\CodeIgniter->runController(Object(App\Controllers\Berita))
#5 D:\Project\Codeigniter\sekolah\system\CodeIgniter.php(312): CodeIgniter\CodeIgniter->handleRequest(NULL, Object(Config\Cache), false)
#6 D:\Project\Codeigniter\sekolah\public\index.php(45): CodeIgniter\CodeIgniter->run()
#7 D:\Project\Codeigniter\sekolah\system\Commands\Server\rewrite.php(34): require_once('D:\\Project\\Code...')
#8 {main}
CRITICAL - 2021-01-18 20:57:18 --> Call to undefined function date_indo()
#0 D:\Project\Codeigniter\sekolah\system\View\View.php(246): include()
#1 D:\Project\Codeigniter\sekolah\system\Common.php(1119): CodeIgniter\View\View->render('auth/berita/lis...', Array, true)
#2 D:\Project\Codeigniter\sekolah\app\Controllers\Berita.php(25): view('auth/berita/lis...', Array)
#3 D:\Project\Codeigniter\sekolah\system\CodeIgniter.php(918): App\Controllers\Berita->getdata()
#4 D:\Project\Codeigniter\sekolah\system\CodeIgniter.php(404): CodeIgniter\CodeIgniter->runController(Object(App\Controllers\Berita))
#5 D:\Project\Codeigniter\sekolah\system\CodeIgniter.php(312): CodeIgniter\CodeIgniter->handleRequest(NULL, Object(Config\Cache), false)
#6 D:\Project\Codeigniter\sekolah\public\index.php(45): CodeIgniter\CodeIgniter->run()
#7 D:\Project\Codeigniter\sekolah\system\Commands\Server\rewrite.php(34): require_once('D:\\Project\\Code...')
#8 {main}
CRITICAL - 2021-01-18 20:57:53 --> Call to undefined function date_indo()
#0 D:\Project\Codeigniter\sekolah\system\View\View.php(246): include()
#1 D:\Project\Codeigniter\sekolah\system\Common.php(1119): CodeIgniter\View\View->render('auth/berita/lis...', Array, true)
#2 D:\Project\Codeigniter\sekolah\app\Controllers\Berita.php(25): view('auth/berita/lis...', Array)
#3 D:\Project\Codeigniter\sekolah\system\CodeIgniter.php(918): App\Controllers\Berita->getdata()
#4 D:\Project\Codeigniter\sekolah\system\CodeIgniter.php(404): CodeIgniter\CodeIgniter->runController(Object(App\Controllers\Berita))
#5 D:\Project\Codeigniter\sekolah\system\CodeIgniter.php(312): CodeIgniter\CodeIgniter->handleRequest(NULL, Object(Config\Cache), false)
#6 D:\Project\Codeigniter\sekolah\public\index.php(45): CodeIgniter\CodeIgniter->run()
#7 D:\Project\Codeigniter\sekolah\system\Commands\Server\rewrite.php(34): require_once('D:\\Project\\Code...')
#8 {main}
