CRITICAL - 2021-01-22 08:57:39 --> unlink(img/konfigurasi/icon/thumb/thumb_gmail.png): No such file or directory
#0 [internal function]: CodeIgniter\Debug\Exceptions->errorHandler(2, 'unlink(img/konf...', 'D:\\Project\\Code...', 254, Array)
#1 D:\Project\Codeigniter\sekolah\app\Controllers\Konfigurasi.php(254): unlink('img/konfigurasi...')
#2 D:\Project\Codeigniter\sekolah\system\CodeIgniter.php(918): App\Controllers\Konfigurasi->douploadicon()
#3 D:\Project\Codeigniter\sekolah\system\CodeIgniter.php(404): CodeIgniter\CodeIgniter->runController(Object(App\Controllers\Konfigurasi))
#4 D:\Project\Codeigniter\sekolah\system\CodeIgniter.php(312): CodeIgniter\CodeIgniter->handleRequest(NULL, Object(Config\Cache), false)
#5 D:\Project\Codeigniter\sekolah\public\index.php(45): CodeIgniter\CodeIgniter->run()
#6 D:\Project\Codeigniter\sekolah\system\Commands\Server\rewrite.php(34): require_once('D:\\Project\\Code...')
#7 {main}
CRITICAL - 2021-01-22 09:05:24 --> Call to a member function orderBy() on null
#0 D:\Project\Codeigniter\sekolah\system\View\View.php(246): include()
#1 D:\Project\Codeigniter\sekolah\system\View\View.php(257): CodeIgniter\View\View->render('layout/main', Array, true)
#2 D:\Project\Codeigniter\sekolah\system\View\View.php(257): CodeIgniter\View\View->render('layout/menu', Array, true)
#3 D:\Project\Codeigniter\sekolah\system\View\View.php(257): CodeIgniter\View\View->render('layout/script', Array, true)
#4 D:\Project\Codeigniter\sekolah\system\Common.php(1119): CodeIgniter\View\View->render('auth/konfiguras...', Array, true)
#5 D:\Project\Codeigniter\sekolah\app\Controllers\Konfigurasi.php(26): view('auth/konfiguras...', Array)
#6 D:\Project\Codeigniter\sekolah\system\CodeIgniter.php(918): App\Controllers\Konfigurasi->index()
#7 D:\Project\Codeigniter\sekolah\system\CodeIgniter.php(404): CodeIgniter\CodeIgniter->runController(Object(App\Controllers\Konfigurasi))
#8 D:\Project\Codeigniter\sekolah\system\CodeIgniter.php(312): CodeIgniter\CodeIgniter->handleRequest(NULL, Object(Config\Cache), false)
#9 D:\Project\Codeigniter\sekolah\public\index.php(45): CodeIgniter\CodeIgniter->run()
#10 D:\Project\Codeigniter\sekolah\system\Commands\Server\rewrite.php(34): require_once('D:\\Project\\Code...')
#11 {main}
CRITICAL - 2021-01-22 09:06:03 --> Undefined property: CodeIgniter\View\View::$konfigurasi
#0 D:\Project\Codeigniter\sekolah\app\Views\layout\main.php(2): CodeIgniter\Debug\Exceptions->errorHandler(8, 'Undefined prope...', 'D:\\Project\\Code...', 2, Array)
#1 D:\Project\Codeigniter\sekolah\system\View\View.php(246): include('D:\\Project\\Code...')
#2 D:\Project\Codeigniter\sekolah\system\View\View.php(257): CodeIgniter\View\View->render('layout/main', Array, true)
#3 D:\Project\Codeigniter\sekolah\system\View\View.php(257): CodeIgniter\View\View->render('layout/menu', Array, true)
#4 D:\Project\Codeigniter\sekolah\system\View\View.php(257): CodeIgniter\View\View->render('layout/script', Array, true)
#5 D:\Project\Codeigniter\sekolah\system\Common.php(1119): CodeIgniter\View\View->render('auth/konfiguras...', Array, true)
#6 D:\Project\Codeigniter\sekolah\app\Controllers\Konfigurasi.php(26): view('auth/konfiguras...', Array)
#7 D:\Project\Codeigniter\sekolah\system\CodeIgniter.php(918): App\Controllers\Konfigurasi->index()
#8 D:\Project\Codeigniter\sekolah\system\CodeIgniter.php(404): CodeIgniter\CodeIgniter->runController(Object(App\Controllers\Konfigurasi))
#9 D:\Project\Codeigniter\sekolah\system\CodeIgniter.php(312): CodeIgniter\CodeIgniter->handleRequest(NULL, Object(Config\Cache), false)
#10 D:\Project\Codeigniter\sekolah\public\index.php(45): CodeIgniter\CodeIgniter->run()
#11 D:\Project\Codeigniter\sekolah\system\Commands\Server\rewrite.php(34): require_once('D:\\Project\\Code...')
#12 {main}
CRITICAL - 2021-01-22 09:06:20 --> Undefined property: CodeIgniter\View\View::$konfigurasi
#0 D:\Project\Codeigniter\sekolah\app\Views\layout\main.php(2): CodeIgniter\Debug\Exceptions->errorHandler(8, 'Undefined prope...', 'D:\\Project\\Code...', 2, Array)
#1 D:\Project\Codeigniter\sekolah\system\View\View.php(246): include('D:\\Project\\Code...')
#2 D:\Project\Codeigniter\sekolah\system\View\View.php(257): CodeIgniter\View\View->render('layout/main', Array, true)
#3 D:\Project\Codeigniter\sekolah\system\View\View.php(257): CodeIgniter\View\View->render('layout/menu', Array, true)
#4 D:\Project\Codeigniter\sekolah\system\View\View.php(257): CodeIgniter\View\View->render('layout/script', Array, true)
#5 D:\Project\Codeigniter\sekolah\system\Common.php(1119): CodeIgniter\View\View->render('auth/konfiguras...', Array, true)
#6 D:\Project\Codeigniter\sekolah\app\Controllers\Konfigurasi.php(26): view('auth/konfiguras...', Array)
#7 D:\Project\Codeigniter\sekolah\system\CodeIgniter.php(918): App\Controllers\Konfigurasi->index()
#8 D:\Project\Codeigniter\sekolah\system\CodeIgniter.php(404): CodeIgniter\CodeIgniter->runController(Object(App\Controllers\Konfigurasi))
#9 D:\Project\Codeigniter\sekolah\system\CodeIgniter.php(312): CodeIgniter\CodeIgniter->handleRequest(NULL, Object(Config\Cache), false)
#10 D:\Project\Codeigniter\sekolah\public\index.php(45): CodeIgniter\CodeIgniter->run()
#11 D:\Project\Codeigniter\sekolah\system\Commands\Server\rewrite.php(34): require_once('D:\\Project\\Code...')
#12 {main}
CRITICAL - 2021-01-22 09:07:45 --> Undefined property: CodeIgniter\View\View::$konfigurasi
#0 D:\Project\Codeigniter\sekolah\app\Views\layout\main.php(2): CodeIgniter\Debug\Exceptions->errorHandler(8, 'Undefined prope...', 'D:\\Project\\Code...', 2, Array)
#1 D:\Project\Codeigniter\sekolah\system\View\View.php(246): include('D:\\Project\\Code...')
#2 D:\Project\Codeigniter\sekolah\system\View\View.php(257): CodeIgniter\View\View->render('layout/main', Array, true)
#3 D:\Project\Codeigniter\sekolah\system\View\View.php(257): CodeIgniter\View\View->render('layout/menu', Array, true)
#4 D:\Project\Codeigniter\sekolah\system\View\View.php(257): CodeIgniter\View\View->render('layout/script', Array, true)
#5 D:\Project\Codeigniter\sekolah\system\Common.php(1119): CodeIgniter\View\View->render('auth/konfiguras...', Array, true)
#6 D:\Project\Codeigniter\sekolah\app\Controllers\Konfigurasi.php(26): view('auth/konfiguras...', Array)
#7 D:\Project\Codeigniter\sekolah\system\CodeIgniter.php(918): App\Controllers\Konfigurasi->index()
#8 D:\Project\Codeigniter\sekolah\system\CodeIgniter.php(404): CodeIgniter\CodeIgniter->runController(Object(App\Controllers\Konfigurasi))
#9 D:\Project\Codeigniter\sekolah\system\CodeIgniter.php(312): CodeIgniter\CodeIgniter->handleRequest(NULL, Object(Config\Cache), false)
#10 D:\Project\Codeigniter\sekolah\public\index.php(45): CodeIgniter\CodeIgniter->run()
#11 D:\Project\Codeigniter\sekolah\system\Commands\Server\rewrite.php(34): require_once('D:\\Project\\Code...')
#12 {main}
CRITICAL - 2021-01-22 09:10:04 --> Undefined index: icon
#0 D:\Project\Codeigniter\sekolah\app\Views\layout\main.php(17): CodeIgniter\Debug\Exceptions->errorHandler(8, 'Undefined index...', 'D:\\Project\\Code...', 17, Array)
#1 D:\Project\Codeigniter\sekolah\system\View\View.php(246): include('D:\\Project\\Code...')
#2 D:\Project\Codeigniter\sekolah\system\View\View.php(257): CodeIgniter\View\View->render('layout/main', Array, true)
#3 D:\Project\Codeigniter\sekolah\system\View\View.php(257): CodeIgniter\View\View->render('layout/menu', Array, true)
#4 D:\Project\Codeigniter\sekolah\system\View\View.php(257): CodeIgniter\View\View->render('layout/script', Array, true)
#5 D:\Project\Codeigniter\sekolah\system\Common.php(1119): CodeIgniter\View\View->render('auth/konfiguras...', Array, true)
#6 D:\Project\Codeigniter\sekolah\app\Controllers\Konfigurasi.php(26): view('auth/konfiguras...', Array)
#7 D:\Project\Codeigniter\sekolah\system\CodeIgniter.php(918): App\Controllers\Konfigurasi->index()
#8 D:\Project\Codeigniter\sekolah\system\CodeIgniter.php(404): CodeIgniter\CodeIgniter->runController(Object(App\Controllers\Konfigurasi))
#9 D:\Project\Codeigniter\sekolah\system\CodeIgniter.php(312): CodeIgniter\CodeIgniter->handleRequest(NULL, Object(Config\Cache), false)
#10 D:\Project\Codeigniter\sekolah\public\index.php(45): CodeIgniter\CodeIgniter->run()
#11 D:\Project\Codeigniter\sekolah\system\Commands\Server\rewrite.php(34): require_once('D:\\Project\\Code...')
#12 {main}
CRITICAL - 2021-01-22 09:33:32 --> Undefined variable: konfigurasi
#0 D:\Project\Codeigniter\sekolah\app\Views\auth\dashboard.php(5): CodeIgniter\Debug\Exceptions->errorHandler(8, 'Undefined varia...', 'D:\\Project\\Code...', 5, Array)
#1 D:\Project\Codeigniter\sekolah\system\View\View.php(246): include('D:\\Project\\Code...')
#2 D:\Project\Codeigniter\sekolah\system\Common.php(1119): CodeIgniter\View\View->render('auth/dashboard', Array, true)
#3 D:\Project\Codeigniter\sekolah\app\Controllers\Dashboard.php(12): view('auth/dashboard', Array)
#4 D:\Project\Codeigniter\sekolah\system\CodeIgniter.php(918): App\Controllers\Dashboard->index()
#5 D:\Project\Codeigniter\sekolah\system\CodeIgniter.php(404): CodeIgniter\CodeIgniter->runController(Object(App\Controllers\Dashboard))
#6 D:\Project\Codeigniter\sekolah\system\CodeIgniter.php(312): CodeIgniter\CodeIgniter->handleRequest(NULL, Object(Config\Cache), false)
#7 D:\Project\Codeigniter\sekolah\public\index.php(45): CodeIgniter\CodeIgniter->run()
#8 D:\Project\Codeigniter\sekolah\system\Commands\Server\rewrite.php(34): require_once('D:\\Project\\Code...')
#9 {main}
CRITICAL - 2021-01-22 09:43:29 --> Out of range value for column 'nip' at row 1
#0 D:\Project\Codeigniter\sekolah\system\Database\MySQLi\Connection.php(331): mysqli->query('INSERT INTO `st...')
#1 D:\Project\Codeigniter\sekolah\system\Database\BaseConnection.php(741): CodeIgniter\Database\MySQLi\Connection->execute('INSERT INTO `st...')
#2 D:\Project\Codeigniter\sekolah\system\Database\BaseConnection.php(669): CodeIgniter\Database\BaseConnection->simpleQuery('INSERT INTO `st...')
#3 D:\Project\Codeigniter\sekolah\system\Database\BaseBuilder.php(2249): CodeIgniter\Database\BaseConnection->query('INSERT INTO `st...', Array, false)
#4 D:\Project\Codeigniter\sekolah\system\Model.php(755): CodeIgniter\Database\BaseBuilder->insert()
#5 D:\Project\Codeigniter\sekolah\app\Controllers\Staf.php(133): CodeIgniter\Model->insert(Array)
#6 D:\Project\Codeigniter\sekolah\system\CodeIgniter.php(918): App\Controllers\Staf->simpan()
#7 D:\Project\Codeigniter\sekolah\system\CodeIgniter.php(404): CodeIgniter\CodeIgniter->runController(Object(App\Controllers\Staf))
#8 D:\Project\Codeigniter\sekolah\system\CodeIgniter.php(312): CodeIgniter\CodeIgniter->handleRequest(NULL, Object(Config\Cache), false)
#9 D:\Project\Codeigniter\sekolah\public\index.php(45): CodeIgniter\CodeIgniter->run()
#10 D:\Project\Codeigniter\sekolah\system\Commands\Server\rewrite.php(34): require_once('D:\\Project\\Code...')
#11 {main}
CRITICAL - 2021-01-22 09:43:32 --> Out of range value for column 'nip' at row 1
#0 D:\Project\Codeigniter\sekolah\system\Database\MySQLi\Connection.php(331): mysqli->query('INSERT INTO `st...')
#1 D:\Project\Codeigniter\sekolah\system\Database\BaseConnection.php(741): CodeIgniter\Database\MySQLi\Connection->execute('INSERT INTO `st...')
#2 D:\Project\Codeigniter\sekolah\system\Database\BaseConnection.php(669): CodeIgniter\Database\BaseConnection->simpleQuery('INSERT INTO `st...')
#3 D:\Project\Codeigniter\sekolah\system\Database\BaseBuilder.php(2249): CodeIgniter\Database\BaseConnection->query('INSERT INTO `st...', Array, false)
#4 D:\Project\Codeigniter\sekolah\system\Model.php(755): CodeIgniter\Database\BaseBuilder->insert()
#5 D:\Project\Codeigniter\sekolah\app\Controllers\Staf.php(133): CodeIgniter\Model->insert(Array)
#6 D:\Project\Codeigniter\sekolah\system\CodeIgniter.php(918): App\Controllers\Staf->simpan()
#7 D:\Project\Codeigniter\sekolah\system\CodeIgniter.php(404): CodeIgniter\CodeIgniter->runController(Object(App\Controllers\Staf))
#8 D:\Project\Codeigniter\sekolah\system\CodeIgniter.php(312): CodeIgniter\CodeIgniter->handleRequest(NULL, Object(Config\Cache), false)
#9 D:\Project\Codeigniter\sekolah\public\index.php(45): CodeIgniter\CodeIgniter->run()
#10 D:\Project\Codeigniter\sekolah\system\Commands\Server\rewrite.php(34): require_once('D:\\Project\\Code...')
#11 {main}
CRITICAL - 2021-01-22 09:43:46 --> Out of range value for column 'nip' at row 1
#0 D:\Project\Codeigniter\sekolah\system\Database\MySQLi\Connection.php(331): mysqli->query('INSERT INTO `st...')
#1 D:\Project\Codeigniter\sekolah\system\Database\BaseConnection.php(741): CodeIgniter\Database\MySQLi\Connection->execute('INSERT INTO `st...')
#2 D:\Project\Codeigniter\sekolah\system\Database\BaseConnection.php(669): CodeIgniter\Database\BaseConnection->simpleQuery('INSERT INTO `st...')
#3 D:\Project\Codeigniter\sekolah\system\Database\BaseBuilder.php(2249): CodeIgniter\Database\BaseConnection->query('INSERT INTO `st...', Array, false)
#4 D:\Project\Codeigniter\sekolah\system\Model.php(755): CodeIgniter\Database\BaseBuilder->insert()
#5 D:\Project\Codeigniter\sekolah\app\Controllers\Staf.php(133): CodeIgniter\Model->insert(Array)
#6 D:\Project\Codeigniter\sekolah\system\CodeIgniter.php(918): App\Controllers\Staf->simpan()
#7 D:\Project\Codeigniter\sekolah\system\CodeIgniter.php(404): CodeIgniter\CodeIgniter->runController(Object(App\Controllers\Staf))
#8 D:\Project\Codeigniter\sekolah\system\CodeIgniter.php(312): CodeIgniter\CodeIgniter->handleRequest(NULL, Object(Config\Cache), false)
#9 D:\Project\Codeigniter\sekolah\public\index.php(45): CodeIgniter\CodeIgniter->run()
#10 D:\Project\Codeigniter\sekolah\system\Commands\Server\rewrite.php(34): require_once('D:\\Project\\Code...')
#11 {main}
CRITICAL - 2021-01-22 09:43:56 --> Out of range value for column 'nip' at row 1
#0 D:\Project\Codeigniter\sekolah\system\Database\MySQLi\Connection.php(331): mysqli->query('INSERT INTO `st...')
#1 D:\Project\Codeigniter\sekolah\system\Database\BaseConnection.php(741): CodeIgniter\Database\MySQLi\Connection->execute('INSERT INTO `st...')
#2 D:\Project\Codeigniter\sekolah\system\Database\BaseConnection.php(669): CodeIgniter\Database\BaseConnection->simpleQuery('INSERT INTO `st...')
#3 D:\Project\Codeigniter\sekolah\system\Database\BaseBuilder.php(2249): CodeIgniter\Database\BaseConnection->query('INSERT INTO `st...', Array, false)
#4 D:\Project\Codeigniter\sekolah\system\Model.php(755): CodeIgniter\Database\BaseBuilder->insert()
#5 D:\Project\Codeigniter\sekolah\app\Controllers\Staf.php(133): CodeIgniter\Model->insert(Array)
#6 D:\Project\Codeigniter\sekolah\system\CodeIgniter.php(918): App\Controllers\Staf->simpan()
#7 D:\Project\Codeigniter\sekolah\system\CodeIgniter.php(404): CodeIgniter\CodeIgniter->runController(Object(App\Controllers\Staf))
#8 D:\Project\Codeigniter\sekolah\system\CodeIgniter.php(312): CodeIgniter\CodeIgniter->handleRequest(NULL, Object(Config\Cache), false)
#9 D:\Project\Codeigniter\sekolah\public\index.php(45): CodeIgniter\CodeIgniter->run()
#10 D:\Project\Codeigniter\sekolah\system\Commands\Server\rewrite.php(34): require_once('D:\\Project\\Code...')
#11 {main}
CRITICAL - 2021-01-22 09:44:27 --> Out of range value for column 'nip' at row 1
#0 D:\Project\Codeigniter\sekolah\system\Database\MySQLi\Connection.php(331): mysqli->query('INSERT INTO `st...')
#1 D:\Project\Codeigniter\sekolah\system\Database\BaseConnection.php(741): CodeIgniter\Database\MySQLi\Connection->execute('INSERT INTO `st...')
#2 D:\Project\Codeigniter\sekolah\system\Database\BaseConnection.php(669): CodeIgniter\Database\BaseConnection->simpleQuery('INSERT INTO `st...')
#3 D:\Project\Codeigniter\sekolah\system\Database\BaseBuilder.php(2249): CodeIgniter\Database\BaseConnection->query('INSERT INTO `st...', Array, false)
#4 D:\Project\Codeigniter\sekolah\system\Model.php(755): CodeIgniter\Database\BaseBuilder->insert()
#5 D:\Project\Codeigniter\sekolah\app\Controllers\Staf.php(133): CodeIgniter\Model->insert(Array)
#6 D:\Project\Codeigniter\sekolah\system\CodeIgniter.php(918): App\Controllers\Staf->simpan()
#7 D:\Project\Codeigniter\sekolah\system\CodeIgniter.php(404): CodeIgniter\CodeIgniter->runController(Object(App\Controllers\Staf))
#8 D:\Project\Codeigniter\sekolah\system\CodeIgniter.php(312): CodeIgniter\CodeIgniter->handleRequest(NULL, Object(Config\Cache), false)
#9 D:\Project\Codeigniter\sekolah\public\index.php(45): CodeIgniter\CodeIgniter->run()
#10 D:\Project\Codeigniter\sekolah\system\Commands\Server\rewrite.php(34): require_once('D:\\Project\\Code...')
#11 {main}
CRITICAL - 2021-01-22 09:44:31 --> Out of range value for column 'nip' at row 1
#0 D:\Project\Codeigniter\sekolah\system\Database\MySQLi\Connection.php(331): mysqli->query('UPDATE `staf` S...')
#1 D:\Project\Codeigniter\sekolah\system\Database\BaseConnection.php(741): CodeIgniter\Database\MySQLi\Connection->execute('UPDATE `staf` S...')
#2 D:\Project\Codeigniter\sekolah\system\Database\BaseConnection.php(669): CodeIgniter\Database\BaseConnection->simpleQuery('UPDATE `staf` S...')
#3 D:\Project\Codeigniter\sekolah\system\Database\BaseBuilder.php(2456): CodeIgniter\Database\BaseConnection->query('UPDATE `staf` S...', Array, false)
#4 D:\Project\Codeigniter\sekolah\system\Model.php(889): CodeIgniter\Database\BaseBuilder->update()
#5 D:\Project\Codeigniter\sekolah\app\Controllers\Staf.php(245): CodeIgniter\Model->update(Array, Array)
#6 D:\Project\Codeigniter\sekolah\system\CodeIgniter.php(918): App\Controllers\Staf->update()
#7 D:\Project\Codeigniter\sekolah\system\CodeIgniter.php(404): CodeIgniter\CodeIgniter->runController(Object(App\Controllers\Staf))
#8 D:\Project\Codeigniter\sekolah\system\CodeIgniter.php(312): CodeIgniter\CodeIgniter->handleRequest(NULL, Object(Config\Cache), false)
#9 D:\Project\Codeigniter\sekolah\public\index.php(45): CodeIgniter\CodeIgniter->run()
#10 D:\Project\Codeigniter\sekolah\system\Commands\Server\rewrite.php(34): require_once('D:\\Project\\Code...')
#11 {main}
CRITICAL - 2021-01-22 09:44:33 --> Out of range value for column 'nip' at row 1
#0 D:\Project\Codeigniter\sekolah\system\Database\MySQLi\Connection.php(331): mysqli->query('UPDATE `staf` S...')
#1 D:\Project\Codeigniter\sekolah\system\Database\BaseConnection.php(741): CodeIgniter\Database\MySQLi\Connection->execute('UPDATE `staf` S...')
#2 D:\Project\Codeigniter\sekolah\system\Database\BaseConnection.php(669): CodeIgniter\Database\BaseConnection->simpleQuery('UPDATE `staf` S...')
#3 D:\Project\Codeigniter\sekolah\system\Database\BaseBuilder.php(2456): CodeIgniter\Database\BaseConnection->query('UPDATE `staf` S...', Array, false)
#4 D:\Project\Codeigniter\sekolah\system\Model.php(889): CodeIgniter\Database\BaseBuilder->update()
#5 D:\Project\Codeigniter\sekolah\app\Controllers\Staf.php(245): CodeIgniter\Model->update(Array, Array)
#6 D:\Project\Codeigniter\sekolah\system\CodeIgniter.php(918): App\Controllers\Staf->update()
#7 D:\Project\Codeigniter\sekolah\system\CodeIgniter.php(404): CodeIgniter\CodeIgniter->runController(Object(App\Controllers\Staf))
#8 D:\Project\Codeigniter\sekolah\system\CodeIgniter.php(312): CodeIgniter\CodeIgniter->handleRequest(NULL, Object(Config\Cache), false)
#9 D:\Project\Codeigniter\sekolah\public\index.php(45): CodeIgniter\CodeIgniter->run()
#10 D:\Project\Codeigniter\sekolah\system\Commands\Server\rewrite.php(34): require_once('D:\\Project\\Code...')
#11 {main}
CRITICAL - 2021-01-22 09:44:36 --> Out of range value for column 'nip' at row 1
#0 D:\Project\Codeigniter\sekolah\system\Database\MySQLi\Connection.php(331): mysqli->query('UPDATE `staf` S...')
#1 D:\Project\Codeigniter\sekolah\system\Database\BaseConnection.php(741): CodeIgniter\Database\MySQLi\Connection->execute('UPDATE `staf` S...')
#2 D:\Project\Codeigniter\sekolah\system\Database\BaseConnection.php(669): CodeIgniter\Database\BaseConnection->simpleQuery('UPDATE `staf` S...')
#3 D:\Project\Codeigniter\sekolah\system\Database\BaseBuilder.php(2456): CodeIgniter\Database\BaseConnection->query('UPDATE `staf` S...', Array, false)
#4 D:\Project\Codeigniter\sekolah\system\Model.php(889): CodeIgniter\Database\BaseBuilder->update()
#5 D:\Project\Codeigniter\sekolah\app\Controllers\Staf.php(245): CodeIgniter\Model->update(Array, Array)
#6 D:\Project\Codeigniter\sekolah\system\CodeIgniter.php(918): App\Controllers\Staf->update()
#7 D:\Project\Codeigniter\sekolah\system\CodeIgniter.php(404): CodeIgniter\CodeIgniter->runController(Object(App\Controllers\Staf))
#8 D:\Project\Codeigniter\sekolah\system\CodeIgniter.php(312): CodeIgniter\CodeIgniter->handleRequest(NULL, Object(Config\Cache), false)
#9 D:\Project\Codeigniter\sekolah\public\index.php(45): CodeIgniter\CodeIgniter->run()
#10 D:\Project\Codeigniter\sekolah\system\Commands\Server\rewrite.php(34): require_once('D:\\Project\\Code...')
#11 {main}
CRITICAL - 2021-01-22 09:46:33 --> Out of range value for column 'nip' at row 1
#0 D:\Project\Codeigniter\sekolah\system\Database\MySQLi\Connection.php(331): mysqli->query('INSERT INTO `st...')
#1 D:\Project\Codeigniter\sekolah\system\Database\BaseConnection.php(741): CodeIgniter\Database\MySQLi\Connection->execute('INSERT INTO `st...')
#2 D:\Project\Codeigniter\sekolah\system\Database\BaseConnection.php(669): CodeIgniter\Database\BaseConnection->simpleQuery('INSERT INTO `st...')
#3 D:\Project\Codeigniter\sekolah\system\Database\BaseBuilder.php(2249): CodeIgniter\Database\BaseConnection->query('INSERT INTO `st...', Array, false)
#4 D:\Project\Codeigniter\sekolah\system\Model.php(755): CodeIgniter\Database\BaseBuilder->insert()
#5 D:\Project\Codeigniter\sekolah\app\Controllers\Staf.php(132): CodeIgniter\Model->insert(Array)
#6 D:\Project\Codeigniter\sekolah\system\CodeIgniter.php(918): App\Controllers\Staf->simpan()
#7 D:\Project\Codeigniter\sekolah\system\CodeIgniter.php(404): CodeIgniter\CodeIgniter->runController(Object(App\Controllers\Staf))
#8 D:\Project\Codeigniter\sekolah\system\CodeIgniter.php(312): CodeIgniter\CodeIgniter->handleRequest(NULL, Object(Config\Cache), false)
#9 D:\Project\Codeigniter\sekolah\public\index.php(45): CodeIgniter\CodeIgniter->run()
#10 D:\Project\Codeigniter\sekolah\system\Commands\Server\rewrite.php(34): require_once('D:\\Project\\Code...')
#11 {main}
CRITICAL - 2021-01-22 09:47:21 --> Out of range value for column 'nip' at row 1
#0 D:\Project\Codeigniter\sekolah\system\Database\MySQLi\Connection.php(331): mysqli->query('INSERT INTO `st...')
#1 D:\Project\Codeigniter\sekolah\system\Database\BaseConnection.php(741): CodeIgniter\Database\MySQLi\Connection->execute('INSERT INTO `st...')
#2 D:\Project\Codeigniter\sekolah\system\Database\BaseConnection.php(669): CodeIgniter\Database\BaseConnection->simpleQuery('INSERT INTO `st...')
#3 D:\Project\Codeigniter\sekolah\system\Database\BaseBuilder.php(2249): CodeIgniter\Database\BaseConnection->query('INSERT INTO `st...', Array, false)
#4 D:\Project\Codeigniter\sekolah\system\Model.php(755): CodeIgniter\Database\BaseBuilder->insert()
#5 D:\Project\Codeigniter\sekolah\app\Controllers\Staf.php(133): CodeIgniter\Model->insert(Array)
#6 D:\Project\Codeigniter\sekolah\system\CodeIgniter.php(918): App\Controllers\Staf->simpan()
#7 D:\Project\Codeigniter\sekolah\system\CodeIgniter.php(404): CodeIgniter\CodeIgniter->runController(Object(App\Controllers\Staf))
#8 D:\Project\Codeigniter\sekolah\system\CodeIgniter.php(312): CodeIgniter\CodeIgniter->handleRequest(NULL, Object(Config\Cache), false)
#9 D:\Project\Codeigniter\sekolah\public\index.php(45): CodeIgniter\CodeIgniter->run()
#10 D:\Project\Codeigniter\sekolah\system\Commands\Server\rewrite.php(34): require_once('D:\\Project\\Code...')
#11 {main}
CRITICAL - 2021-01-22 09:47:22 --> Out of range value for column 'nip' at row 1
#0 D:\Project\Codeigniter\sekolah\system\Database\MySQLi\Connection.php(331): mysqli->query('INSERT INTO `st...')
#1 D:\Project\Codeigniter\sekolah\system\Database\BaseConnection.php(741): CodeIgniter\Database\MySQLi\Connection->execute('INSERT INTO `st...')
#2 D:\Project\Codeigniter\sekolah\system\Database\BaseConnection.php(669): CodeIgniter\Database\BaseConnection->simpleQuery('INSERT INTO `st...')
#3 D:\Project\Codeigniter\sekolah\system\Database\BaseBuilder.php(2249): CodeIgniter\Database\BaseConnection->query('INSERT INTO `st...', Array, false)
#4 D:\Project\Codeigniter\sekolah\system\Model.php(755): CodeIgniter\Database\BaseBuilder->insert()
#5 D:\Project\Codeigniter\sekolah\app\Controllers\Staf.php(133): CodeIgniter\Model->insert(Array)
#6 D:\Project\Codeigniter\sekolah\system\CodeIgniter.php(918): App\Controllers\Staf->simpan()
#7 D:\Project\Codeigniter\sekolah\system\CodeIgniter.php(404): CodeIgniter\CodeIgniter->runController(Object(App\Controllers\Staf))
#8 D:\Project\Codeigniter\sekolah\system\CodeIgniter.php(312): CodeIgniter\CodeIgniter->handleRequest(NULL, Object(Config\Cache), false)
#9 D:\Project\Codeigniter\sekolah\public\index.php(45): CodeIgniter\CodeIgniter->run()
#10 D:\Project\Codeigniter\sekolah\system\Commands\Server\rewrite.php(34): require_once('D:\\Project\\Code...')
#11 {main}
CRITICAL - 2021-01-22 09:47:22 --> Out of range value for column 'nip' at row 1
#0 D:\Project\Codeigniter\sekolah\system\Database\MySQLi\Connection.php(331): mysqli->query('INSERT INTO `st...')
#1 D:\Project\Codeigniter\sekolah\system\Database\BaseConnection.php(741): CodeIgniter\Database\MySQLi\Connection->execute('INSERT INTO `st...')
#2 D:\Project\Codeigniter\sekolah\system\Database\BaseConnection.php(669): CodeIgniter\Database\BaseConnection->simpleQuery('INSERT INTO `st...')
#3 D:\Project\Codeigniter\sekolah\system\Database\BaseBuilder.php(2249): CodeIgniter\Database\BaseConnection->query('INSERT INTO `st...', Array, false)
#4 D:\Project\Codeigniter\sekolah\system\Model.php(755): CodeIgniter\Database\BaseBuilder->insert()
#5 D:\Project\Codeigniter\sekolah\app\Controllers\Staf.php(133): CodeIgniter\Model->insert(Array)
#6 D:\Project\Codeigniter\sekolah\system\CodeIgniter.php(918): App\Controllers\Staf->simpan()
#7 D:\Project\Codeigniter\sekolah\system\CodeIgniter.php(404): CodeIgniter\CodeIgniter->runController(Object(App\Controllers\Staf))
#8 D:\Project\Codeigniter\sekolah\system\CodeIgniter.php(312): CodeIgniter\CodeIgniter->handleRequest(NULL, Object(Config\Cache), false)
#9 D:\Project\Codeigniter\sekolah\public\index.php(45): CodeIgniter\CodeIgniter->run()
#10 D:\Project\Codeigniter\sekolah\system\Commands\Server\rewrite.php(34): require_once('D:\\Project\\Code...')
#11 {main}
CRITICAL - 2021-01-22 09:50:13 --> Out of range value for column 'nip' at row 1
#0 D:\Project\Codeigniter\sekolah\system\Database\MySQLi\Connection.php(331): mysqli->query('INSERT INTO `st...')
#1 D:\Project\Codeigniter\sekolah\system\Database\BaseConnection.php(741): CodeIgniter\Database\MySQLi\Connection->execute('INSERT INTO `st...')
#2 D:\Project\Codeigniter\sekolah\system\Database\BaseConnection.php(669): CodeIgniter\Database\BaseConnection->simpleQuery('INSERT INTO `st...')
#3 D:\Project\Codeigniter\sekolah\system\Database\BaseBuilder.php(2249): CodeIgniter\Database\BaseConnection->query('INSERT INTO `st...', Array, false)
#4 D:\Project\Codeigniter\sekolah\system\Model.php(755): CodeIgniter\Database\BaseBuilder->insert()
#5 D:\Project\Codeigniter\sekolah\app\Controllers\Staf.php(133): CodeIgniter\Model->insert(Array)
#6 D:\Project\Codeigniter\sekolah\system\CodeIgniter.php(918): App\Controllers\Staf->simpan()
#7 D:\Project\Codeigniter\sekolah\system\CodeIgniter.php(404): CodeIgniter\CodeIgniter->runController(Object(App\Controllers\Staf))
#8 D:\Project\Codeigniter\sekolah\system\CodeIgniter.php(312): CodeIgniter\CodeIgniter->handleRequest(NULL, Object(Config\Cache), false)
#9 D:\Project\Codeigniter\sekolah\public\index.php(45): CodeIgniter\CodeIgniter->run()
#10 D:\Project\Codeigniter\sekolah\system\Commands\Server\rewrite.php(34): require_once('D:\\Project\\Code...')
#11 {main}
CRITICAL - 2021-01-22 09:50:16 --> Out of range value for column 'nip' at row 1
#0 D:\Project\Codeigniter\sekolah\system\Database\MySQLi\Connection.php(331): mysqli->query('INSERT INTO `st...')
#1 D:\Project\Codeigniter\sekolah\system\Database\BaseConnection.php(741): CodeIgniter\Database\MySQLi\Connection->execute('INSERT INTO `st...')
#2 D:\Project\Codeigniter\sekolah\system\Database\BaseConnection.php(669): CodeIgniter\Database\BaseConnection->simpleQuery('INSERT INTO `st...')
#3 D:\Project\Codeigniter\sekolah\system\Database\BaseBuilder.php(2249): CodeIgniter\Database\BaseConnection->query('INSERT INTO `st...', Array, false)
#4 D:\Project\Codeigniter\sekolah\system\Model.php(755): CodeIgniter\Database\BaseBuilder->insert()
#5 D:\Project\Codeigniter\sekolah\app\Controllers\Staf.php(133): CodeIgniter\Model->insert(Array)
#6 D:\Project\Codeigniter\sekolah\system\CodeIgniter.php(918): App\Controllers\Staf->simpan()
#7 D:\Project\Codeigniter\sekolah\system\CodeIgniter.php(404): CodeIgniter\CodeIgniter->runController(Object(App\Controllers\Staf))
#8 D:\Project\Codeigniter\sekolah\system\CodeIgniter.php(312): CodeIgniter\CodeIgniter->handleRequest(NULL, Object(Config\Cache), false)
#9 D:\Project\Codeigniter\sekolah\public\index.php(45): CodeIgniter\CodeIgniter->run()
#10 D:\Project\Codeigniter\sekolah\system\Commands\Server\rewrite.php(34): require_once('D:\\Project\\Code...')
#11 {main}
CRITICAL - 2021-01-22 18:43:07 --> Invalid file: auth/login.php
#0 D:\Project\Codeigniter\sekolah\system\View\View.php(228): CodeIgniter\Exceptions\FrameworkException::forInvalidFile('auth/login.php')
#1 D:\Project\Codeigniter\sekolah\system\Common.php(1119): CodeIgniter\View\View->render('auth/login', Array, true)
#2 D:\Project\Codeigniter\sekolah\app\Controllers\Login.php(20): view('auth/login')
#3 D:\Project\Codeigniter\sekolah\system\CodeIgniter.php(918): App\Controllers\Login->index()
#4 D:\Project\Codeigniter\sekolah\system\CodeIgniter.php(404): CodeIgniter\CodeIgniter->runController(Object(App\Controllers\Login))
#5 D:\Project\Codeigniter\sekolah\system\CodeIgniter.php(312): CodeIgniter\CodeIgniter->handleRequest(NULL, Object(Config\Cache), false)
#6 D:\Project\Codeigniter\sekolah\public\index.php(45): CodeIgniter\CodeIgniter->run()
#7 D:\Project\Codeigniter\sekolah\system\Commands\Server\rewrite.php(34): require_once('D:\\Project\\Code...')
#8 {main}
CRITICAL - 2021-01-22 19:08:13 --> ceklogin filter must have a matching alias defined.
#0 D:\Project\Codeigniter\sekolah\system\Filters\Filters.php(324): CodeIgniter\Filters\Exceptions\FilterException::forNoAlias('ceklogin')
#1 D:\Project\Codeigniter\sekolah\system\CodeIgniter.php(373): CodeIgniter\Filters\Filters->enableFilter('ceklogin', 'before')
#2 D:\Project\Codeigniter\sekolah\system\CodeIgniter.php(312): CodeIgniter\CodeIgniter->handleRequest(NULL, Object(Config\Cache), false)
#3 D:\Project\Codeigniter\sekolah\public\index.php(45): CodeIgniter\CodeIgniter->run()
#4 D:\Project\Codeigniter\sekolah\system\Commands\Server\rewrite.php(34): require_once('D:\\Project\\Code...')
#5 {main}
CRITICAL - 2021-01-22 19:08:21 --> validasilogin filter must have a matching alias defined.
#0 D:\Project\Codeigniter\sekolah\system\Filters\Filters.php(324): CodeIgniter\Filters\Exceptions\FilterException::forNoAlias('validasilogin')
#1 D:\Project\Codeigniter\sekolah\system\CodeIgniter.php(373): CodeIgniter\Filters\Filters->enableFilter('validasilogin', 'before')
#2 D:\Project\Codeigniter\sekolah\system\CodeIgniter.php(312): CodeIgniter\CodeIgniter->handleRequest(NULL, Object(Config\Cache), false)
#3 D:\Project\Codeigniter\sekolah\public\index.php(45): CodeIgniter\CodeIgniter->run()
#4 D:\Project\Codeigniter\sekolah\system\Commands\Server\rewrite.php(34): require_once('D:\\Project\\Code...')
#5 {main}
CRITICAL - 2021-01-22 19:17:24 --> Undefined variable: session
#0 D:\Project\Codeigniter\sekolah\app\Views\layout\menu.php(16): CodeIgniter\Debug\Exceptions->errorHandler(8, 'Undefined varia...', 'D:\\Project\\Code...', 16, Array)
#1 D:\Project\Codeigniter\sekolah\system\View\View.php(246): include('D:\\Project\\Code...')
#2 D:\Project\Codeigniter\sekolah\system\View\View.php(257): CodeIgniter\View\View->render('layout/menu', Array, true)
#3 D:\Project\Codeigniter\sekolah\system\View\View.php(257): CodeIgniter\View\View->render('layout/script', Array, true)
#4 D:\Project\Codeigniter\sekolah\system\Common.php(1119): CodeIgniter\View\View->render('auth/dashboard', Array, true)
#5 D:\Project\Codeigniter\sekolah\app\Controllers\Dashboard.php(28): view('auth/dashboard', Array)
#6 D:\Project\Codeigniter\sekolah\system\CodeIgniter.php(918): App\Controllers\Dashboard->index()
#7 D:\Project\Codeigniter\sekolah\system\CodeIgniter.php(404): CodeIgniter\CodeIgniter->runController(Object(App\Controllers\Dashboard))
#8 D:\Project\Codeigniter\sekolah\system\CodeIgniter.php(312): CodeIgniter\CodeIgniter->handleRequest(NULL, Object(Config\Cache), false)
#9 D:\Project\Codeigniter\sekolah\public\index.php(45): CodeIgniter\CodeIgniter->run()
#10 D:\Project\Codeigniter\sekolah\system\Commands\Server\rewrite.php(34): require_once('D:\\Project\\Code...')
#11 {main}
CRITICAL - 2021-01-22 19:17:41 --> Undefined variable: session
#0 D:\Project\Codeigniter\sekolah\app\Views\layout\menu.php(16): CodeIgniter\Debug\Exceptions->errorHandler(8, 'Undefined varia...', 'D:\\Project\\Code...', 16, Array)
#1 D:\Project\Codeigniter\sekolah\system\View\View.php(246): include('D:\\Project\\Code...')
#2 D:\Project\Codeigniter\sekolah\system\View\View.php(257): CodeIgniter\View\View->render('layout/menu', Array, true)
#3 D:\Project\Codeigniter\sekolah\system\View\View.php(257): CodeIgniter\View\View->render('layout/script', Array, true)
#4 D:\Project\Codeigniter\sekolah\system\Common.php(1119): CodeIgniter\View\View->render('auth/dashboard', Array, true)
#5 D:\Project\Codeigniter\sekolah\app\Controllers\Dashboard.php(28): view('auth/dashboard', Array)
#6 D:\Project\Codeigniter\sekolah\system\CodeIgniter.php(918): App\Controllers\Dashboard->index()
#7 D:\Project\Codeigniter\sekolah\system\CodeIgniter.php(404): CodeIgniter\CodeIgniter->runController(Object(App\Controllers\Dashboard))
#8 D:\Project\Codeigniter\sekolah\system\CodeIgniter.php(312): CodeIgniter\CodeIgniter->handleRequest(NULL, Object(Config\Cache), false)
#9 D:\Project\Codeigniter\sekolah\public\index.php(45): CodeIgniter\CodeIgniter->run()
#10 D:\Project\Codeigniter\sekolah\system\Commands\Server\rewrite.php(34): require_once('D:\\Project\\Code...')
#11 {main}
