CRITICAL - 2021-01-17 02:30:03 --> Undefined index: staf_id
#0 D:\Project\Codeigniter\sekolah\app\Controllers\Siswa.php(141): CodeIgniter\Debug\Exceptions->errorHandler(8, 'Undefined index...', 'D:\\Project\\Code...', 141, Array)
#1 D:\Project\Codeigniter\sekolah\system\CodeIgniter.php(918): App\Controllers\Siswa->formedit()
#2 D:\Project\Codeigniter\sekolah\system\CodeIgniter.php(404): CodeIgniter\CodeIgniter->runController(Object(App\Controllers\Siswa))
#3 D:\Project\Codeigniter\sekolah\system\CodeIgniter.php(312): CodeIgniter\CodeIgniter->handleRequest(NULL, Object(Config\Cache), false)
#4 D:\Project\Codeigniter\sekolah\public\index.php(45): CodeIgniter\CodeIgniter->run()
#5 D:\Project\Codeigniter\sekolah\system\Commands\Server\rewrite.php(34): require_once('D:\\Project\\Code...')
#6 {main}
CRITICAL - 2021-01-17 02:30:35 --> Undefined index: staf_id
#0 D:\Project\Codeigniter\sekolah\app\Controllers\Siswa.php(141): CodeIgniter\Debug\Exceptions->errorHandler(8, 'Undefined index...', 'D:\\Project\\Code...', 141, Array)
#1 D:\Project\Codeigniter\sekolah\system\CodeIgniter.php(918): App\Controllers\Siswa->formedit()
#2 D:\Project\Codeigniter\sekolah\system\CodeIgniter.php(404): CodeIgniter\CodeIgniter->runController(Object(App\Controllers\Siswa))
#3 D:\Project\Codeigniter\sekolah\system\CodeIgniter.php(312): CodeIgniter\CodeIgniter->handleRequest(NULL, Object(Config\Cache), false)
#4 D:\Project\Codeigniter\sekolah\public\index.php(45): CodeIgniter\CodeIgniter->run()
#5 D:\Project\Codeigniter\sekolah\system\Commands\Server\rewrite.php(34): require_once('D:\\Project\\Code...')
#6 {main}
CRITICAL - 2021-01-17 02:30:55 --> Invalid file: auth/siswa/tambah.php
#0 D:\Project\Codeigniter\sekolah\system\View\View.php(228): CodeIgniter\Exceptions\FrameworkException::forInvalidFile('auth/siswa/tamb...')
#1 D:\Project\Codeigniter\sekolah\system\Common.php(1119): CodeIgniter\View\View->render('auth/siswa/tamb...', Array, true)
#2 D:\Project\Codeigniter\sekolah\app\Controllers\Siswa.php(38): view('auth/siswa/tamb...', Array)
#3 D:\Project\Codeigniter\sekolah\system\CodeIgniter.php(918): App\Controllers\Siswa->formtambah()
#4 D:\Project\Codeigniter\sekolah\system\CodeIgniter.php(404): CodeIgniter\CodeIgniter->runController(Object(App\Controllers\Siswa))
#5 D:\Project\Codeigniter\sekolah\system\CodeIgniter.php(312): CodeIgniter\CodeIgniter->handleRequest(NULL, Object(Config\Cache), false)
#6 D:\Project\Codeigniter\sekolah\public\index.php(45): CodeIgniter\CodeIgniter->run()
#7 D:\Project\Codeigniter\sekolah\system\Commands\Server\rewrite.php(34): require_once('D:\\Project\\Code...')
#8 {main}
CRITICAL - 2021-01-17 02:31:08 --> Invalid file: auth/siswa/tambah.php
#0 D:\Project\Codeigniter\sekolah\system\View\View.php(228): CodeIgniter\Exceptions\FrameworkException::forInvalidFile('auth/siswa/tamb...')
#1 D:\Project\Codeigniter\sekolah\system\Common.php(1119): CodeIgniter\View\View->render('auth/siswa/tamb...', Array, true)
#2 D:\Project\Codeigniter\sekolah\app\Controllers\Siswa.php(38): view('auth/siswa/tamb...', Array)
#3 D:\Project\Codeigniter\sekolah\system\CodeIgniter.php(918): App\Controllers\Siswa->formtambah()
#4 D:\Project\Codeigniter\sekolah\system\CodeIgniter.php(404): CodeIgniter\CodeIgniter->runController(Object(App\Controllers\Siswa))
#5 D:\Project\Codeigniter\sekolah\system\CodeIgniter.php(312): CodeIgniter\CodeIgniter->handleRequest(NULL, Object(Config\Cache), false)
#6 D:\Project\Codeigniter\sekolah\public\index.php(45): CodeIgniter\CodeIgniter->run()
#7 D:\Project\Codeigniter\sekolah\system\Commands\Server\rewrite.php(34): require_once('D:\\Project\\Code...')
#8 {main}
CRITICAL - 2021-01-17 02:45:48 --> Invalid file: auth/siswa/tambah.php
#0 D:\Project\Codeigniter\sekolah\system\View\View.php(228): CodeIgniter\Exceptions\FrameworkException::forInvalidFile('auth/siswa/tamb...')
#1 D:\Project\Codeigniter\sekolah\system\Common.php(1119): CodeIgniter\View\View->render('auth/siswa/tamb...', Array, true)
#2 D:\Project\Codeigniter\sekolah\app\Controllers\Siswa.php(38): view('auth/siswa/tamb...', Array)
#3 D:\Project\Codeigniter\sekolah\system\CodeIgniter.php(918): App\Controllers\Siswa->formtambah()
#4 D:\Project\Codeigniter\sekolah\system\CodeIgniter.php(404): CodeIgniter\CodeIgniter->runController(Object(App\Controllers\Siswa))
#5 D:\Project\Codeigniter\sekolah\system\CodeIgniter.php(312): CodeIgniter\CodeIgniter->handleRequest(NULL, Object(Config\Cache), false)
#6 D:\Project\Codeigniter\sekolah\public\index.php(45): CodeIgniter\CodeIgniter->run()
#7 D:\Project\Codeigniter\sekolah\system\Commands\Server\rewrite.php(34): require_once('D:\\Project\\Code...')
#8 {main}
CRITICAL - 2021-01-17 02:55:42 --> unlink(img/guru/zzf.jpg): No such file or directory
#0 [internal function]: CodeIgniter\Debug\Exceptions->errorHandler(2, 'unlink(img/guru...', 'D:\\Project\\Code...', 340, Array)
#1 D:\Project\Codeigniter\sekolah\app\Controllers\Guru.php(340): unlink('img/guru/zzf.jp...')
#2 D:\Project\Codeigniter\sekolah\system\CodeIgniter.php(918): App\Controllers\Guru->doupload()
#3 D:\Project\Codeigniter\sekolah\system\CodeIgniter.php(404): CodeIgniter\CodeIgniter->runController(Object(App\Controllers\Guru))
#4 D:\Project\Codeigniter\sekolah\system\CodeIgniter.php(312): CodeIgniter\CodeIgniter->handleRequest(NULL, Object(Config\Cache), false)
#5 D:\Project\Codeigniter\sekolah\public\index.php(45): CodeIgniter\CodeIgniter->run()
#6 D:\Project\Codeigniter\sekolah\system\Commands\Server\rewrite.php(34): require_once('D:\\Project\\Code...')
#7 {main}
CRITICAL - 2021-01-17 05:08:55 --> Undefined index: kelas
#0 D:\Project\Codeigniter\sekolah\app\Views\auth\siswa\list.php(37): CodeIgniter\Debug\Exceptions->errorHandler(8, 'Undefined index...', 'D:\\Project\\Code...', 37, Array)
#1 D:\Project\Codeigniter\sekolah\system\View\View.php(246): include('D:\\Project\\Code...')
#2 D:\Project\Codeigniter\sekolah\system\Common.php(1119): CodeIgniter\View\View->render('auth/siswa/list', Array, true)
#3 D:\Project\Codeigniter\sekolah\app\Controllers\Siswa.php(25): view('auth/siswa/list', Array)
#4 D:\Project\Codeigniter\sekolah\system\CodeIgniter.php(918): App\Controllers\Siswa->getdata()
#5 D:\Project\Codeigniter\sekolah\system\CodeIgniter.php(404): CodeIgniter\CodeIgniter->runController(Object(App\Controllers\Siswa))
#6 D:\Project\Codeigniter\sekolah\system\CodeIgniter.php(312): CodeIgniter\CodeIgniter->handleRequest(NULL, Object(Config\Cache), false)
#7 D:\Project\Codeigniter\sekolah\public\index.php(45): CodeIgniter\CodeIgniter->run()
#8 D:\Project\Codeigniter\sekolah\system\Commands\Server\rewrite.php(34): require_once('D:\\Project\\Code...')
#9 {main}
CRITICAL - 2021-01-17 05:08:58 --> Undefined index: kelas
#0 D:\Project\Codeigniter\sekolah\app\Views\auth\siswa\list.php(37): CodeIgniter\Debug\Exceptions->errorHandler(8, 'Undefined index...', 'D:\\Project\\Code...', 37, Array)
#1 D:\Project\Codeigniter\sekolah\system\View\View.php(246): include('D:\\Project\\Code...')
#2 D:\Project\Codeigniter\sekolah\system\Common.php(1119): CodeIgniter\View\View->render('auth/siswa/list', Array, true)
#3 D:\Project\Codeigniter\sekolah\app\Controllers\Siswa.php(25): view('auth/siswa/list', Array)
#4 D:\Project\Codeigniter\sekolah\system\CodeIgniter.php(918): App\Controllers\Siswa->getdata()
#5 D:\Project\Codeigniter\sekolah\system\CodeIgniter.php(404): CodeIgniter\CodeIgniter->runController(Object(App\Controllers\Siswa))
#6 D:\Project\Codeigniter\sekolah\system\CodeIgniter.php(312): CodeIgniter\CodeIgniter->handleRequest(NULL, Object(Config\Cache), false)
#7 D:\Project\Codeigniter\sekolah\public\index.php(45): CodeIgniter\CodeIgniter->run()
#8 D:\Project\Codeigniter\sekolah\system\Commands\Server\rewrite.php(34): require_once('D:\\Project\\Code...')
#9 {main}
CRITICAL - 2021-01-17 05:09:01 --> Undefined index: kelas
#0 D:\Project\Codeigniter\sekolah\app\Views\auth\siswa\list.php(37): CodeIgniter\Debug\Exceptions->errorHandler(8, 'Undefined index...', 'D:\\Project\\Code...', 37, Array)
#1 D:\Project\Codeigniter\sekolah\system\View\View.php(246): include('D:\\Project\\Code...')
#2 D:\Project\Codeigniter\sekolah\system\Common.php(1119): CodeIgniter\View\View->render('auth/siswa/list', Array, true)
#3 D:\Project\Codeigniter\sekolah\app\Controllers\Siswa.php(25): view('auth/siswa/list', Array)
#4 D:\Project\Codeigniter\sekolah\system\CodeIgniter.php(918): App\Controllers\Siswa->getdata()
#5 D:\Project\Codeigniter\sekolah\system\CodeIgniter.php(404): CodeIgniter\CodeIgniter->runController(Object(App\Controllers\Siswa))
#6 D:\Project\Codeigniter\sekolah\system\CodeIgniter.php(312): CodeIgniter\CodeIgniter->handleRequest(NULL, Object(Config\Cache), false)
#7 D:\Project\Codeigniter\sekolah\public\index.php(45): CodeIgniter\CodeIgniter->run()
#8 D:\Project\Codeigniter\sekolah\system\Commands\Server\rewrite.php(34): require_once('D:\\Project\\Code...')
#9 {main}
CRITICAL - 2021-01-17 05:17:13 --> Undefined index: nama_kelas
#0 D:\Project\Codeigniter\sekolah\app\Views\auth\kelas\list.php(16): CodeIgniter\Debug\Exceptions->errorHandler(8, 'Undefined index...', 'D:\\Project\\Code...', 16, Array)
#1 D:\Project\Codeigniter\sekolah\system\View\View.php(246): include('D:\\Project\\Code...')
#2 D:\Project\Codeigniter\sekolah\system\Common.php(1119): CodeIgniter\View\View->render('auth/kelas/list', Array, true)
#3 D:\Project\Codeigniter\sekolah\app\Controllers\Siswa.php(379): view('auth/kelas/list', Array)
#4 D:\Project\Codeigniter\sekolah\system\CodeIgniter.php(918): App\Controllers\Siswa->getkelas()
#5 D:\Project\Codeigniter\sekolah\system\CodeIgniter.php(404): CodeIgniter\CodeIgniter->runController(Object(App\Controllers\Siswa))
#6 D:\Project\Codeigniter\sekolah\system\CodeIgniter.php(312): CodeIgniter\CodeIgniter->handleRequest(NULL, Object(Config\Cache), false)
#7 D:\Project\Codeigniter\sekolah\public\index.php(45): CodeIgniter\CodeIgniter->run()
#8 D:\Project\Codeigniter\sekolah\system\Commands\Server\rewrite.php(34): require_once('D:\\Project\\Code...')
#9 {main}
CRITICAL - 2021-01-17 05:17:34 --> Undefined index: nama_kelas
#0 D:\Project\Codeigniter\sekolah\app\Views\auth\kelas\list.php(16): CodeIgniter\Debug\Exceptions->errorHandler(8, 'Undefined index...', 'D:\\Project\\Code...', 16, Array)
#1 D:\Project\Codeigniter\sekolah\system\View\View.php(246): include('D:\\Project\\Code...')
#2 D:\Project\Codeigniter\sekolah\system\Common.php(1119): CodeIgniter\View\View->render('auth/kelas/list', Array, true)
#3 D:\Project\Codeigniter\sekolah\app\Controllers\Siswa.php(379): view('auth/kelas/list', Array)
#4 D:\Project\Codeigniter\sekolah\system\CodeIgniter.php(918): App\Controllers\Siswa->getkelas()
#5 D:\Project\Codeigniter\sekolah\system\CodeIgniter.php(404): CodeIgniter\CodeIgniter->runController(Object(App\Controllers\Siswa))
#6 D:\Project\Codeigniter\sekolah\system\CodeIgniter.php(312): CodeIgniter\CodeIgniter->handleRequest(NULL, Object(Config\Cache), false)
#7 D:\Project\Codeigniter\sekolah\public\index.php(45): CodeIgniter\CodeIgniter->run()
#8 D:\Project\Codeigniter\sekolah\system\Commands\Server\rewrite.php(34): require_once('D:\\Project\\Code...')
#9 {main}
CRITICAL - 2021-01-17 05:17:38 --> Undefined index: nama_kelas
#0 D:\Project\Codeigniter\sekolah\app\Views\auth\kelas\list.php(16): CodeIgniter\Debug\Exceptions->errorHandler(8, 'Undefined index...', 'D:\\Project\\Code...', 16, Array)
#1 D:\Project\Codeigniter\sekolah\system\View\View.php(246): include('D:\\Project\\Code...')
#2 D:\Project\Codeigniter\sekolah\system\Common.php(1119): CodeIgniter\View\View->render('auth/kelas/list', Array, true)
#3 D:\Project\Codeigniter\sekolah\app\Controllers\Siswa.php(379): view('auth/kelas/list', Array)
#4 D:\Project\Codeigniter\sekolah\system\CodeIgniter.php(918): App\Controllers\Siswa->getkelas()
#5 D:\Project\Codeigniter\sekolah\system\CodeIgniter.php(404): CodeIgniter\CodeIgniter->runController(Object(App\Controllers\Siswa))
#6 D:\Project\Codeigniter\sekolah\system\CodeIgniter.php(312): CodeIgniter\CodeIgniter->handleRequest(NULL, Object(Config\Cache), false)
#7 D:\Project\Codeigniter\sekolah\public\index.php(45): CodeIgniter\CodeIgniter->run()
#8 D:\Project\Codeigniter\sekolah\system\Commands\Server\rewrite.php(34): require_once('D:\\Project\\Code...')
#9 {main}
CRITICAL - 2021-01-17 05:19:54 --> Invalid file: auth/kelas/tambah.php
#0 D:\Project\Codeigniter\sekolah\system\View\View.php(228): CodeIgniter\Exceptions\FrameworkException::forInvalidFile('auth/kelas/tamb...')
#1 D:\Project\Codeigniter\sekolah\system\Common.php(1119): CodeIgniter\View\View->render('auth/kelas/tamb...', Array, true)
#2 D:\Project\Codeigniter\sekolah\app\Controllers\Siswa.php(392): view('auth/kelas/tamb...', Array)
#3 D:\Project\Codeigniter\sekolah\system\CodeIgniter.php(918): App\Controllers\Siswa->formkelas()
#4 D:\Project\Codeigniter\sekolah\system\CodeIgniter.php(404): CodeIgniter\CodeIgniter->runController(Object(App\Controllers\Siswa))
#5 D:\Project\Codeigniter\sekolah\system\CodeIgniter.php(312): CodeIgniter\CodeIgniter->handleRequest(NULL, Object(Config\Cache), false)
#6 D:\Project\Codeigniter\sekolah\public\index.php(45): CodeIgniter\CodeIgniter->run()
#7 D:\Project\Codeigniter\sekolah\system\Commands\Server\rewrite.php(34): require_once('D:\\Project\\Code...')
#8 {main}
CRITICAL - 2021-01-17 05:26:40 --> Call to undefined method App\Models\Modelsiswa::listjoin
#0 D:\Project\Codeigniter\sekolah\app\Controllers\Siswa.php(376): CodeIgniter\Model->__call('listjoin', Array)
#1 D:\Project\Codeigniter\sekolah\system\CodeIgniter.php(918): App\Controllers\Siswa->getkelas()
#2 D:\Project\Codeigniter\sekolah\system\CodeIgniter.php(404): CodeIgniter\CodeIgniter->runController(Object(App\Controllers\Siswa))
#3 D:\Project\Codeigniter\sekolah\system\CodeIgniter.php(312): CodeIgniter\CodeIgniter->handleRequest(NULL, Object(Config\Cache), false)
#4 D:\Project\Codeigniter\sekolah\public\index.php(45): CodeIgniter\CodeIgniter->run()
#5 D:\Project\Codeigniter\sekolah\system\Commands\Server\rewrite.php(34): require_once('D:\\Project\\Code...')
#6 {main}
CRITICAL - 2021-01-17 05:26:47 --> Call to undefined method App\Models\Modelsiswa::listjoin
#0 D:\Project\Codeigniter\sekolah\app\Controllers\Siswa.php(376): CodeIgniter\Model->__call('listjoin', Array)
#1 D:\Project\Codeigniter\sekolah\system\CodeIgniter.php(918): App\Controllers\Siswa->getkelas()
#2 D:\Project\Codeigniter\sekolah\system\CodeIgniter.php(404): CodeIgniter\CodeIgniter->runController(Object(App\Controllers\Siswa))
#3 D:\Project\Codeigniter\sekolah\system\CodeIgniter.php(312): CodeIgniter\CodeIgniter->handleRequest(NULL, Object(Config\Cache), false)
#4 D:\Project\Codeigniter\sekolah\public\index.php(45): CodeIgniter\CodeIgniter->run()
#5 D:\Project\Codeigniter\sekolah\system\Commands\Server\rewrite.php(34): require_once('D:\\Project\\Code...')
#6 {main}
CRITICAL - 2021-01-17 05:27:12 --> Undefined index: nama_guru
#0 D:\Project\Codeigniter\sekolah\app\Views\auth\kelas\list.php(18): CodeIgniter\Debug\Exceptions->errorHandler(8, 'Undefined index...', 'D:\\Project\\Code...', 18, Array)
#1 D:\Project\Codeigniter\sekolah\system\View\View.php(246): include('D:\\Project\\Code...')
#2 D:\Project\Codeigniter\sekolah\system\Common.php(1119): CodeIgniter\View\View->render('auth/kelas/list', Array, true)
#3 D:\Project\Codeigniter\sekolah\app\Controllers\Siswa.php(379): view('auth/kelas/list', Array)
#4 D:\Project\Codeigniter\sekolah\system\CodeIgniter.php(918): App\Controllers\Siswa->getkelas()
#5 D:\Project\Codeigniter\sekolah\system\CodeIgniter.php(404): CodeIgniter\CodeIgniter->runController(Object(App\Controllers\Siswa))
#6 D:\Project\Codeigniter\sekolah\system\CodeIgniter.php(312): CodeIgniter\CodeIgniter->handleRequest(NULL, Object(Config\Cache), false)
#7 D:\Project\Codeigniter\sekolah\public\index.php(45): CodeIgniter\CodeIgniter->run()
#8 D:\Project\Codeigniter\sekolah\system\Commands\Server\rewrite.php(34): require_once('D:\\Project\\Code...')
#9 {main}
CRITICAL - 2021-01-17 05:29:51 --> Column 'guru_id' in order clause is ambiguous
#0 D:\Project\Codeigniter\sekolah\system\Database\MySQLi\Connection.php(331): mysqli->query('SELECT *\nFROM `...')
#1 D:\Project\Codeigniter\sekolah\system\Database\BaseConnection.php(741): CodeIgniter\Database\MySQLi\Connection->execute('SELECT *\nFROM `...')
#2 D:\Project\Codeigniter\sekolah\system\Database\BaseConnection.php(669): CodeIgniter\Database\BaseConnection->simpleQuery('SELECT *\nFROM `...')
#3 D:\Project\Codeigniter\sekolah\system\Database\BaseBuilder.php(1860): CodeIgniter\Database\BaseConnection->query('SELECT *\nFROM `...', Array, false)
#4 D:\Project\Codeigniter\sekolah\system\Model.php(1818): CodeIgniter\Database\BaseBuilder->get()
#5 D:\Project\Codeigniter\sekolah\app\Models\Modelguru.php(27): CodeIgniter\Model->__call('get', Array)
#6 D:\Project\Codeigniter\sekolah\app\Controllers\Siswa.php(376): App\Models\Modelguru->listjoin()
#7 D:\Project\Codeigniter\sekolah\system\CodeIgniter.php(918): App\Controllers\Siswa->getkelas()
#8 D:\Project\Codeigniter\sekolah\system\CodeIgniter.php(404): CodeIgniter\CodeIgniter->runController(Object(App\Controllers\Siswa))
#9 D:\Project\Codeigniter\sekolah\system\CodeIgniter.php(312): CodeIgniter\CodeIgniter->handleRequest(NULL, Object(Config\Cache), false)
#10 D:\Project\Codeigniter\sekolah\public\index.php(45): CodeIgniter\CodeIgniter->run()
#11 D:\Project\Codeigniter\sekolah\system\Commands\Server\rewrite.php(34): require_once('D:\\Project\\Code...')
#12 {main}
CRITICAL - 2021-01-17 05:30:07 --> Invalid file: auth/kelas/tambah.php
#0 D:\Project\Codeigniter\sekolah\system\View\View.php(228): CodeIgniter\Exceptions\FrameworkException::forInvalidFile('auth/kelas/tamb...')
#1 D:\Project\Codeigniter\sekolah\system\Common.php(1119): CodeIgniter\View\View->render('auth/kelas/tamb...', Array, true)
#2 D:\Project\Codeigniter\sekolah\app\Controllers\Siswa.php(392): view('auth/kelas/tamb...', Array)
#3 D:\Project\Codeigniter\sekolah\system\CodeIgniter.php(918): App\Controllers\Siswa->formkelas()
#4 D:\Project\Codeigniter\sekolah\system\CodeIgniter.php(404): CodeIgniter\CodeIgniter->runController(Object(App\Controllers\Siswa))
#5 D:\Project\Codeigniter\sekolah\system\CodeIgniter.php(312): CodeIgniter\CodeIgniter->handleRequest(NULL, Object(Config\Cache), false)
#6 D:\Project\Codeigniter\sekolah\public\index.php(45): CodeIgniter\CodeIgniter->run()
#7 D:\Project\Codeigniter\sekolah\system\Commands\Server\rewrite.php(34): require_once('D:\\Project\\Code...')
#8 {main}
CRITICAL - 2021-01-17 05:30:12 --> Column 'guru_id' in order clause is ambiguous
#0 D:\Project\Codeigniter\sekolah\system\Database\MySQLi\Connection.php(331): mysqli->query('SELECT *\nFROM `...')
#1 D:\Project\Codeigniter\sekolah\system\Database\BaseConnection.php(741): CodeIgniter\Database\MySQLi\Connection->execute('SELECT *\nFROM `...')
#2 D:\Project\Codeigniter\sekolah\system\Database\BaseConnection.php(669): CodeIgniter\Database\BaseConnection->simpleQuery('SELECT *\nFROM `...')
#3 D:\Project\Codeigniter\sekolah\system\Database\BaseBuilder.php(1860): CodeIgniter\Database\BaseConnection->query('SELECT *\nFROM `...', Array, false)
#4 D:\Project\Codeigniter\sekolah\system\Model.php(1818): CodeIgniter\Database\BaseBuilder->get()
#5 D:\Project\Codeigniter\sekolah\app\Models\Modelguru.php(27): CodeIgniter\Model->__call('get', Array)
#6 D:\Project\Codeigniter\sekolah\app\Controllers\Siswa.php(376): App\Models\Modelguru->listjoin()
#7 D:\Project\Codeigniter\sekolah\system\CodeIgniter.php(918): App\Controllers\Siswa->getkelas()
#8 D:\Project\Codeigniter\sekolah\system\CodeIgniter.php(404): CodeIgniter\CodeIgniter->runController(Object(App\Controllers\Siswa))
#9 D:\Project\Codeigniter\sekolah\system\CodeIgniter.php(312): CodeIgniter\CodeIgniter->handleRequest(NULL, Object(Config\Cache), false)
#10 D:\Project\Codeigniter\sekolah\public\index.php(45): CodeIgniter\CodeIgniter->run()
#11 D:\Project\Codeigniter\sekolah\system\Commands\Server\rewrite.php(34): require_once('D:\\Project\\Code...')
#12 {main}
CRITICAL - 2021-01-17 05:30:36 --> Column 'guru_id' in order clause is ambiguous
#0 D:\Project\Codeigniter\sekolah\system\Database\MySQLi\Connection.php(331): mysqli->query('SELECT *\nFROM `...')
#1 D:\Project\Codeigniter\sekolah\system\Database\BaseConnection.php(741): CodeIgniter\Database\MySQLi\Connection->execute('SELECT *\nFROM `...')
#2 D:\Project\Codeigniter\sekolah\system\Database\BaseConnection.php(669): CodeIgniter\Database\BaseConnection->simpleQuery('SELECT *\nFROM `...')
#3 D:\Project\Codeigniter\sekolah\system\Database\BaseBuilder.php(1860): CodeIgniter\Database\BaseConnection->query('SELECT *\nFROM `...', Array, false)
#4 D:\Project\Codeigniter\sekolah\system\Model.php(1818): CodeIgniter\Database\BaseBuilder->get()
#5 D:\Project\Codeigniter\sekolah\app\Models\Modelguru.php(27): CodeIgniter\Model->__call('get', Array)
#6 D:\Project\Codeigniter\sekolah\app\Controllers\Siswa.php(376): App\Models\Modelguru->listjoin()
#7 D:\Project\Codeigniter\sekolah\system\CodeIgniter.php(918): App\Controllers\Siswa->getkelas()
#8 D:\Project\Codeigniter\sekolah\system\CodeIgniter.php(404): CodeIgniter\CodeIgniter->runController(Object(App\Controllers\Siswa))
#9 D:\Project\Codeigniter\sekolah\system\CodeIgniter.php(312): CodeIgniter\CodeIgniter->handleRequest(NULL, Object(Config\Cache), false)
#10 D:\Project\Codeigniter\sekolah\public\index.php(45): CodeIgniter\CodeIgniter->run()
#11 D:\Project\Codeigniter\sekolah\system\Commands\Server\rewrite.php(34): require_once('D:\\Project\\Code...')
#12 {main}
CRITICAL - 2021-01-17 05:35:12 --> Invalid file: auth/kelas/tambah.php
#0 D:\Project\Codeigniter\sekolah\system\View\View.php(228): CodeIgniter\Exceptions\FrameworkException::forInvalidFile('auth/kelas/tamb...')
#1 D:\Project\Codeigniter\sekolah\system\Common.php(1119): CodeIgniter\View\View->render('auth/kelas/tamb...', Array, true)
#2 D:\Project\Codeigniter\sekolah\app\Controllers\Siswa.php(392): view('auth/kelas/tamb...', Array)
#3 D:\Project\Codeigniter\sekolah\system\CodeIgniter.php(918): App\Controllers\Siswa->formkelas()
#4 D:\Project\Codeigniter\sekolah\system\CodeIgniter.php(404): CodeIgniter\CodeIgniter->runController(Object(App\Controllers\Siswa))
#5 D:\Project\Codeigniter\sekolah\system\CodeIgniter.php(312): CodeIgniter\CodeIgniter->handleRequest(NULL, Object(Config\Cache), false)
#6 D:\Project\Codeigniter\sekolah\public\index.php(45): CodeIgniter\CodeIgniter->run()
#7 D:\Project\Codeigniter\sekolah\system\Commands\Server\rewrite.php(34): require_once('D:\\Project\\Code...')
#8 {main}
CRITICAL - 2021-01-17 18:27:26 --> Invalid file: auth/kelas/tambah.php
#0 D:\Project\Codeigniter\sekolah\system\View\View.php(228): CodeIgniter\Exceptions\FrameworkException::forInvalidFile('auth/kelas/tamb...')
#1 D:\Project\Codeigniter\sekolah\system\Common.php(1119): CodeIgniter\View\View->render('auth/kelas/tamb...', Array, true)
#2 D:\Project\Codeigniter\sekolah\app\Controllers\Siswa.php(392): view('auth/kelas/tamb...', Array)
#3 D:\Project\Codeigniter\sekolah\system\CodeIgniter.php(918): App\Controllers\Siswa->formkelas()
#4 D:\Project\Codeigniter\sekolah\system\CodeIgniter.php(404): CodeIgniter\CodeIgniter->runController(Object(App\Controllers\Siswa))
#5 D:\Project\Codeigniter\sekolah\system\CodeIgniter.php(312): CodeIgniter\CodeIgniter->handleRequest(NULL, Object(Config\Cache), false)
#6 D:\Project\Codeigniter\sekolah\public\index.php(45): CodeIgniter\CodeIgniter->run()
#7 D:\Project\Codeigniter\sekolah\system\Commands\Server\rewrite.php(34): require_once('D:\\Project\\Code...')
#8 {main}
CRITICAL - 2021-01-17 18:27:29 --> Invalid file: auth/kelas/tambah.php
#0 D:\Project\Codeigniter\sekolah\system\View\View.php(228): CodeIgniter\Exceptions\FrameworkException::forInvalidFile('auth/kelas/tamb...')
#1 D:\Project\Codeigniter\sekolah\system\Common.php(1119): CodeIgniter\View\View->render('auth/kelas/tamb...', Array, true)
#2 D:\Project\Codeigniter\sekolah\app\Controllers\Siswa.php(392): view('auth/kelas/tamb...', Array)
#3 D:\Project\Codeigniter\sekolah\system\CodeIgniter.php(918): App\Controllers\Siswa->formkelas()
#4 D:\Project\Codeigniter\sekolah\system\CodeIgniter.php(404): CodeIgniter\CodeIgniter->runController(Object(App\Controllers\Siswa))
#5 D:\Project\Codeigniter\sekolah\system\CodeIgniter.php(312): CodeIgniter\CodeIgniter->handleRequest(NULL, Object(Config\Cache), false)
#6 D:\Project\Codeigniter\sekolah\public\index.php(45): CodeIgniter\CodeIgniter->run()
#7 D:\Project\Codeigniter\sekolah\system\Commands\Server\rewrite.php(34): require_once('D:\\Project\\Code...')
#8 {main}
CRITICAL - 2021-01-17 18:44:57 --> Invalid file: auth/kelas/tambah.php
#0 D:\Project\Codeigniter\sekolah\system\View\View.php(228): CodeIgniter\Exceptions\FrameworkException::forInvalidFile('auth/kelas/tamb...')
#1 D:\Project\Codeigniter\sekolah\system\Common.php(1119): CodeIgniter\View\View->render('auth/kelas/tamb...', Array, true)
#2 D:\Project\Codeigniter\sekolah\app\Controllers\Siswa.php(392): view('auth/kelas/tamb...', Array)
#3 D:\Project\Codeigniter\sekolah\system\CodeIgniter.php(918): App\Controllers\Siswa->formkelas()
#4 D:\Project\Codeigniter\sekolah\system\CodeIgniter.php(404): CodeIgniter\CodeIgniter->runController(Object(App\Controllers\Siswa))
#5 D:\Project\Codeigniter\sekolah\system\CodeIgniter.php(312): CodeIgniter\CodeIgniter->handleRequest(NULL, Object(Config\Cache), false)
#6 D:\Project\Codeigniter\sekolah\public\index.php(45): CodeIgniter\CodeIgniter->run()
#7 D:\Project\Codeigniter\sekolah\system\Commands\Server\rewrite.php(34): require_once('D:\\Project\\Code...')
#8 {main}
CRITICAL - 2021-01-17 18:54:39 --> Undefined index: nama_guru
#0 D:\Project\Codeigniter\sekolah\app\Views\auth\kelas\tambah.php(31): CodeIgniter\Debug\Exceptions->errorHandler(8, 'Undefined index...', 'D:\\Project\\Code...', 31, Array)
#1 D:\Project\Codeigniter\sekolah\system\View\View.php(246): include('D:\\Project\\Code...')
#2 D:\Project\Codeigniter\sekolah\system\Common.php(1119): CodeIgniter\View\View->render('auth/kelas/tamb...', Array, true)
#3 D:\Project\Codeigniter\sekolah\app\Controllers\Siswa.php(393): view('auth/kelas/tamb...', Array)
#4 D:\Project\Codeigniter\sekolah\system\CodeIgniter.php(918): App\Controllers\Siswa->formkelas()
#5 D:\Project\Codeigniter\sekolah\system\CodeIgniter.php(404): CodeIgniter\CodeIgniter->runController(Object(App\Controllers\Siswa))
#6 D:\Project\Codeigniter\sekolah\system\CodeIgniter.php(312): CodeIgniter\CodeIgniter->handleRequest(NULL, Object(Config\Cache), false)
#7 D:\Project\Codeigniter\sekolah\public\index.php(45): CodeIgniter\CodeIgniter->run()
#8 D:\Project\Codeigniter\sekolah\system\Commands\Server\rewrite.php(34): require_once('D:\\Project\\Code...')
#9 {main}
CRITICAL - 2021-01-17 18:59:57 --> Cannot add or update a child row: a foreign key constraint fails (`sekolah_ci4`.`kelas`, CONSTRAINT `kelas_ibfk_1` FOREIGN KEY (`guru_id`) REFERENCES `guru` (`guru_id`) ON DELETE NO ACTION ON UPDATE NO ACTION)
#0 D:\Project\Codeigniter\sekolah\system\Database\MySQLi\Connection.php(331): mysqli->query('INSERT INTO `ke...')
#1 D:\Project\Codeigniter\sekolah\system\Database\BaseConnection.php(741): CodeIgniter\Database\MySQLi\Connection->execute('INSERT INTO `ke...')
#2 D:\Project\Codeigniter\sekolah\system\Database\BaseConnection.php(669): CodeIgniter\Database\BaseConnection->simpleQuery('INSERT INTO `ke...')
#3 D:\Project\Codeigniter\sekolah\system\Database\BaseBuilder.php(2249): CodeIgniter\Database\BaseConnection->query('INSERT INTO `ke...', Array, false)
#4 D:\Project\Codeigniter\sekolah\system\Model.php(755): CodeIgniter\Database\BaseBuilder->insert()
#5 D:\Project\Codeigniter\sekolah\app\Controllers\Siswa.php(433): CodeIgniter\Model->insert(Array)
#6 D:\Project\Codeigniter\sekolah\system\CodeIgniter.php(918): App\Controllers\Siswa->simpankelas()
#7 D:\Project\Codeigniter\sekolah\system\CodeIgniter.php(404): CodeIgniter\CodeIgniter->runController(Object(App\Controllers\Siswa))
#8 D:\Project\Codeigniter\sekolah\system\CodeIgniter.php(312): CodeIgniter\CodeIgniter->handleRequest(NULL, Object(Config\Cache), false)
#9 D:\Project\Codeigniter\sekolah\public\index.php(45): CodeIgniter\CodeIgniter->run()
#10 D:\Project\Codeigniter\sekolah\system\Commands\Server\rewrite.php(34): require_once('D:\\Project\\Code...')
#11 {main}
CRITICAL - 2021-01-17 19:01:49 --> Cannot add or update a child row: a foreign key constraint fails (`sekolah_ci4`.`kelas`, CONSTRAINT `kelas_ibfk_1` FOREIGN KEY (`guru_id`) REFERENCES `guru` (`guru_id`))
#0 D:\Project\Codeigniter\sekolah\system\Database\MySQLi\Connection.php(331): mysqli->query('INSERT INTO `ke...')
#1 D:\Project\Codeigniter\sekolah\system\Database\BaseConnection.php(741): CodeIgniter\Database\MySQLi\Connection->execute('INSERT INTO `ke...')
#2 D:\Project\Codeigniter\sekolah\system\Database\BaseConnection.php(669): CodeIgniter\Database\BaseConnection->simpleQuery('INSERT INTO `ke...')
#3 D:\Project\Codeigniter\sekolah\system\Database\BaseBuilder.php(2249): CodeIgniter\Database\BaseConnection->query('INSERT INTO `ke...', Array, false)
#4 D:\Project\Codeigniter\sekolah\system\Model.php(755): CodeIgniter\Database\BaseBuilder->insert()
#5 D:\Project\Codeigniter\sekolah\app\Controllers\Siswa.php(433): CodeIgniter\Model->insert(Array)
#6 D:\Project\Codeigniter\sekolah\system\CodeIgniter.php(918): App\Controllers\Siswa->simpankelas()
#7 D:\Project\Codeigniter\sekolah\system\CodeIgniter.php(404): CodeIgniter\CodeIgniter->runController(Object(App\Controllers\Siswa))
#8 D:\Project\Codeigniter\sekolah\system\CodeIgniter.php(312): CodeIgniter\CodeIgniter->handleRequest(NULL, Object(Config\Cache), false)
#9 D:\Project\Codeigniter\sekolah\public\index.php(45): CodeIgniter\CodeIgniter->run()
#10 D:\Project\Codeigniter\sekolah\system\Commands\Server\rewrite.php(34): require_once('D:\\Project\\Code...')
#11 {main}
CRITICAL - 2021-01-17 19:03:20 --> Undefined index: guru_id
#0 D:\Project\Codeigniter\sekolah\app\Views\auth\kelas\tambah.php(29): CodeIgniter\Debug\Exceptions->errorHandler(8, 'Undefined index...', 'D:\\Project\\Code...', 29, Array)
#1 D:\Project\Codeigniter\sekolah\system\View\View.php(246): include('D:\\Project\\Code...')
#2 D:\Project\Codeigniter\sekolah\system\Common.php(1119): CodeIgniter\View\View->render('auth/kelas/tamb...', Array, true)
#3 D:\Project\Codeigniter\sekolah\app\Controllers\Siswa.php(393): view('auth/kelas/tamb...', Array)
#4 D:\Project\Codeigniter\sekolah\system\CodeIgniter.php(918): App\Controllers\Siswa->formkelas()
#5 D:\Project\Codeigniter\sekolah\system\CodeIgniter.php(404): CodeIgniter\CodeIgniter->runController(Object(App\Controllers\Siswa))
#6 D:\Project\Codeigniter\sekolah\system\CodeIgniter.php(312): CodeIgniter\CodeIgniter->handleRequest(NULL, Object(Config\Cache), false)
#7 D:\Project\Codeigniter\sekolah\public\index.php(45): CodeIgniter\CodeIgniter->run()
#8 D:\Project\Codeigniter\sekolah\system\Commands\Server\rewrite.php(34): require_once('D:\\Project\\Code...')
#9 {main}
CRITICAL - 2021-01-17 19:03:22 --> Undefined index: guru_id
#0 D:\Project\Codeigniter\sekolah\app\Views\auth\kelas\tambah.php(29): CodeIgniter\Debug\Exceptions->errorHandler(8, 'Undefined index...', 'D:\\Project\\Code...', 29, Array)
#1 D:\Project\Codeigniter\sekolah\system\View\View.php(246): include('D:\\Project\\Code...')
#2 D:\Project\Codeigniter\sekolah\system\Common.php(1119): CodeIgniter\View\View->render('auth/kelas/tamb...', Array, true)
#3 D:\Project\Codeigniter\sekolah\app\Controllers\Siswa.php(393): view('auth/kelas/tamb...', Array)
#4 D:\Project\Codeigniter\sekolah\system\CodeIgniter.php(918): App\Controllers\Siswa->formkelas()
#5 D:\Project\Codeigniter\sekolah\system\CodeIgniter.php(404): CodeIgniter\CodeIgniter->runController(Object(App\Controllers\Siswa))
#6 D:\Project\Codeigniter\sekolah\system\CodeIgniter.php(312): CodeIgniter\CodeIgniter->handleRequest(NULL, Object(Config\Cache), false)
#7 D:\Project\Codeigniter\sekolah\public\index.php(45): CodeIgniter\CodeIgniter->run()
#8 D:\Project\Codeigniter\sekolah\system\Commands\Server\rewrite.php(34): require_once('D:\\Project\\Code...')
#9 {main}
CRITICAL - 2021-01-17 19:03:37 --> Trying to access array offset on value of type int
#0 D:\Project\Codeigniter\sekolah\app\Views\auth\kelas\tambah.php(29): CodeIgniter\Debug\Exceptions->errorHandler(8, 'Trying to acces...', 'D:\\Project\\Code...', 29, Array)
#1 D:\Project\Codeigniter\sekolah\system\View\View.php(246): include('D:\\Project\\Code...')
#2 D:\Project\Codeigniter\sekolah\system\Common.php(1119): CodeIgniter\View\View->render('auth/kelas/tamb...', Array, true)
#3 D:\Project\Codeigniter\sekolah\app\Controllers\Siswa.php(393): view('auth/kelas/tamb...', Array)
#4 D:\Project\Codeigniter\sekolah\system\CodeIgniter.php(918): App\Controllers\Siswa->formkelas()
#5 D:\Project\Codeigniter\sekolah\system\CodeIgniter.php(404): CodeIgniter\CodeIgniter->runController(Object(App\Controllers\Siswa))
#6 D:\Project\Codeigniter\sekolah\system\CodeIgniter.php(312): CodeIgniter\CodeIgniter->handleRequest(NULL, Object(Config\Cache), false)
#7 D:\Project\Codeigniter\sekolah\public\index.php(45): CodeIgniter\CodeIgniter->run()
#8 D:\Project\Codeigniter\sekolah\system\Commands\Server\rewrite.php(34): require_once('D:\\Project\\Code...')
#9 {main}
CRITICAL - 2021-01-17 19:08:35 --> Undefined index: nama_guru
#0 D:\Project\Codeigniter\sekolah\app\Views\auth\kelas\tambah.php(29): CodeIgniter\Debug\Exceptions->errorHandler(8, 'Undefined index...', 'D:\\Project\\Code...', 29, Array)
#1 D:\Project\Codeigniter\sekolah\system\View\View.php(246): include('D:\\Project\\Code...')
#2 D:\Project\Codeigniter\sekolah\system\Common.php(1119): CodeIgniter\View\View->render('auth/kelas/tamb...', Array, true)
#3 D:\Project\Codeigniter\sekolah\app\Controllers\Siswa.php(393): view('auth/kelas/tamb...', Array)
#4 D:\Project\Codeigniter\sekolah\system\CodeIgniter.php(918): App\Controllers\Siswa->formkelas()
#5 D:\Project\Codeigniter\sekolah\system\CodeIgniter.php(404): CodeIgniter\CodeIgniter->runController(Object(App\Controllers\Siswa))
#6 D:\Project\Codeigniter\sekolah\system\CodeIgniter.php(312): CodeIgniter\CodeIgniter->handleRequest(NULL, Object(Config\Cache), false)
#7 D:\Project\Codeigniter\sekolah\public\index.php(45): CodeIgniter\CodeIgniter->run()
#8 D:\Project\Codeigniter\sekolah\system\Commands\Server\rewrite.php(34): require_once('D:\\Project\\Code...')
#9 {main}
CRITICAL - 2021-01-17 19:08:36 --> Undefined index: nama_guru
#0 D:\Project\Codeigniter\sekolah\app\Views\auth\kelas\tambah.php(29): CodeIgniter\Debug\Exceptions->errorHandler(8, 'Undefined index...', 'D:\\Project\\Code...', 29, Array)
#1 D:\Project\Codeigniter\sekolah\system\View\View.php(246): include('D:\\Project\\Code...')
#2 D:\Project\Codeigniter\sekolah\system\Common.php(1119): CodeIgniter\View\View->render('auth/kelas/tamb...', Array, true)
#3 D:\Project\Codeigniter\sekolah\app\Controllers\Siswa.php(393): view('auth/kelas/tamb...', Array)
#4 D:\Project\Codeigniter\sekolah\system\CodeIgniter.php(918): App\Controllers\Siswa->formkelas()
#5 D:\Project\Codeigniter\sekolah\system\CodeIgniter.php(404): CodeIgniter\CodeIgniter->runController(Object(App\Controllers\Siswa))
#6 D:\Project\Codeigniter\sekolah\system\CodeIgniter.php(312): CodeIgniter\CodeIgniter->handleRequest(NULL, Object(Config\Cache), false)
#7 D:\Project\Codeigniter\sekolah\public\index.php(45): CodeIgniter\CodeIgniter->run()
#8 D:\Project\Codeigniter\sekolah\system\Commands\Server\rewrite.php(34): require_once('D:\\Project\\Code...')
#9 {main}
CRITICAL - 2021-01-17 19:27:22 --> Undefined variable: guru
#0 D:\Project\Codeigniter\sekolah\app\Views\auth\kelas\edit.php(29): CodeIgniter\Debug\Exceptions->errorHandler(8, 'Undefined varia...', 'D:\\Project\\Code...', 29, Array)
#1 D:\Project\Codeigniter\sekolah\system\View\View.php(246): include('D:\\Project\\Code...')
#2 D:\Project\Codeigniter\sekolah\system\Common.php(1119): CodeIgniter\View\View->render('auth/kelas/edit', Array, true)
#3 D:\Project\Codeigniter\sekolah\app\Controllers\Siswa.php(454): view('auth/kelas/edit', Array)
#4 D:\Project\Codeigniter\sekolah\system\CodeIgniter.php(918): App\Controllers\Siswa->formeditkelas()
#5 D:\Project\Codeigniter\sekolah\system\CodeIgniter.php(404): CodeIgniter\CodeIgniter->runController(Object(App\Controllers\Siswa))
#6 D:\Project\Codeigniter\sekolah\system\CodeIgniter.php(312): CodeIgniter\CodeIgniter->handleRequest(NULL, Object(Config\Cache), false)
#7 D:\Project\Codeigniter\sekolah\public\index.php(45): CodeIgniter\CodeIgniter->run()
#8 D:\Project\Codeigniter\sekolah\system\Commands\Server\rewrite.php(34): require_once('D:\\Project\\Code...')
#9 {main}
CRITICAL - 2021-01-17 19:28:57 --> Undefined variable: guru_id
#0 D:\Project\Codeigniter\sekolah\app\Views\auth\kelas\edit.php(30): CodeIgniter\Debug\Exceptions->errorHandler(8, 'Undefined varia...', 'D:\\Project\\Code...', 30, Array)
#1 D:\Project\Codeigniter\sekolah\system\View\View.php(246): include('D:\\Project\\Code...')
#2 D:\Project\Codeigniter\sekolah\system\Common.php(1119): CodeIgniter\View\View->render('auth/kelas/edit', Array, true)
#3 D:\Project\Codeigniter\sekolah\app\Controllers\Siswa.php(456): view('auth/kelas/edit', Array)
#4 D:\Project\Codeigniter\sekolah\system\CodeIgniter.php(918): App\Controllers\Siswa->formeditkelas()
#5 D:\Project\Codeigniter\sekolah\system\CodeIgniter.php(404): CodeIgniter\CodeIgniter->runController(Object(App\Controllers\Siswa))
#6 D:\Project\Codeigniter\sekolah\system\CodeIgniter.php(312): CodeIgniter\CodeIgniter->handleRequest(NULL, Object(Config\Cache), false)
#7 D:\Project\Codeigniter\sekolah\public\index.php(45): CodeIgniter\CodeIgniter->run()
#8 D:\Project\Codeigniter\sekolah\system\Commands\Server\rewrite.php(34): require_once('D:\\Project\\Code...')
#9 {main}
CRITICAL - 2021-01-17 19:30:04 --> Undefined variable: guru_id
#0 D:\Project\Codeigniter\sekolah\app\Views\auth\kelas\edit.php(30): CodeIgniter\Debug\Exceptions->errorHandler(8, 'Undefined varia...', 'D:\\Project\\Code...', 30, Array)
#1 D:\Project\Codeigniter\sekolah\system\View\View.php(246): include('D:\\Project\\Code...')
#2 D:\Project\Codeigniter\sekolah\system\Common.php(1119): CodeIgniter\View\View->render('auth/kelas/edit', Array, true)
#3 D:\Project\Codeigniter\sekolah\app\Controllers\Siswa.php(456): view('auth/kelas/edit', Array)
#4 D:\Project\Codeigniter\sekolah\system\CodeIgniter.php(918): App\Controllers\Siswa->formeditkelas()
#5 D:\Project\Codeigniter\sekolah\system\CodeIgniter.php(404): CodeIgniter\CodeIgniter->runController(Object(App\Controllers\Siswa))
#6 D:\Project\Codeigniter\sekolah\system\CodeIgniter.php(312): CodeIgniter\CodeIgniter->handleRequest(NULL, Object(Config\Cache), false)
#7 D:\Project\Codeigniter\sekolah\public\index.php(45): CodeIgniter\CodeIgniter->run()
#8 D:\Project\Codeigniter\sekolah\system\Commands\Server\rewrite.php(34): require_once('D:\\Project\\Code...')
#9 {main}
CRITICAL - 2021-01-17 19:31:23 --> Call to undefined method App\Models\Modelguru::listjoin
#0 D:\Project\Codeigniter\sekolah\app\Controllers\Siswa.php(448): CodeIgniter\Model->__call('listjoin', Array)
#1 D:\Project\Codeigniter\sekolah\system\CodeIgniter.php(918): App\Controllers\Siswa->formeditkelas()
#2 D:\Project\Codeigniter\sekolah\system\CodeIgniter.php(404): CodeIgniter\CodeIgniter->runController(Object(App\Controllers\Siswa))
#3 D:\Project\Codeigniter\sekolah\system\CodeIgniter.php(312): CodeIgniter\CodeIgniter->handleRequest(NULL, Object(Config\Cache), false)
#4 D:\Project\Codeigniter\sekolah\public\index.php(45): CodeIgniter\CodeIgniter->run()
#5 D:\Project\Codeigniter\sekolah\system\Commands\Server\rewrite.php(34): require_once('D:\\Project\\Code...')
#6 {main}
CRITICAL - 2021-01-17 19:33:15 --> Undefined variable: guru_id
#0 D:\Project\Codeigniter\sekolah\app\Views\auth\kelas\edit.php(30): CodeIgniter\Debug\Exceptions->errorHandler(8, 'Undefined varia...', 'D:\\Project\\Code...', 30, Array)
#1 D:\Project\Codeigniter\sekolah\system\View\View.php(246): include('D:\\Project\\Code...')
#2 D:\Project\Codeigniter\sekolah\system\Common.php(1119): CodeIgniter\View\View->render('auth/kelas/edit', Array, true)
#3 D:\Project\Codeigniter\sekolah\app\Controllers\Siswa.php(456): view('auth/kelas/edit', Array)
#4 D:\Project\Codeigniter\sekolah\system\CodeIgniter.php(918): App\Controllers\Siswa->formeditkelas()
#5 D:\Project\Codeigniter\sekolah\system\CodeIgniter.php(404): CodeIgniter\CodeIgniter->runController(Object(App\Controllers\Siswa))
#6 D:\Project\Codeigniter\sekolah\system\CodeIgniter.php(312): CodeIgniter\CodeIgniter->handleRequest(NULL, Object(Config\Cache), false)
#7 D:\Project\Codeigniter\sekolah\public\index.php(45): CodeIgniter\CodeIgniter->run()
#8 D:\Project\Codeigniter\sekolah\system\Commands\Server\rewrite.php(34): require_once('D:\\Project\\Code...')
#9 {main}
CRITICAL - 2021-01-17 19:33:16 --> Undefined variable: guru_id
#0 D:\Project\Codeigniter\sekolah\app\Views\auth\kelas\edit.php(30): CodeIgniter\Debug\Exceptions->errorHandler(8, 'Undefined varia...', 'D:\\Project\\Code...', 30, Array)
#1 D:\Project\Codeigniter\sekolah\system\View\View.php(246): include('D:\\Project\\Code...')
#2 D:\Project\Codeigniter\sekolah\system\Common.php(1119): CodeIgniter\View\View->render('auth/kelas/edit', Array, true)
#3 D:\Project\Codeigniter\sekolah\app\Controllers\Siswa.php(456): view('auth/kelas/edit', Array)
#4 D:\Project\Codeigniter\sekolah\system\CodeIgniter.php(918): App\Controllers\Siswa->formeditkelas()
#5 D:\Project\Codeigniter\sekolah\system\CodeIgniter.php(404): CodeIgniter\CodeIgniter->runController(Object(App\Controllers\Siswa))
#6 D:\Project\Codeigniter\sekolah\system\CodeIgniter.php(312): CodeIgniter\CodeIgniter->handleRequest(NULL, Object(Config\Cache), false)
#7 D:\Project\Codeigniter\sekolah\public\index.php(45): CodeIgniter\CodeIgniter->run()
#8 D:\Project\Codeigniter\sekolah\system\Commands\Server\rewrite.php(34): require_once('D:\\Project\\Code...')
#9 {main}
CRITICAL - 2021-01-17 19:43:12 --> Invalid file: auth/siswa/tambah.php
#0 D:\Project\Codeigniter\sekolah\system\View\View.php(228): CodeIgniter\Exceptions\FrameworkException::forInvalidFile('auth/siswa/tamb...')
#1 D:\Project\Codeigniter\sekolah\system\Common.php(1119): CodeIgniter\View\View->render('auth/siswa/tamb...', Array, true)
#2 D:\Project\Codeigniter\sekolah\app\Controllers\Siswa.php(38): view('auth/siswa/tamb...', Array)
#3 D:\Project\Codeigniter\sekolah\system\CodeIgniter.php(918): App\Controllers\Siswa->formtambah()
#4 D:\Project\Codeigniter\sekolah\system\CodeIgniter.php(404): CodeIgniter\CodeIgniter->runController(Object(App\Controllers\Siswa))
#5 D:\Project\Codeigniter\sekolah\system\CodeIgniter.php(312): CodeIgniter\CodeIgniter->handleRequest(NULL, Object(Config\Cache), false)
#6 D:\Project\Codeigniter\sekolah\public\index.php(45): CodeIgniter\CodeIgniter->run()
#7 D:\Project\Codeigniter\sekolah\system\Commands\Server\rewrite.php(34): require_once('D:\\Project\\Code...')
#8 {main}
CRITICAL - 2021-01-17 19:43:14 --> Invalid file: auth/siswa/tambah.php
#0 D:\Project\Codeigniter\sekolah\system\View\View.php(228): CodeIgniter\Exceptions\FrameworkException::forInvalidFile('auth/siswa/tamb...')
#1 D:\Project\Codeigniter\sekolah\system\Common.php(1119): CodeIgniter\View\View->render('auth/siswa/tamb...', Array, true)
#2 D:\Project\Codeigniter\sekolah\app\Controllers\Siswa.php(38): view('auth/siswa/tamb...', Array)
#3 D:\Project\Codeigniter\sekolah\system\CodeIgniter.php(918): App\Controllers\Siswa->formtambah()
#4 D:\Project\Codeigniter\sekolah\system\CodeIgniter.php(404): CodeIgniter\CodeIgniter->runController(Object(App\Controllers\Siswa))
#5 D:\Project\Codeigniter\sekolah\system\CodeIgniter.php(312): CodeIgniter\CodeIgniter->handleRequest(NULL, Object(Config\Cache), false)
#6 D:\Project\Codeigniter\sekolah\public\index.php(45): CodeIgniter\CodeIgniter->run()
#7 D:\Project\Codeigniter\sekolah\system\Commands\Server\rewrite.php(34): require_once('D:\\Project\\Code...')
#8 {main}
CRITICAL - 2021-01-17 19:44:19 --> Invalid file: auth/siswa/tambah.php
#0 D:\Project\Codeigniter\sekolah\system\View\View.php(228): CodeIgniter\Exceptions\FrameworkException::forInvalidFile('auth/siswa/tamb...')
#1 D:\Project\Codeigniter\sekolah\system\Common.php(1119): CodeIgniter\View\View->render('auth/siswa/tamb...', Array, true)
#2 D:\Project\Codeigniter\sekolah\app\Controllers\Siswa.php(38): view('auth/siswa/tamb...', Array)
#3 D:\Project\Codeigniter\sekolah\system\CodeIgniter.php(918): App\Controllers\Siswa->formtambah()
#4 D:\Project\Codeigniter\sekolah\system\CodeIgniter.php(404): CodeIgniter\CodeIgniter->runController(Object(App\Controllers\Siswa))
#5 D:\Project\Codeigniter\sekolah\system\CodeIgniter.php(312): CodeIgniter\CodeIgniter->handleRequest(NULL, Object(Config\Cache), false)
#6 D:\Project\Codeigniter\sekolah\public\index.php(45): CodeIgniter\CodeIgniter->run()
#7 D:\Project\Codeigniter\sekolah\system\Commands\Server\rewrite.php(34): require_once('D:\\Project\\Code...')
#8 {main}
CRITICAL - 2021-01-17 19:44:20 --> Invalid file: auth/siswa/tambah.php
#0 D:\Project\Codeigniter\sekolah\system\View\View.php(228): CodeIgniter\Exceptions\FrameworkException::forInvalidFile('auth/siswa/tamb...')
#1 D:\Project\Codeigniter\sekolah\system\Common.php(1119): CodeIgniter\View\View->render('auth/siswa/tamb...', Array, true)
#2 D:\Project\Codeigniter\sekolah\app\Controllers\Siswa.php(38): view('auth/siswa/tamb...', Array)
#3 D:\Project\Codeigniter\sekolah\system\CodeIgniter.php(918): App\Controllers\Siswa->formtambah()
#4 D:\Project\Codeigniter\sekolah\system\CodeIgniter.php(404): CodeIgniter\CodeIgniter->runController(Object(App\Controllers\Siswa))
#5 D:\Project\Codeigniter\sekolah\system\CodeIgniter.php(312): CodeIgniter\CodeIgniter->handleRequest(NULL, Object(Config\Cache), false)
#6 D:\Project\Codeigniter\sekolah\public\index.php(45): CodeIgniter\CodeIgniter->run()
#7 D:\Project\Codeigniter\sekolah\system\Commands\Server\rewrite.php(34): require_once('D:\\Project\\Code...')
#8 {main}
CRITICAL - 2021-01-17 19:44:21 --> Invalid file: auth/siswa/tambah.php
#0 D:\Project\Codeigniter\sekolah\system\View\View.php(228): CodeIgniter\Exceptions\FrameworkException::forInvalidFile('auth/siswa/tamb...')
#1 D:\Project\Codeigniter\sekolah\system\Common.php(1119): CodeIgniter\View\View->render('auth/siswa/tamb...', Array, true)
#2 D:\Project\Codeigniter\sekolah\app\Controllers\Siswa.php(38): view('auth/siswa/tamb...', Array)
#3 D:\Project\Codeigniter\sekolah\system\CodeIgniter.php(918): App\Controllers\Siswa->formtambah()
#4 D:\Project\Codeigniter\sekolah\system\CodeIgniter.php(404): CodeIgniter\CodeIgniter->runController(Object(App\Controllers\Siswa))
#5 D:\Project\Codeigniter\sekolah\system\CodeIgniter.php(312): CodeIgniter\CodeIgniter->handleRequest(NULL, Object(Config\Cache), false)
#6 D:\Project\Codeigniter\sekolah\public\index.php(45): CodeIgniter\CodeIgniter->run()
#7 D:\Project\Codeigniter\sekolah\system\Commands\Server\rewrite.php(34): require_once('D:\\Project\\Code...')
#8 {main}
CRITICAL - 2021-01-17 20:08:56 --> Invalid file: auth/siswa/tambah.php
#0 D:\Project\Codeigniter\sekolah\system\View\View.php(228): CodeIgniter\Exceptions\FrameworkException::forInvalidFile('auth/siswa/tamb...')
#1 D:\Project\Codeigniter\sekolah\system\Common.php(1119): CodeIgniter\View\View->render('auth/siswa/tamb...', Array, true)
#2 D:\Project\Codeigniter\sekolah\app\Controllers\Siswa.php(38): view('auth/siswa/tamb...', Array)
#3 D:\Project\Codeigniter\sekolah\system\CodeIgniter.php(918): App\Controllers\Siswa->formtambah()
#4 D:\Project\Codeigniter\sekolah\system\CodeIgniter.php(404): CodeIgniter\CodeIgniter->runController(Object(App\Controllers\Siswa))
#5 D:\Project\Codeigniter\sekolah\system\CodeIgniter.php(312): CodeIgniter\CodeIgniter->handleRequest(NULL, Object(Config\Cache), false)
#6 D:\Project\Codeigniter\sekolah\public\index.php(45): CodeIgniter\CodeIgniter->run()
#7 D:\Project\Codeigniter\sekolah\system\Commands\Server\rewrite.php(34): require_once('D:\\Project\\Code...')
#8 {main}
CRITICAL - 2021-01-17 20:09:32 --> Invalid file: auth/siswa/tambah.php
#0 D:\Project\Codeigniter\sekolah\system\View\View.php(228): CodeIgniter\Exceptions\FrameworkException::forInvalidFile('auth/siswa/tamb...')
#1 D:\Project\Codeigniter\sekolah\system\Common.php(1119): CodeIgniter\View\View->render('auth/siswa/tamb...', Array, true)
#2 D:\Project\Codeigniter\sekolah\app\Controllers\Siswa.php(38): view('auth/siswa/tamb...', Array)
#3 D:\Project\Codeigniter\sekolah\system\CodeIgniter.php(918): App\Controllers\Siswa->formtambah()
#4 D:\Project\Codeigniter\sekolah\system\CodeIgniter.php(404): CodeIgniter\CodeIgniter->runController(Object(App\Controllers\Siswa))
#5 D:\Project\Codeigniter\sekolah\system\CodeIgniter.php(312): CodeIgniter\CodeIgniter->handleRequest(NULL, Object(Config\Cache), false)
#6 D:\Project\Codeigniter\sekolah\public\index.php(45): CodeIgniter\CodeIgniter->run()
#7 D:\Project\Codeigniter\sekolah\system\Commands\Server\rewrite.php(34): require_once('D:\\Project\\Code...')
#8 {main}
CRITICAL - 2021-01-17 20:21:56 --> Undefined index: staf_id
#0 D:\Project\Codeigniter\sekolah\app\Controllers\Siswa.php(140): CodeIgniter\Debug\Exceptions->errorHandler(8, 'Undefined index...', 'D:\\Project\\Code...', 140, Array)
#1 D:\Project\Codeigniter\sekolah\system\CodeIgniter.php(918): App\Controllers\Siswa->formedit()
#2 D:\Project\Codeigniter\sekolah\system\CodeIgniter.php(404): CodeIgniter\CodeIgniter->runController(Object(App\Controllers\Siswa))
#3 D:\Project\Codeigniter\sekolah\system\CodeIgniter.php(312): CodeIgniter\CodeIgniter->handleRequest(NULL, Object(Config\Cache), false)
#4 D:\Project\Codeigniter\sekolah\public\index.php(45): CodeIgniter\CodeIgniter->run()
#5 D:\Project\Codeigniter\sekolah\system\Commands\Server\rewrite.php(34): require_once('D:\\Project\\Code...')
#6 {main}
CRITICAL - 2021-01-17 20:22:07 --> Invalid file: auth/siswa/tambah.php
#0 D:\Project\Codeigniter\sekolah\system\View\View.php(228): CodeIgniter\Exceptions\FrameworkException::forInvalidFile('auth/siswa/tamb...')
#1 D:\Project\Codeigniter\sekolah\system\Common.php(1119): CodeIgniter\View\View->render('auth/siswa/tamb...', Array, true)
#2 D:\Project\Codeigniter\sekolah\app\Controllers\Siswa.php(38): view('auth/siswa/tamb...', Array)
#3 D:\Project\Codeigniter\sekolah\system\CodeIgniter.php(918): App\Controllers\Siswa->formtambah()
#4 D:\Project\Codeigniter\sekolah\system\CodeIgniter.php(404): CodeIgniter\CodeIgniter->runController(Object(App\Controllers\Siswa))
#5 D:\Project\Codeigniter\sekolah\system\CodeIgniter.php(312): CodeIgniter\CodeIgniter->handleRequest(NULL, Object(Config\Cache), false)
#6 D:\Project\Codeigniter\sekolah\public\index.php(45): CodeIgniter\CodeIgniter->run()
#7 D:\Project\Codeigniter\sekolah\system\Commands\Server\rewrite.php(34): require_once('D:\\Project\\Code...')
#8 {main}
CRITICAL - 2021-01-17 20:23:13 --> Undefined variable: mapel
#0 D:\Project\Codeigniter\sekolah\app\Views\auth\siswa\tambah.php(56): CodeIgniter\Debug\Exceptions->errorHandler(8, 'Undefined varia...', 'D:\\Project\\Code...', 56, Array)
#1 D:\Project\Codeigniter\sekolah\system\View\View.php(246): include('D:\\Project\\Code...')
#2 D:\Project\Codeigniter\sekolah\system\Common.php(1119): CodeIgniter\View\View->render('auth/siswa/tamb...', Array, true)
#3 D:\Project\Codeigniter\sekolah\app\Controllers\Siswa.php(38): view('auth/siswa/tamb...', Array)
#4 D:\Project\Codeigniter\sekolah\system\CodeIgniter.php(918): App\Controllers\Siswa->formtambah()
#5 D:\Project\Codeigniter\sekolah\system\CodeIgniter.php(404): CodeIgniter\CodeIgniter->runController(Object(App\Controllers\Siswa))
#6 D:\Project\Codeigniter\sekolah\system\CodeIgniter.php(312): CodeIgniter\CodeIgniter->handleRequest(NULL, Object(Config\Cache), false)
#7 D:\Project\Codeigniter\sekolah\public\index.php(45): CodeIgniter\CodeIgniter->run()
#8 D:\Project\Codeigniter\sekolah\system\Commands\Server\rewrite.php(34): require_once('D:\\Project\\Code...')
#9 {main}
CRITICAL - 2021-01-17 20:35:34 --> Undefined index: staf_id
#0 D:\Project\Codeigniter\sekolah\app\Controllers\Siswa.php(141): CodeIgniter\Debug\Exceptions->errorHandler(8, 'Undefined index...', 'D:\\Project\\Code...', 141, Array)
#1 D:\Project\Codeigniter\sekolah\system\CodeIgniter.php(918): App\Controllers\Siswa->formedit()
#2 D:\Project\Codeigniter\sekolah\system\CodeIgniter.php(404): CodeIgniter\CodeIgniter->runController(Object(App\Controllers\Siswa))
#3 D:\Project\Codeigniter\sekolah\system\CodeIgniter.php(312): CodeIgniter\CodeIgniter->handleRequest(NULL, Object(Config\Cache), false)
#4 D:\Project\Codeigniter\sekolah\public\index.php(45): CodeIgniter\CodeIgniter->run()
#5 D:\Project\Codeigniter\sekolah\system\Commands\Server\rewrite.php(34): require_once('D:\\Project\\Code...')
#6 {main}
CRITICAL - 2021-01-17 20:36:38 --> Undefined index: staf_id
#0 D:\Project\Codeigniter\sekolah\app\Controllers\Siswa.php(141): CodeIgniter\Debug\Exceptions->errorHandler(8, 'Undefined index...', 'D:\\Project\\Code...', 141, Array)
#1 D:\Project\Codeigniter\sekolah\system\CodeIgniter.php(918): App\Controllers\Siswa->formedit()
#2 D:\Project\Codeigniter\sekolah\system\CodeIgniter.php(404): CodeIgniter\CodeIgniter->runController(Object(App\Controllers\Siswa))
#3 D:\Project\Codeigniter\sekolah\system\CodeIgniter.php(312): CodeIgniter\CodeIgniter->handleRequest(NULL, Object(Config\Cache), false)
#4 D:\Project\Codeigniter\sekolah\public\index.php(45): CodeIgniter\CodeIgniter->run()
#5 D:\Project\Codeigniter\sekolah\system\Commands\Server\rewrite.php(34): require_once('D:\\Project\\Code...')
#6 {main}
CRITICAL - 2021-01-17 20:39:26 --> Invalid file: auth/siswa/edit.php
#0 D:\Project\Codeigniter\sekolah\system\View\View.php(228): CodeIgniter\Exceptions\FrameworkException::forInvalidFile('auth/siswa/edit...')
#1 D:\Project\Codeigniter\sekolah\system\Common.php(1119): CodeIgniter\View\View->render('auth/siswa/edit', Array, true)
#2 D:\Project\Codeigniter\sekolah\app\Controllers\Siswa.php(151): view('auth/siswa/edit', Array)
#3 D:\Project\Codeigniter\sekolah\system\CodeIgniter.php(918): App\Controllers\Siswa->formedit()
#4 D:\Project\Codeigniter\sekolah\system\CodeIgniter.php(404): CodeIgniter\CodeIgniter->runController(Object(App\Controllers\Siswa))
#5 D:\Project\Codeigniter\sekolah\system\CodeIgniter.php(312): CodeIgniter\CodeIgniter->handleRequest(NULL, Object(Config\Cache), false)
#6 D:\Project\Codeigniter\sekolah\public\index.php(45): CodeIgniter\CodeIgniter->run()
#7 D:\Project\Codeigniter\sekolah\system\Commands\Server\rewrite.php(34): require_once('D:\\Project\\Code...')
#8 {main}
CRITICAL - 2021-01-17 20:44:10 --> Undefined variable: pendidikan
#0 D:\Project\Codeigniter\sekolah\app\Views\auth\siswa\edit.php(81): CodeIgniter\Debug\Exceptions->errorHandler(8, 'Undefined varia...', 'D:\\Project\\Code...', 81, Array)
#1 D:\Project\Codeigniter\sekolah\system\View\View.php(246): include('D:\\Project\\Code...')
#2 D:\Project\Codeigniter\sekolah\system\Common.php(1119): CodeIgniter\View\View->render('auth/siswa/edit', Array, true)
#3 D:\Project\Codeigniter\sekolah\app\Controllers\Siswa.php(153): view('auth/siswa/edit', Array)
#4 D:\Project\Codeigniter\sekolah\system\CodeIgniter.php(918): App\Controllers\Siswa->formedit()
#5 D:\Project\Codeigniter\sekolah\system\CodeIgniter.php(404): CodeIgniter\CodeIgniter->runController(Object(App\Controllers\Siswa))
#6 D:\Project\Codeigniter\sekolah\system\CodeIgniter.php(312): CodeIgniter\CodeIgniter->handleRequest(NULL, Object(Config\Cache), false)
#7 D:\Project\Codeigniter\sekolah\public\index.php(45): CodeIgniter\CodeIgniter->run()
#8 D:\Project\Codeigniter\sekolah\system\Commands\Server\rewrite.php(34): require_once('D:\\Project\\Code...')
#9 {main}
