CRITICAL - 2021-01-27 08:10:09 --> Cannot delete or update a parent row: a foreign key constraint fails (`sekolah_ci4`.`kelas`, CONSTRAINT `kelas_ibfk_1` FOREIGN KEY (`guru_id`) REFERENCES `guru` (`guru_id`) ON DELETE NO ACTION ON UPDATE NO ACTION)
#0 D:\Project\Codeigniter\sekolah\system\Database\MySQLi\Connection.php(331): mysqli->query('DELETE FROM `gu...')
#1 D:\Project\Codeigniter\sekolah\system\Database\BaseConnection.php(741): CodeIgniter\Database\MySQLi\Connection->execute('DELETE FROM `gu...')
#2 D:\Project\Codeigniter\sekolah\system\Database\BaseConnection.php(669): CodeIgniter\Database\BaseConnection->simpleQuery('DELETE FROM `gu...')
#3 D:\Project\Codeigniter\sekolah\system\Database\BaseBuilder.php(2853): CodeIgniter\Database\BaseConnection->query('DELETE FROM `gu...', Array, false)
#4 D:\Project\Codeigniter\sekolah\system\Model.php(977): CodeIgniter\Database\BaseBuilder->delete()
#5 D:\Project\Codeigniter\sekolah\app\Controllers\Guru.php(261): CodeIgniter\Model->delete(Array)
#6 D:\Project\Codeigniter\sekolah\system\CodeIgniter.php(918): App\Controllers\Guru->hapus()
#7 D:\Project\Codeigniter\sekolah\system\CodeIgniter.php(404): CodeIgniter\CodeIgniter->runController(Object(App\Controllers\Guru))
#8 D:\Project\Codeigniter\sekolah\system\CodeIgniter.php(312): CodeIgniter\CodeIgniter->handleRequest(NULL, Object(Config\Cache), false)
#9 D:\Project\Codeigniter\sekolah\public\index.php(45): CodeIgniter\CodeIgniter->run()
#10 D:\Project\Codeigniter\sekolah\system\Commands\Server\rewrite.php(34): require_once('D:\\Project\\Code...')
#11 {main}
CRITICAL - 2021-01-27 08:10:11 --> Cannot delete or update a parent row: a foreign key constraint fails (`sekolah_ci4`.`kelas`, CONSTRAINT `kelas_ibfk_1` FOREIGN KEY (`guru_id`) REFERENCES `guru` (`guru_id`) ON DELETE NO ACTION ON UPDATE NO ACTION)
#0 D:\Project\Codeigniter\sekolah\system\Database\MySQLi\Connection.php(331): mysqli->query('DELETE FROM `gu...')
#1 D:\Project\Codeigniter\sekolah\system\Database\BaseConnection.php(741): CodeIgniter\Database\MySQLi\Connection->execute('DELETE FROM `gu...')
#2 D:\Project\Codeigniter\sekolah\system\Database\BaseConnection.php(669): CodeIgniter\Database\BaseConnection->simpleQuery('DELETE FROM `gu...')
#3 D:\Project\Codeigniter\sekolah\system\Database\BaseBuilder.php(2853): CodeIgniter\Database\BaseConnection->query('DELETE FROM `gu...', Array, false)
#4 D:\Project\Codeigniter\sekolah\system\Model.php(977): CodeIgniter\Database\BaseBuilder->delete()
#5 D:\Project\Codeigniter\sekolah\app\Controllers\Guru.php(261): CodeIgniter\Model->delete(Array)
#6 D:\Project\Codeigniter\sekolah\system\CodeIgniter.php(918): App\Controllers\Guru->hapus()
#7 D:\Project\Codeigniter\sekolah\system\CodeIgniter.php(404): CodeIgniter\CodeIgniter->runController(Object(App\Controllers\Guru))
#8 D:\Project\Codeigniter\sekolah\system\CodeIgniter.php(312): CodeIgniter\CodeIgniter->handleRequest(NULL, Object(Config\Cache), false)
#9 D:\Project\Codeigniter\sekolah\public\index.php(45): CodeIgniter\CodeIgniter->run()
#10 D:\Project\Codeigniter\sekolah\system\Commands\Server\rewrite.php(34): require_once('D:\\Project\\Code...')
#11 {main}
CRITICAL - 2021-01-27 08:10:29 --> Cannot delete or update a parent row: a foreign key constraint fails (`sekolah_ci4`.`kelas`, CONSTRAINT `kelas_ibfk_1` FOREIGN KEY (`guru_id`) REFERENCES `guru` (`guru_id`) ON DELETE NO ACTION ON UPDATE NO ACTION)
#0 D:\Project\Codeigniter\sekolah\system\Database\MySQLi\Connection.php(331): mysqli->query('DELETE FROM `gu...')
#1 D:\Project\Codeigniter\sekolah\system\Database\BaseConnection.php(741): CodeIgniter\Database\MySQLi\Connection->execute('DELETE FROM `gu...')
#2 D:\Project\Codeigniter\sekolah\system\Database\BaseConnection.php(669): CodeIgniter\Database\BaseConnection->simpleQuery('DELETE FROM `gu...')
#3 D:\Project\Codeigniter\sekolah\system\Database\BaseBuilder.php(2853): CodeIgniter\Database\BaseConnection->query('DELETE FROM `gu...', Array, false)
#4 D:\Project\Codeigniter\sekolah\system\Model.php(977): CodeIgniter\Database\BaseBuilder->delete()
#5 D:\Project\Codeigniter\sekolah\app\Controllers\Guru.php(261): CodeIgniter\Model->delete(Array)
#6 D:\Project\Codeigniter\sekolah\system\CodeIgniter.php(918): App\Controllers\Guru->hapus()
#7 D:\Project\Codeigniter\sekolah\system\CodeIgniter.php(404): CodeIgniter\CodeIgniter->runController(Object(App\Controllers\Guru))
#8 D:\Project\Codeigniter\sekolah\system\CodeIgniter.php(312): CodeIgniter\CodeIgniter->handleRequest(NULL, Object(Config\Cache), false)
#9 D:\Project\Codeigniter\sekolah\public\index.php(45): CodeIgniter\CodeIgniter->run()
#10 D:\Project\Codeigniter\sekolah\system\Commands\Server\rewrite.php(34): require_once('D:\\Project\\Code...')
#11 {main}
CRITICAL - 2021-01-27 08:11:05 --> Cannot delete or update a parent row: a foreign key constraint fails (`sekolah_ci4`.`siswa`, CONSTRAINT `siswa_ibfk_2` FOREIGN KEY (`kelas_id`) REFERENCES `kelas` (`kelas_id`) ON DELETE NO ACTION ON UPDATE NO ACTION)
#0 D:\Project\Codeigniter\sekolah\system\Database\MySQLi\Connection.php(331): mysqli->query('DELETE FROM `ke...')
#1 D:\Project\Codeigniter\sekolah\system\Database\BaseConnection.php(741): CodeIgniter\Database\MySQLi\Connection->execute('DELETE FROM `ke...')
#2 D:\Project\Codeigniter\sekolah\system\Database\BaseConnection.php(669): CodeIgniter\Database\BaseConnection->simpleQuery('DELETE FROM `ke...')
#3 D:\Project\Codeigniter\sekolah\system\Database\BaseBuilder.php(2853): CodeIgniter\Database\BaseConnection->query('DELETE FROM `ke...', Array, false)
#4 D:\Project\Codeigniter\sekolah\system\Model.php(977): CodeIgniter\Database\BaseBuilder->delete()
#5 D:\Project\Codeigniter\sekolah\app\Controllers\Siswa.php(478): CodeIgniter\Model->delete(Array)
#6 D:\Project\Codeigniter\sekolah\system\CodeIgniter.php(918): App\Controllers\Siswa->hapuskelas()
#7 D:\Project\Codeigniter\sekolah\system\CodeIgniter.php(404): CodeIgniter\CodeIgniter->runController(Object(App\Controllers\Siswa))
#8 D:\Project\Codeigniter\sekolah\system\CodeIgniter.php(312): CodeIgniter\CodeIgniter->handleRequest(NULL, Object(Config\Cache), false)
#9 D:\Project\Codeigniter\sekolah\public\index.php(45): CodeIgniter\CodeIgniter->run()
#10 D:\Project\Codeigniter\sekolah\system\Commands\Server\rewrite.php(34): require_once('D:\\Project\\Code...')
#11 {main}
CRITICAL - 2021-01-27 08:11:08 --> Cannot delete or update a parent row: a foreign key constraint fails (`sekolah_ci4`.`siswa`, CONSTRAINT `siswa_ibfk_2` FOREIGN KEY (`kelas_id`) REFERENCES `kelas` (`kelas_id`) ON DELETE NO ACTION ON UPDATE NO ACTION)
#0 D:\Project\Codeigniter\sekolah\system\Database\MySQLi\Connection.php(331): mysqli->query('DELETE FROM `ke...')
#1 D:\Project\Codeigniter\sekolah\system\Database\BaseConnection.php(741): CodeIgniter\Database\MySQLi\Connection->execute('DELETE FROM `ke...')
#2 D:\Project\Codeigniter\sekolah\system\Database\BaseConnection.php(669): CodeIgniter\Database\BaseConnection->simpleQuery('DELETE FROM `ke...')
#3 D:\Project\Codeigniter\sekolah\system\Database\BaseBuilder.php(2853): CodeIgniter\Database\BaseConnection->query('DELETE FROM `ke...', Array, false)
#4 D:\Project\Codeigniter\sekolah\system\Model.php(977): CodeIgniter\Database\BaseBuilder->delete()
#5 D:\Project\Codeigniter\sekolah\app\Controllers\Siswa.php(478): CodeIgniter\Model->delete(Array)
#6 D:\Project\Codeigniter\sekolah\system\CodeIgniter.php(918): App\Controllers\Siswa->hapuskelas()
#7 D:\Project\Codeigniter\sekolah\system\CodeIgniter.php(404): CodeIgniter\CodeIgniter->runController(Object(App\Controllers\Siswa))
#8 D:\Project\Codeigniter\sekolah\system\CodeIgniter.php(312): CodeIgniter\CodeIgniter->handleRequest(NULL, Object(Config\Cache), false)
#9 D:\Project\Codeigniter\sekolah\public\index.php(45): CodeIgniter\CodeIgniter->run()
#10 D:\Project\Codeigniter\sekolah\system\Commands\Server\rewrite.php(34): require_once('D:\\Project\\Code...')
#11 {main}
CRITICAL - 2021-01-27 08:11:10 --> Cannot delete or update a parent row: a foreign key constraint fails (`sekolah_ci4`.`siswa`, CONSTRAINT `siswa_ibfk_2` FOREIGN KEY (`kelas_id`) REFERENCES `kelas` (`kelas_id`) ON DELETE NO ACTION ON UPDATE NO ACTION)
#0 D:\Project\Codeigniter\sekolah\system\Database\MySQLi\Connection.php(331): mysqli->query('DELETE FROM `ke...')
#1 D:\Project\Codeigniter\sekolah\system\Database\BaseConnection.php(741): CodeIgniter\Database\MySQLi\Connection->execute('DELETE FROM `ke...')
#2 D:\Project\Codeigniter\sekolah\system\Database\BaseConnection.php(669): CodeIgniter\Database\BaseConnection->simpleQuery('DELETE FROM `ke...')
#3 D:\Project\Codeigniter\sekolah\system\Database\BaseBuilder.php(2853): CodeIgniter\Database\BaseConnection->query('DELETE FROM `ke...', Array, false)
#4 D:\Project\Codeigniter\sekolah\system\Model.php(977): CodeIgniter\Database\BaseBuilder->delete()
#5 D:\Project\Codeigniter\sekolah\app\Controllers\Siswa.php(478): CodeIgniter\Model->delete(Array)
#6 D:\Project\Codeigniter\sekolah\system\CodeIgniter.php(918): App\Controllers\Siswa->hapuskelas()
#7 D:\Project\Codeigniter\sekolah\system\CodeIgniter.php(404): CodeIgniter\CodeIgniter->runController(Object(App\Controllers\Siswa))
#8 D:\Project\Codeigniter\sekolah\system\CodeIgniter.php(312): CodeIgniter\CodeIgniter->handleRequest(NULL, Object(Config\Cache), false)
#9 D:\Project\Codeigniter\sekolah\public\index.php(45): CodeIgniter\CodeIgniter->run()
#10 D:\Project\Codeigniter\sekolah\system\Commands\Server\rewrite.php(34): require_once('D:\\Project\\Code...')
#11 {main}
CRITICAL - 2021-01-27 08:11:17 --> Cannot delete or update a parent row: a foreign key constraint fails (`sekolah_ci4`.`siswa`, CONSTRAINT `siswa_ibfk_2` FOREIGN KEY (`kelas_id`) REFERENCES `kelas` (`kelas_id`) ON DELETE NO ACTION ON UPDATE NO ACTION)
#0 D:\Project\Codeigniter\sekolah\system\Database\MySQLi\Connection.php(331): mysqli->query('DELETE FROM `ke...')
#1 D:\Project\Codeigniter\sekolah\system\Database\BaseConnection.php(741): CodeIgniter\Database\MySQLi\Connection->execute('DELETE FROM `ke...')
#2 D:\Project\Codeigniter\sekolah\system\Database\BaseConnection.php(669): CodeIgniter\Database\BaseConnection->simpleQuery('DELETE FROM `ke...')
#3 D:\Project\Codeigniter\sekolah\system\Database\BaseBuilder.php(2853): CodeIgniter\Database\BaseConnection->query('DELETE FROM `ke...', Array, false)
#4 D:\Project\Codeigniter\sekolah\system\Model.php(977): CodeIgniter\Database\BaseBuilder->delete()
#5 D:\Project\Codeigniter\sekolah\app\Controllers\Siswa.php(478): CodeIgniter\Model->delete(Array)
#6 D:\Project\Codeigniter\sekolah\system\CodeIgniter.php(918): App\Controllers\Siswa->hapuskelas()
#7 D:\Project\Codeigniter\sekolah\system\CodeIgniter.php(404): CodeIgniter\CodeIgniter->runController(Object(App\Controllers\Siswa))
#8 D:\Project\Codeigniter\sekolah\system\CodeIgniter.php(312): CodeIgniter\CodeIgniter->handleRequest(NULL, Object(Config\Cache), false)
#9 D:\Project\Codeigniter\sekolah\public\index.php(45): CodeIgniter\CodeIgniter->run()
#10 D:\Project\Codeigniter\sekolah\system\Commands\Server\rewrite.php(34): require_once('D:\\Project\\Code...')
#11 {main}
CRITICAL - 2021-01-27 08:12:32 --> Cannot delete or update a parent row: a foreign key constraint fails (`sekolah_ci4`.`siswa`, CONSTRAINT `siswa_ibfk_2` FOREIGN KEY (`kelas_id`) REFERENCES `kelas` (`kelas_id`) ON DELETE NO ACTION ON UPDATE NO ACTION)
#0 D:\Project\Codeigniter\sekolah\system\Database\MySQLi\Connection.php(331): mysqli->query('DELETE FROM `ke...')
#1 D:\Project\Codeigniter\sekolah\system\Database\BaseConnection.php(741): CodeIgniter\Database\MySQLi\Connection->execute('DELETE FROM `ke...')
#2 D:\Project\Codeigniter\sekolah\system\Database\BaseConnection.php(669): CodeIgniter\Database\BaseConnection->simpleQuery('DELETE FROM `ke...')
#3 D:\Project\Codeigniter\sekolah\system\Database\BaseBuilder.php(2853): CodeIgniter\Database\BaseConnection->query('DELETE FROM `ke...', Array, false)
#4 D:\Project\Codeigniter\sekolah\system\Model.php(977): CodeIgniter\Database\BaseBuilder->delete()
#5 D:\Project\Codeigniter\sekolah\app\Controllers\Siswa.php(478): CodeIgniter\Model->delete(Array)
#6 D:\Project\Codeigniter\sekolah\system\CodeIgniter.php(918): App\Controllers\Siswa->hapuskelas()
#7 D:\Project\Codeigniter\sekolah\system\CodeIgniter.php(404): CodeIgniter\CodeIgniter->runController(Object(App\Controllers\Siswa))
#8 D:\Project\Codeigniter\sekolah\system\CodeIgniter.php(312): CodeIgniter\CodeIgniter->handleRequest(NULL, Object(Config\Cache), false)
#9 D:\Project\Codeigniter\sekolah\public\index.php(45): CodeIgniter\CodeIgniter->run()
#10 D:\Project\Codeigniter\sekolah\system\Commands\Server\rewrite.php(34): require_once('D:\\Project\\Code...')
#11 {main}
CRITICAL - 2021-01-27 08:12:50 --> Cannot delete or update a parent row: a foreign key constraint fails (`sekolah_ci4`.`kelas`, CONSTRAINT `kelas_ibfk_1` FOREIGN KEY (`guru_id`) REFERENCES `guru` (`guru_id`) ON DELETE NO ACTION ON UPDATE NO ACTION)
#0 D:\Project\Codeigniter\sekolah\system\Database\MySQLi\Connection.php(331): mysqli->query('DELETE FROM `gu...')
#1 D:\Project\Codeigniter\sekolah\system\Database\BaseConnection.php(741): CodeIgniter\Database\MySQLi\Connection->execute('DELETE FROM `gu...')
#2 D:\Project\Codeigniter\sekolah\system\Database\BaseConnection.php(669): CodeIgniter\Database\BaseConnection->simpleQuery('DELETE FROM `gu...')
#3 D:\Project\Codeigniter\sekolah\system\Database\BaseBuilder.php(2853): CodeIgniter\Database\BaseConnection->query('DELETE FROM `gu...', Array, false)
#4 D:\Project\Codeigniter\sekolah\system\Model.php(977): CodeIgniter\Database\BaseBuilder->delete()
#5 D:\Project\Codeigniter\sekolah\app\Controllers\Guru.php(261): CodeIgniter\Model->delete(Array)
#6 D:\Project\Codeigniter\sekolah\system\CodeIgniter.php(918): App\Controllers\Guru->hapus()
#7 D:\Project\Codeigniter\sekolah\system\CodeIgniter.php(404): CodeIgniter\CodeIgniter->runController(Object(App\Controllers\Guru))
#8 D:\Project\Codeigniter\sekolah\system\CodeIgniter.php(312): CodeIgniter\CodeIgniter->handleRequest(NULL, Object(Config\Cache), false)
#9 D:\Project\Codeigniter\sekolah\public\index.php(45): CodeIgniter\CodeIgniter->run()
#10 D:\Project\Codeigniter\sekolah\system\Commands\Server\rewrite.php(34): require_once('D:\\Project\\Code...')
#11 {main}
CRITICAL - 2021-01-27 08:13:03 --> Cannot delete or update a parent row: a foreign key constraint fails (`sekolah_ci4`.`kelas`, CONSTRAINT `kelas_ibfk_1` FOREIGN KEY (`guru_id`) REFERENCES `guru` (`guru_id`) ON DELETE NO ACTION ON UPDATE NO ACTION)
#0 D:\Project\Codeigniter\sekolah\system\Database\MySQLi\Connection.php(331): mysqli->query('DELETE FROM `gu...')
#1 D:\Project\Codeigniter\sekolah\system\Database\BaseConnection.php(741): CodeIgniter\Database\MySQLi\Connection->execute('DELETE FROM `gu...')
#2 D:\Project\Codeigniter\sekolah\system\Database\BaseConnection.php(669): CodeIgniter\Database\BaseConnection->simpleQuery('DELETE FROM `gu...')
#3 D:\Project\Codeigniter\sekolah\system\Database\BaseBuilder.php(2853): CodeIgniter\Database\BaseConnection->query('DELETE FROM `gu...', Array, false)
#4 D:\Project\Codeigniter\sekolah\system\Model.php(977): CodeIgniter\Database\BaseBuilder->delete()
#5 D:\Project\Codeigniter\sekolah\app\Controllers\Guru.php(261): CodeIgniter\Model->delete(Array)
#6 D:\Project\Codeigniter\sekolah\system\CodeIgniter.php(918): App\Controllers\Guru->hapus()
#7 D:\Project\Codeigniter\sekolah\system\CodeIgniter.php(404): CodeIgniter\CodeIgniter->runController(Object(App\Controllers\Guru))
#8 D:\Project\Codeigniter\sekolah\system\CodeIgniter.php(312): CodeIgniter\CodeIgniter->handleRequest(NULL, Object(Config\Cache), false)
#9 D:\Project\Codeigniter\sekolah\public\index.php(45): CodeIgniter\CodeIgniter->run()
#10 D:\Project\Codeigniter\sekolah\system\Commands\Server\rewrite.php(34): require_once('D:\\Project\\Code...')
#11 {main}
CRITICAL - 2021-01-27 08:13:15 --> Cannot delete or update a parent row: a foreign key constraint fails (`sekolah_ci4`.`kelas`, CONSTRAINT `kelas_ibfk_1` FOREIGN KEY (`guru_id`) REFERENCES `guru` (`guru_id`) ON DELETE NO ACTION ON UPDATE NO ACTION)
#0 D:\Project\Codeigniter\sekolah\system\Database\MySQLi\Connection.php(331): mysqli->query('DELETE FROM `gu...')
#1 D:\Project\Codeigniter\sekolah\system\Database\BaseConnection.php(741): CodeIgniter\Database\MySQLi\Connection->execute('DELETE FROM `gu...')
#2 D:\Project\Codeigniter\sekolah\system\Database\BaseConnection.php(669): CodeIgniter\Database\BaseConnection->simpleQuery('DELETE FROM `gu...')
#3 D:\Project\Codeigniter\sekolah\system\Database\BaseBuilder.php(2853): CodeIgniter\Database\BaseConnection->query('DELETE FROM `gu...', Array, false)
#4 D:\Project\Codeigniter\sekolah\system\Model.php(977): CodeIgniter\Database\BaseBuilder->delete()
#5 D:\Project\Codeigniter\sekolah\app\Controllers\Guru.php(261): CodeIgniter\Model->delete(Array)
#6 D:\Project\Codeigniter\sekolah\system\CodeIgniter.php(918): App\Controllers\Guru->hapus()
#7 D:\Project\Codeigniter\sekolah\system\CodeIgniter.php(404): CodeIgniter\CodeIgniter->runController(Object(App\Controllers\Guru))
#8 D:\Project\Codeigniter\sekolah\system\CodeIgniter.php(312): CodeIgniter\CodeIgniter->handleRequest(NULL, Object(Config\Cache), false)
#9 D:\Project\Codeigniter\sekolah\public\index.php(45): CodeIgniter\CodeIgniter->run()
#10 D:\Project\Codeigniter\sekolah\system\Commands\Server\rewrite.php(34): require_once('D:\\Project\\Code...')
#11 {main}
CRITICAL - 2021-01-27 08:13:18 --> unlink(img/guru/751214.jpg): No such file or directory
#0 [internal function]: CodeIgniter\Debug\Exceptions->errorHandler(2, 'unlink(img/guru...', 'D:\\Project\\Code...', 258, Array)
#1 D:\Project\Codeigniter\sekolah\app\Controllers\Guru.php(258): unlink('img/guru/751214...')
#2 D:\Project\Codeigniter\sekolah\system\CodeIgniter.php(918): App\Controllers\Guru->hapus()
#3 D:\Project\Codeigniter\sekolah\system\CodeIgniter.php(404): CodeIgniter\CodeIgniter->runController(Object(App\Controllers\Guru))
#4 D:\Project\Codeigniter\sekolah\system\CodeIgniter.php(312): CodeIgniter\CodeIgniter->handleRequest(NULL, Object(Config\Cache), false)
#5 D:\Project\Codeigniter\sekolah\public\index.php(45): CodeIgniter\CodeIgniter->run()
#6 D:\Project\Codeigniter\sekolah\system\Commands\Server\rewrite.php(34): require_once('D:\\Project\\Code...')
#7 {main}
CRITICAL - 2021-01-27 08:13:21 --> Cannot delete or update a parent row: a foreign key constraint fails (`sekolah_ci4`.`kelas`, CONSTRAINT `kelas_ibfk_1` FOREIGN KEY (`guru_id`) REFERENCES `guru` (`guru_id`) ON DELETE NO ACTION ON UPDATE NO ACTION)
#0 D:\Project\Codeigniter\sekolah\system\Database\MySQLi\Connection.php(331): mysqli->query('DELETE FROM `gu...')
#1 D:\Project\Codeigniter\sekolah\system\Database\BaseConnection.php(741): CodeIgniter\Database\MySQLi\Connection->execute('DELETE FROM `gu...')
#2 D:\Project\Codeigniter\sekolah\system\Database\BaseConnection.php(669): CodeIgniter\Database\BaseConnection->simpleQuery('DELETE FROM `gu...')
#3 D:\Project\Codeigniter\sekolah\system\Database\BaseBuilder.php(2853): CodeIgniter\Database\BaseConnection->query('DELETE FROM `gu...', Array, false)
#4 D:\Project\Codeigniter\sekolah\system\Model.php(977): CodeIgniter\Database\BaseBuilder->delete()
#5 D:\Project\Codeigniter\sekolah\app\Controllers\Guru.php(261): CodeIgniter\Model->delete(Array)
#6 D:\Project\Codeigniter\sekolah\system\CodeIgniter.php(918): App\Controllers\Guru->hapus()
#7 D:\Project\Codeigniter\sekolah\system\CodeIgniter.php(404): CodeIgniter\CodeIgniter->runController(Object(App\Controllers\Guru))
#8 D:\Project\Codeigniter\sekolah\system\CodeIgniter.php(312): CodeIgniter\CodeIgniter->handleRequest(NULL, Object(Config\Cache), false)
#9 D:\Project\Codeigniter\sekolah\public\index.php(45): CodeIgniter\CodeIgniter->run()
#10 D:\Project\Codeigniter\sekolah\system\Commands\Server\rewrite.php(34): require_once('D:\\Project\\Code...')
#11 {main}
